---------------------------------------------------------------
[ 2018-11-05T19:53:41+08:00 ] 0.0.0.0 115.53.175.72 GET /addons/yb_shop/core/index.php
[ error ] [2]Class __PHP_Incomplete_Class has no unserializer[D:\Hostweb\wbwx.xcweibao.com\addons\yb_shop\core\thinkphp\library\think\Session.php:307]
[ error ] [8]Undefined variable: seried[D:\Hostweb\wbwx.xcweibao.com\framework\function\global.func.php:244]
[ error ] [8]Undefined offset: 1[D:\Hostweb\wbwx.xcweibao.com\framework\class\db.class.php:708]
[ error ] [8]Undefined variable: seried[D:\Hostweb\wbwx.xcweibao.com\framework\function\global.func.php:244]
[ error ] [8]Undefined index: remote[D:\Hostweb\wbwx.xcweibao.com\framework\model\setting.mod.php:48]
[ error ] [8]Undefined index: remote[D:\Hostweb\wbwx.xcweibao.com\framework\model\setting.mod.php:48]
[ error ] [2]scandir() has been disabled for security reasons[D:\Hostweb\wbwx.xcweibao.com\addons\yb_shop\core\thinkphp\library\think\App.php:444]
[ error ] [2]Invalid argument supplied for foreach()[D:\Hostweb\wbwx.xcweibao.com\addons\yb_shop\core\thinkphp\library\think\App.php:445]
[ error ] [8]未定义数组下标: 1
[ sql ] [ DB ] CONNECT:[ UseTime:0.001953s ] mysql:host=127.0.0.1;port=3306;dbname=wbwx;charset=utf8
[ sql ] [ SQL ] SHOW COLUMNS FROM `ims_ybsc_business` [ RunTime:0.019531s ]
[ sql ] [ SQL ] SELECT * FROM `ims_ybsc_business` WHERE  `id` = 2 LIMIT 1 [ RunTime:0.001953s ]
[ sql ] [ SQL ] SHOW COLUMNS FROM `ims_ybsc_config` [ RunTime:0.019532s ]
[ sql ] [ SQL ] SELECT * FROM `ims_ybsc_config` WHERE  `mch_id` = 2 LIMIT 1 [ RunTime:0.000000s ]
[ sql ] [ SQL ] UPDATE `ims_ybsc_config`  SET `id`=2,`key`='WXPAY',`value`='{\"APP_ID\":\"wx5df84644cdbd8835\",\"APP_NAME\":\"\\u5fae\\u5b9d\\u7f51\\u7edc\",\"APP_SECRET\":\"91ba2cc99fba1ec2da4ba987b76a442e\",\"APP_MCHID\":\"\",\"APP_URL\":\"https:\\/\\/wbwx.xcweibao.com\\/addons\\/yb_shop\\/core\\/pay.php\",\"APP_URL_BG\":\"https:\\/\\/wbwx.xcweibao.com\\/addons\\/yb_shop\\/core\\/bargain_pay.php\",\"APP_KEY\":\"\",\"APP_URL_PT\":\"https:\\/\\/wbwx.xcweibao.com\\/addons\\/yb_shop\\/core\\/pt_pay.php\",\"PAY_TYPE\":\"0\"}',`value2`='',`info`='微信支付',`is_use`=1,`mch_id`=2,`modify_time`=1539594585  WHERE  `mch_id` = 2 [ RunTime:0.000000s ]
[ sql ] [ SQL ] SHOW COLUMNS FROM `ims_ybsc_bus_module` [ RunTime:0.016601s ]
[ sql ] [ SQL ] SELECT COUNT(module_id) AS tp_count FROM `ims_ybsc_bus_module` WHERE  `controller` = 'Index'  AND `method` = 'index' LIMIT 1 [ RunTime:0.000977s ]
[ sql ] [ SQL ] SELECT * FROM `ims_ybsc_bus_module` WHERE  `controller` = 'Index'  AND `method` = 'index' LIMIT 1 [ RunTime:0.000977s ]
[ sql ] [ SQL ] SHOW COLUMNS FROM `ims_ybsc_business_about` [ RunTime:0.016601s ]
[ sql ] [ SQL ] SELECT * FROM `ims_ybsc_business_about` WHERE  `mch_id` = 2 LIMIT 1 [ RunTime:0.000976s ]
[ sql ] [ SQL ] SELECT COUNT(*) AS tp_count FROM `ims_ybsc_bus_module` WHERE  `module_id` = 233 LIMIT 1 [ RunTime:0.000977s ]
[ sql ] [ SQL ] SELECT `pid`,`level` FROM `ims_ybsc_bus_module` WHERE  `module_id` = 233  AND `pid` <> 0 LIMIT 1 [ RunTime:0.000976s ]
[ sql ] [ SQL ] SELECT `module_id`,`module_name`,`controller`,`method`,`pid`,`url`,`is_menu`,`is_control_auth`,`logo` FROM `ims_ybsc_bus_module` WHERE  `pid` = 0  AND `is_menu` = 1 ORDER BY `sort` [ RunTime:0.000977s ]
[ sql ] [ SQL ] SHOW COLUMNS FROM `ims_ybsc_user_permission` [ RunTime:0.019531s ]
[ sql ] [ SQL ] SELECT * FROM `ims_ybsc_user_permission` WHERE  `user_id` = 1 LIMIT 1 [ RunTime:0.000976s ]
[ sql ] [ SQL ] SELECT * FROM `ims_ybsc_bus_module` WHERE  `is_menu` = 1 ORDER BY sort asc,module_id asc [ RunTime:0.001953s ]
[ sql ] [ SQL ] SHOW COLUMNS FROM `ims_ybsc_copyright` [ RunTime:0.016602s ]
[ sql ] [ SQL ] SELECT * FROM `ims_ybsc_copyright` WHERE  `id` = 1 LIMIT 1 [ RunTime:0.000000s ]
[ sql ] [ SQL ] SELECT * FROM `ims_ybsc_copyright` WHERE  `id` = 1 LIMIT 1 [ RunTime:0.000000s ]
[ sql ] [ SQL ] SHOW COLUMNS FROM `ims_account` [ RunTime:0.016602s ]
[ sql ] [ SQL ] SELECT `endtime` FROM `ims_account` WHERE  `uniacid` = 2 LIMIT 1 [ RunTime:0.000976s ]
[ sql ] [ SQL ] SHOW COLUMNS FROM `ims_ybsc_order` [ RunTime:0.013672s ]
[ sql ] [ SQL ] SELECT COUNT(*) AS tp_count FROM `ims_ybsc_order` WHERE  `mch_id` = 2  AND `is_deleted` = 0  AND `order_status` <> -1 LIMIT 1 [ RunTime:0.000977s ]
[ sql ] [ SQL ] SELECT SUM(pay_money) AS tp_sum FROM `ims_ybsc_order` WHERE  `mch_id` = 2  AND ( `order_status` IN (1,2,3) )  AND `is_deleted` = 0 LIMIT 1 [ RunTime:0.000000s ]
[ sql ] [ SQL ] SELECT COUNT(*) AS tp_count FROM `ims_ybsc_order` WHERE  `mch_id` = 2  AND `create_time` >  1541001600  AND `is_deleted` = 0 LIMIT 1 [ RunTime:0.000000s ]
[ sql ] [ SQL ] SELECT COUNT(*) AS tp_count FROM `ims_ybsc_order` WHERE  `mch_id` = 2  AND `order_status` = 3  AND `is_deleted` = 0 LIMIT 1 [ RunTime:0.000000s ]
[ sql ] [ SQL ] SELECT COUNT(*) AS tp_count FROM `ims_ybsc_order` WHERE  `order_status` = 0  AND `activity_order_type` = 0  AND `mch_id` = 2  AND `is_deleted` = 0 LIMIT 1 [ RunTime:0.000000s ]
[ sql ] [ SQL ] SELECT COUNT(*) AS tp_count FROM `ims_ybsc_order` WHERE  `order_status` = 1  AND `activity_order_type` = 0  AND `mch_id` = 2  AND `is_deleted` = 0 LIMIT 1 [ RunTime:0.000000s ]
[ sql ] [ SQL ] SELECT COUNT(*) AS tp_count FROM `ims_ybsc_order` WHERE  `order_status` = 2  AND `activity_order_type` = 0  AND `mch_id` = 2  AND `is_deleted` = 0 LIMIT 1 [ RunTime:0.000000s ]
[ sql ] [ SQL ] SELECT COUNT(*) AS tp_count FROM `ims_ybsc_order` WHERE  `order_status` = 3  AND `activity_order_type` = 0  AND `mch_id` = 2  AND `is_deleted` = 0 LIMIT 1 [ RunTime:0.000976s ]
[ sql ] [ SQL ] SELECT COUNT(*) AS tp_count FROM `ims_ybsc_order` WHERE  `order_status` = -1  AND `activity_order_type` = 0  AND `mch_id` = 2  AND `is_deleted` = 0 LIMIT 1 [ RunTime:0.000977s ]
[ sql ] [ SQL ] SHOW COLUMNS FROM `ims_ybsc_goods` [ RunTime:0.017578s ]
[ sql ] [ SQL ] SELECT COUNT(*) AS tp_count FROM `ims_ybsc_goods` WHERE  `mch_id` = 2  AND `is_del` = 0 LIMIT 1 [ RunTime:0.000976s ]
[ sql ] [ SQL ] SHOW COLUMNS FROM `ims_ybsc_user` [ RunTime:0.017578s ]
[ sql ] [ SQL ] SELECT COUNT(*) AS tp_count FROM `ims_ybsc_user` WHERE  `mch_id` = 2 LIMIT 1 [ RunTime:0.000977s ]
[ sql ] [ SQL ] SELECT * FROM `ims_ybsc_business` WHERE  `id` = 2 LIMIT 1 [ RunTime:0.000000s ]
---------------------------------------------------------------
[ 2018-11-05T19:53:43+08:00 ] 0.0.0.0 115.53.175.72 POST /addons/yb_shop/core/index.php?s=/admin/count/OrderCount
[ error ] [2]Class __PHP_Incomplete_Class has no unserializer[D:\Hostweb\wbwx.xcweibao.com\addons\yb_shop\core\thinkphp\library\think\Session.php:307]
[ error ] [8]Undefined variable: seried[D:\Hostweb\wbwx.xcweibao.com\framework\function\global.func.php:244]
[ error ] [8]Undefined offset: 1[D:\Hostweb\wbwx.xcweibao.com\framework\class\db.class.php:708]
[ error ] [8]Undefined variable: seried[D:\Hostweb\wbwx.xcweibao.com\framework\function\global.func.php:244]
[ error ] [8]Undefined index: remote[D:\Hostweb\wbwx.xcweibao.com\framework\model\setting.mod.php:48]
[ error ] [8]Undefined index: remote[D:\Hostweb\wbwx.xcweibao.com\framework\model\setting.mod.php:48]
[ error ] [2]scandir() has been disabled for security reasons[D:\Hostweb\wbwx.xcweibao.com\addons\yb_shop\core\thinkphp\library\think\App.php:444]
[ error ] [2]Invalid argument supplied for foreach()[D:\Hostweb\wbwx.xcweibao.com\addons\yb_shop\core\thinkphp\library\think\App.php:445]
[ sql ] [ DB ] CONNECT:[ UseTime:0.011719s ] mysql:host=127.0.0.1;port=3306;dbname=wbwx;charset=utf8
[ sql ] [ SQL ] SHOW COLUMNS FROM `ims_ybsc_business` [ RunTime:0.020508s ]
[ sql ] [ SQL ] SELECT * FROM `ims_ybsc_business` WHERE  `id` = 2 LIMIT 1 [ RunTime:0.000977s ]
[ sql ] [ SQL ] SHOW COLUMNS FROM `ims_ybsc_config` [ RunTime:0.018555s ]
[ sql ] [ SQL ] SELECT * FROM `ims_ybsc_config` WHERE  `mch_id` = 2 LIMIT 1 [ RunTime:0.000976s ]
[ sql ] [ SQL ] UPDATE `ims_ybsc_config`  SET `id`=2,`key`='WXPAY',`value`='{\"APP_ID\":\"wx5df84644cdbd8835\",\"APP_NAME\":\"\\u5fae\\u5b9d\\u7f51\\u7edc\",\"APP_SECRET\":\"91ba2cc99fba1ec2da4ba987b76a442e\",\"APP_MCHID\":\"\",\"APP_URL\":\"https:\\/\\/wbwx.xcweibao.com\\/addons\\/yb_shop\\/core\\/pay.php\",\"APP_URL_BG\":\"https:\\/\\/wbwx.xcweibao.com\\/addons\\/yb_shop\\/core\\/bargain_pay.php\",\"APP_KEY\":\"\",\"APP_URL_PT\":\"https:\\/\\/wbwx.xcweibao.com\\/addons\\/yb_shop\\/core\\/pt_pay.php\",\"PAY_TYPE\":\"0\"}',`value2`='',`info`='微信支付',`is_use`=1,`mch_id`=2,`modify_time`=1539594585  WHERE  `mch_id` = 2 [ RunTime:0.000977s ]
[ sql ] [ SQL ] SHOW COLUMNS FROM `ims_ybsc_bus_module` [ RunTime:0.018555s ]
[ sql ] [ SQL ] SELECT COUNT(module_id) AS tp_count FROM `ims_ybsc_bus_module` WHERE  `controller` = 'Count'  AND `method` = 'ordercount' LIMIT 1 [ RunTime:0.000000s ]
[ sql ] [ SQL ] SELECT * FROM `ims_ybsc_bus_module` WHERE  `controller` = 'Count'  AND `method` = 'ordercount' LIMIT 1 [ RunTime:0.000000s ]
[ sql ] [ SQL ] SHOW COLUMNS FROM `ims_ybsc_business_about` [ RunTime:0.018554s ]
[ sql ] [ SQL ] SELECT * FROM `ims_ybsc_business_about` WHERE  `mch_id` = 2 LIMIT 1 [ RunTime:0.000976s ]
[ sql ] [ SQL ] SELECT COUNT(*) AS tp_count FROM `ims_ybsc_bus_module` WHERE  `module_id` = 151 LIMIT 1 [ RunTime:0.000977s ]
[ sql ] [ SQL ] SELECT `pid`,`level` FROM `ims_ybsc_bus_module` WHERE  `module_id` = 151  AND `pid` <> 0 LIMIT 1 [ RunTime:0.000977s ]
[ sql ] [ SQL ] SELECT `pid`,`module_id`,`level` FROM `ims_ybsc_bus_module` WHERE  `module_id` = 12  AND `pid` <> 0 LIMIT 1 [ RunTime:0.000976s ]
[ sql ] [ SQL ] SELECT `module_id`,`module_name`,`controller`,`method`,`pid`,`url`,`is_menu`,`is_control_auth`,`logo` FROM `ims_ybsc_bus_module` WHERE  `pid` = 0  AND `is_menu` = 1 ORDER BY `sort` [ RunTime:0.000977s ]
[ sql ] [ SQL ] SHOW COLUMNS FROM `ims_ybsc_user_permission` [ RunTime:0.018554s ]
[ sql ] [ SQL ] SELECT * FROM `ims_ybsc_user_permission` WHERE  `user_id` = 1 LIMIT 1 [ RunTime:0.000977s ]
[ sql ] [ SQL ] SELECT * FROM `ims_ybsc_bus_module` WHERE  `is_menu` = 1 ORDER BY sort asc,module_id asc [ RunTime:0.000976s ]
[ sql ] [ SQL ] SHOW COLUMNS FROM `ims_ybsc_copyright` [ RunTime:0.018555s ]
[ sql ] [ SQL ] SELECT * FROM `ims_ybsc_copyright` WHERE  `id` = 1 LIMIT 1 [ RunTime:0.000976s ]
[ sql ] [ SQL ] SELECT * FROM `ims_ybsc_copyright` WHERE  `id` = 1 LIMIT 1 [ RunTime:0.000000s ]
[ sql ] [ SQL ] SHOW COLUMNS FROM `ims_account` [ RunTime:0.020508s ]
[ sql ] [ SQL ] SELECT `endtime` FROM `ims_account` WHERE  `uniacid` = 2 LIMIT 1 [ RunTime:0.000000s ]
[ sql ] [ SQL ] SHOW COLUMNS FROM `ims_ybsc_order` [ RunTime:0.021484s ]
[ sql ] [ SQL ] SELECT COUNT(*) AS tp_count FROM `ims_ybsc_order` WHERE  `mch_id` = 2  AND `create_time` >  1541001600 LIMIT 1 [ RunTime:0.000000s ]
[ sql ] [ SQL ] SELECT SUM(order_money) AS tp_sum FROM `ims_ybsc_order` WHERE  `mch_id` = 2  AND `order_status` NOT IN (5)  AND `create_time` >  1541001600 LIMIT 1 [ RunTime:0.000977s ]
[ sql ] [ SQL ] SELECT COUNT(*) AS tp_count FROM `ims_ybsc_order` WHERE  `mch_id` = 2  AND `create_time` BETWEEN 1541001600 AND 1541087999 LIMIT 1 [ RunTime:0.000000s ]
[ sql ] [ SQL ] SELECT COUNT(*) AS tp_count FROM `ims_ybsc_order` WHERE  `mch_id` = 2  AND `create_time` BETWEEN 1541088000 AND 1541174399 LIMIT 1 [ RunTime:0.000000s ]
[ sql ] [ SQL ] SELECT COUNT(*) AS tp_count FROM `ims_ybsc_order` WHERE  `mch_id` = 2  AND `create_time` BETWEEN 1541174400 AND 1541260799 LIMIT 1 [ RunTime:0.000000s ]
[ sql ] [ SQL ] SELECT COUNT(*) AS tp_count FROM `ims_ybsc_order` WHERE  `mch_id` = 2  AND `create_time` BETWEEN 1541260800 AND 1541347199 LIMIT 1 [ RunTime:0.000000s ]
[ sql ] [ SQL ] SELECT COUNT(*) AS tp_count FROM `ims_ybsc_order` WHERE  `mch_id` = 2  AND `create_time` BETWEEN 1541347200 AND 1541433599 LIMIT 1 [ RunTime:0.000976s ]
[ sql ] [ SQL ] SELECT COUNT(*) AS tp_count FROM `ims_ybsc_order` WHERE  `mch_id` = 2  AND `create_time` BETWEEN 1541433600 AND 1541519999 LIMIT 1 [ RunTime:0.000977s ]
[ sql ] [ SQL ] SELECT COUNT(*) AS tp_count FROM `ims_ybsc_order` WHERE  `mch_id` = 2  AND `create_time` BETWEEN 1541520000 AND 1541606399 LIMIT 1 [ RunTime:0.000976s ]
[ sql ] [ SQL ] SELECT COUNT(*) AS tp_count FROM `ims_ybsc_order` WHERE  `mch_id` = 2  AND `create_time` BETWEEN 1541606400 AND 1541692799 LIMIT 1 [ RunTime:0.000000s ]
[ sql ] [ SQL ] SELECT COUNT(*) AS tp_count FROM `ims_ybsc_order` WHERE  `mch_id` = 2  AND `create_time` BETWEEN 1541692800 AND 1541779199 LIMIT 1 [ RunTime:0.000000s ]
[ sql ] [ SQL ] SELECT COUNT(*) AS tp_count FROM `ims_ybsc_order` WHERE  `mch_id` = 2  AND `create_time` BETWEEN 1541779200 AND 1541865599 LIMIT 1 [ RunTime:0.000000s ]
[ sql ] [ SQL ] SELECT COUNT(*) AS tp_count FROM `ims_ybsc_order` WHERE  `mch_id` = 2  AND `create_time` BETWEEN 1541865600 AND 1541951999 LIMIT 1 [ RunTime:0.000000s ]
[ sql ] [ SQL ] SELECT COUNT(*) AS tp_count FROM `ims_ybsc_order` WHERE  `mch_id` = 2  AND `create_time` BETWEEN 1541952000 AND 1542038399 LIMIT 1 [ RunTime:0.000000s ]
[ sql ] [ SQL ] SELECT COUNT(*) AS tp_count FROM `ims_ybsc_order` WHERE  `mch_id` = 2  AND `create_time` BETWEEN 1542038400 AND 1542124799 LIMIT 1 [ RunTime:0.000977s ]
[ sql ] [ SQL ] SELECT COUNT(*) AS tp_count FROM `ims_ybsc_order` WHERE  `mch_id` = 2  AND `create_time` BETWEEN 1542124800 AND 1542211199 LIMIT 1 [ RunTime:0.000977s ]
[ sql ] [ SQL ] SELECT COUNT(*) AS tp_count FROM `ims_ybsc_order` WHERE  `mch_id` = 2  AND `create_time` BETWEEN 1542211200 AND 1542297599 LIMIT 1 [ RunTime:0.000976s ]
[ sql ] [ SQL ] SELECT COUNT(*) AS tp_count FROM `ims_ybsc_order` WHERE  `mch_id` = 2  AND `create_time` BETWEEN 1542297600 AND 1542383999 LIMIT 1 [ RunTime:0.000000s ]
[ sql ] [ SQL ] SELECT COUNT(*) AS tp_count FROM `ims_ybsc_order` WHERE  `mch_id` = 2  AND `create_time` BETWEEN 1542384000 AND 1542470399 LIMIT 1 [ RunTime:0.000000s ]
[ sql ] [ SQL ] SELECT COUNT(*) AS tp_count FROM `ims_ybsc_order` WHERE  `mch_id` = 2  AND `create_time` BETWEEN 1542470400 AND 1542556799 LIMIT 1 [ RunTime:0.000000s ]
[ sql ] [ SQL ] SELECT COUNT(*) AS tp_count FROM `ims_ybsc_order` WHERE  `mch_id` = 2  AND `create_time` BETWEEN 1542556800 AND 1542643199 LIMIT 1 [ RunTime:0.000000s ]
[ sql ] [ SQL ] SELECT COUNT(*) AS tp_count FROM `ims_ybsc_order` WHERE  `mch_id` = 2  AND `create_time` BETWEEN 1542643200 AND 1542729599 LIMIT 1 [ RunTime:0.000976s ]
[ sql ] [ SQL ] SELECT COUNT(*) AS tp_count FROM `ims_ybsc_order` WHERE  `mch_id` = 2  AND `create_time` BETWEEN 1542729600 AND 1542815999 LIMIT 1 [ RunTime:0.000977s ]
[ sql ] [ SQL ] SELECT COUNT(*) AS tp_count FROM `ims_ybsc_order` WHERE  `mch_id` = 2  AND `create_time` BETWEEN 1542816000 AND 1542902399 LIMIT 1 [ RunTime:0.000977s ]
[ sql ] [ SQL ] SELECT COUNT(*) AS tp_count FROM `ims_ybsc_order` WHERE  `mch_id` = 2  AND `create_time` BETWEEN 1542902400 AND 1542988799 LIMIT 1 [ RunTime:0.000000s ]
[ sql ] [ SQL ] SELECT COUNT(*) AS tp_count FROM `ims_ybsc_order` WHERE  `mch_id` = 2  AND `create_time` BETWEEN 1542988800 AND 1543075199 LIMIT 1 [ RunTime:0.000000s ]
[ sql ] [ SQL ] SELECT COUNT(*) AS tp_count FROM `ims_ybsc_order` WHERE  `mch_id` = 2  AND `create_time` BETWEEN 1543075200 AND 1543161599 LIMIT 1 [ RunTime:0.000000s ]
[ sql ] [ SQL ] SELECT COUNT(*) AS tp_count FROM `ims_ybsc_order` WHERE  `mch_id` = 2  AND `create_time` BETWEEN 1543161600 AND 1543247999 LIMIT 1 [ RunTime:0.000000s ]
[ sql ] [ SQL ] SELECT COUNT(*) AS tp_count FROM `ims_ybsc_order` WHERE  `mch_id` = 2  AND `create_time` BETWEEN 1543248000 AND 1543334399 LIMIT 1 [ RunTime:0.000000s ]
[ sql ] [ SQL ] SELECT COUNT(*) AS tp_count FROM `ims_ybsc_order` WHERE  `mch_id` = 2  AND `create_time` BETWEEN 1543334400 AND 1543420799 LIMIT 1 [ RunTime:0.000976s ]
[ sql ] [ SQL ] SELECT COUNT(*) AS tp_count FROM `ims_ybsc_order` WHERE  `mch_id` = 2  AND `create_time` BETWEEN 1543420800 AND 1543507199 LIMIT 1 [ RunTime:0.000977s ]
[ sql ] [ SQL ] SELECT COUNT(*) AS tp_count FROM `ims_ybsc_order` WHERE  `mch_id` = 2  AND `create_time` BETWEEN 1543507200 AND 1543593599 LIMIT 1 [ RunTime:0.000976s ]
---------------------------------------------------------------
[ 2018-11-05T19:53:47+08:00 ] 0.0.0.0 115.53.175.72 GET /addons/yb_shop/core/index.php?s=/admin/publish/wxapp
[ error ] [2]Class __PHP_Incomplete_Class has no unserializer[D:\Hostweb\wbwx.xcweibao.com\addons\yb_shop\core\thinkphp\library\think\Session.php:307]
[ error ] [8]Undefined variable: seried[D:\Hostweb\wbwx.xcweibao.com\framework\function\global.func.php:244]
[ error ] [8]Undefined offset: 1[D:\Hostweb\wbwx.xcweibao.com\framework\class\db.class.php:708]
[ error ] [8]Undefined variable: seried[D:\Hostweb\wbwx.xcweibao.com\framework\function\global.func.php:244]
[ error ] [8]Undefined index: remote[D:\Hostweb\wbwx.xcweibao.com\framework\model\setting.mod.php:48]
[ error ] [8]Undefined index: remote[D:\Hostweb\wbwx.xcweibao.com\framework\model\setting.mod.php:48]
[ error ] [2]scandir() has been disabled for security reasons[D:\Hostweb\wbwx.xcweibao.com\addons\yb_shop\core\thinkphp\library\think\App.php:444]
[ error ] [2]Invalid argument supplied for foreach()[D:\Hostweb\wbwx.xcweibao.com\addons\yb_shop\core\thinkphp\library\think\App.php:445]
[ sql ] [ DB ] CONNECT:[ UseTime:0.000977s ] mysql:host=127.0.0.1;port=3306;dbname=wbwx;charset=utf8
[ sql ] [ SQL ] SHOW COLUMNS FROM `ims_ybsc_business` [ RunTime:0.018555s ]
[ sql ] [ SQL ] SELECT * FROM `ims_ybsc_business` WHERE  `id` = 2 LIMIT 1 [ RunTime:0.000977s ]
[ sql ] [ SQL ] SHOW COLUMNS FROM `ims_ybsc_config` [ RunTime:0.020508s ]
[ sql ] [ SQL ] SELECT * FROM `ims_ybsc_config` WHERE  `mch_id` = 2 LIMIT 1 [ RunTime:0.000977s ]
[ sql ] [ SQL ] UPDATE `ims_ybsc_config`  SET `id`=2,`key`='WXPAY',`value`='{\"APP_ID\":\"wx5df84644cdbd8835\",\"APP_NAME\":\"\\u5fae\\u5b9d\\u7f51\\u7edc\",\"APP_SECRET\":\"91ba2cc99fba1ec2da4ba987b76a442e\",\"APP_MCHID\":\"\",\"APP_URL\":\"https:\\/\\/wbwx.xcweibao.com\\/addons\\/yb_shop\\/core\\/pay.php\",\"APP_URL_BG\":\"https:\\/\\/wbwx.xcweibao.com\\/addons\\/yb_shop\\/core\\/bargain_pay.php\",\"APP_KEY\":\"\",\"APP_URL_PT\":\"https:\\/\\/wbwx.xcweibao.com\\/addons\\/yb_shop\\/core\\/pt_pay.php\",\"PAY_TYPE\":\"0\"}',`value2`='',`info`='微信支付',`is_use`=1,`mch_id`=2,`modify_time`=1539594585  WHERE  `mch_id` = 2 [ RunTime:0.000000s ]
[ sql ] [ SQL ] SHOW COLUMNS FROM `ims_ybsc_bus_module` [ RunTime:0.018554s ]
[ sql ] [ SQL ] SELECT COUNT(module_id) AS tp_count FROM `ims_ybsc_bus_module` WHERE  `controller` = 'Publish'  AND `method` = 'wxapp' LIMIT 1 [ RunTime:0.000000s ]
[ sql ] [ SQL ] SELECT * FROM `ims_ybsc_bus_module` WHERE  `controller` = 'Publish'  AND `method` = 'wxapp' LIMIT 1 [ RunTime:0.000976s ]
[ sql ] [ SQL ] SHOW COLUMNS FROM `ims_ybsc_business_about` [ RunTime:0.018555s ]
[ sql ] [ SQL ] SELECT * FROM `ims_ybsc_business_about` WHERE  `mch_id` = 2 LIMIT 1 [ RunTime:0.000000s ]
[ sql ] [ SQL ] SELECT COUNT(*) AS tp_count FROM `ims_ybsc_bus_module` WHERE  `module_id` = 268 LIMIT 1 [ RunTime:0.000000s ]
[ sql ] [ SQL ] SELECT `pid`,`level` FROM `ims_ybsc_bus_module` WHERE  `module_id` = 268  AND `pid` <> 0 LIMIT 1 [ RunTime:0.000000s ]
[ sql ] [ SQL ] SELECT `pid`,`module_id`,`level` FROM `ims_ybsc_bus_module` WHERE  `module_id` = 240  AND `pid` <> 0 LIMIT 1 [ RunTime:0.000000s ]
[ sql ] [ SQL ] SELECT `module_id`,`module_name`,`controller`,`method`,`pid`,`url`,`is_menu`,`is_control_auth`,`logo` FROM `ims_ybsc_bus_module` WHERE  `pid` = 0  AND `is_menu` = 1 ORDER BY `sort` [ RunTime:0.000977s ]
[ sql ] [ SQL ] SHOW COLUMNS FROM `ims_ybsc_user_permission` [ RunTime:0.019531s ]
[ sql ] [ SQL ] SELECT * FROM `ims_ybsc_user_permission` WHERE  `user_id` = 1 LIMIT 1 [ RunTime:0.000000s ]
[ sql ] [ SQL ] SELECT * FROM `ims_ybsc_bus_module` WHERE  `is_menu` = 1 ORDER BY sort asc,module_id asc [ RunTime:0.000977s ]
[ sql ] [ SQL ] SHOW COLUMNS FROM `ims_ybsc_copyright` [ RunTime:0.017578s ]
[ sql ] [ SQL ] SELECT * FROM `ims_ybsc_copyright` WHERE  `id` = 1 LIMIT 1 [ RunTime:0.000000s ]
[ sql ] [ SQL ] SELECT * FROM `ims_ybsc_copyright` WHERE  `id` = 1 LIMIT 1 [ RunTime:0.000000s ]
[ sql ] [ SQL ] SHOW COLUMNS FROM `ims_account` [ RunTime:0.018555s ]
[ sql ] [ SQL ] SELECT `endtime` FROM `ims_account` WHERE  `uniacid` = 2 LIMIT 1 [ RunTime:0.000977s ]
[ sql ] [ SQL ] SHOW COLUMNS FROM `ims_ybsc_user_tmpl` [ RunTime:0.020508s ]
[ sql ] [ SQL ] SELECT * FROM `ims_ybsc_user_tmpl` WHERE  `mch_id` = 2 LIMIT 1 [ RunTime:0.002929s ]
[ sql ] [ SQL ] SHOW COLUMNS FROM `ims_wxapp_versions` [ RunTime:0.018555s ]
[ sql ] [ SQL ] SELECT `version` FROM `ims_wxapp_versions` WHERE  `id` = 4  AND `uniacid` = 2 LIMIT 1 [ RunTime:0.000976s ]
---------------------------------------------------------------
[ 2018-11-05T19:55:03+08:00 ] 0.0.0.0 118.24.9.213 GET /addons/yb_shop/core/index.php?s=/admin/api/upwxversion&version=1.0.67&last_version=1.0.67&busid=2
[ error ] [8]Undefined index: user[D:\Hostweb\wbwx.xcweibao.com\addons\yb_shop\core\application\config.php:30]
[ error ] [8]Undefined index: account[D:\Hostweb\wbwx.xcweibao.com\addons\yb_shop\core\application\config.php:31]
[ error ] [2]scandir() has been disabled for security reasons[D:\Hostweb\wbwx.xcweibao.com\addons\yb_shop\core\thinkphp\library\think\App.php:444]
[ error ] [2]Invalid argument supplied for foreach()[D:\Hostweb\wbwx.xcweibao.com\addons\yb_shop\core\thinkphp\library\think\App.php:445]
[ sql ] [ DB ] CONNECT:[ UseTime:0.000976s ] mysql:host=127.0.0.1;port=3306;dbname=wbwx;charset=utf8
[ sql ] [ SQL ] SHOW COLUMNS FROM `ims_wxapp_versions` [ RunTime:0.016601s ]
[ sql ] [ SQL ] SELECT * FROM `ims_wxapp_versions` WHERE  `version` = '1.0.67'  AND `uniacid` = 2 ORDER BY id desc LIMIT 1 [ RunTime:0.000977s ]
[ sql ] [ SQL ] UPDATE `ims_wxapp_versions`  SET `version`='1.0.67'  WHERE  `id` = 4 [ RunTime:0.000000s ]
---------------------------------------------------------------
[ 2018-11-05T19:56:28+08:00 ] 0.0.0.0 115.53.175.72 GET /addons/yb_shop/core/index.php?s=/admin/config/wx_upload
[ error ] [2]Class __PHP_Incomplete_Class has no unserializer[D:\Hostweb\wbwx.xcweibao.com\addons\yb_shop\core\thinkphp\library\think\Session.php:307]
[ error ] [8]Undefined variable: seried[D:\Hostweb\wbwx.xcweibao.com\framework\function\global.func.php:244]
[ error ] [8]Undefined offset: 1[D:\Hostweb\wbwx.xcweibao.com\framework\class\db.class.php:708]
[ error ] [8]Undefined variable: seried[D:\Hostweb\wbwx.xcweibao.com\framework\function\global.func.php:244]
[ error ] [8]Undefined index: remote[D:\Hostweb\wbwx.xcweibao.com\framework\model\setting.mod.php:48]
[ error ] [8]Undefined index: remote[D:\Hostweb\wbwx.xcweibao.com\framework\model\setting.mod.php:48]
[ error ] [2]scandir() has been disabled for security reasons[D:\Hostweb\wbwx.xcweibao.com\addons\yb_shop\core\thinkphp\library\think\App.php:444]
[ error ] [2]Invalid argument supplied for foreach()[D:\Hostweb\wbwx.xcweibao.com\addons\yb_shop\core\thinkphp\library\think\App.php:445]
[ sql ] [ DB ] CONNECT:[ UseTime:0.000977s ] mysql:host=127.0.0.1;port=3306;dbname=wbwx;charset=utf8
[ sql ] [ SQL ] SHOW COLUMNS FROM `ims_ybsc_business` [ RunTime:0.017578s ]
[ sql ] [ SQL ] SELECT * FROM `ims_ybsc_business` WHERE  `id` = 2 LIMIT 1 [ RunTime:0.000977s ]
[ sql ] [ SQL ] SHOW COLUMNS FROM `ims_ybsc_config` [ RunTime:0.017578s ]
[ sql ] [ SQL ] SELECT * FROM `ims_ybsc_config` WHERE  `mch_id` = 2 LIMIT 1 [ RunTime:0.000977s ]
[ sql ] [ SQL ] UPDATE `ims_ybsc_config`  SET `id`=2,`key`='WXPAY',`value`='{\"APP_ID\":\"wx5df84644cdbd8835\",\"APP_NAME\":\"\\u5fae\\u5b9d\\u7f51\\u7edc\",\"APP_SECRET\":\"91ba2cc99fba1ec2da4ba987b76a442e\",\"APP_MCHID\":\"\",\"APP_URL\":\"https:\\/\\/wbwx.xcweibao.com\\/addons\\/yb_shop\\/core\\/pay.php\",\"APP_URL_BG\":\"https:\\/\\/wbwx.xcweibao.com\\/addons\\/yb_shop\\/core\\/bargain_pay.php\",\"APP_KEY\":\"\",\"APP_URL_PT\":\"https:\\/\\/wbwx.xcweibao.com\\/addons\\/yb_shop\\/core\\/pt_pay.php\",\"PAY_TYPE\":\"0\"}',`value2`='',`info`='微信支付',`is_use`=1,`mch_id`=2,`modify_time`=1539594585  WHERE  `mch_id` = 2 [ RunTime:0.000976s ]
[ sql ] [ SQL ] SHOW COLUMNS FROM `ims_ybsc_bus_module` [ RunTime:0.017578s ]
[ sql ] [ SQL ] SELECT COUNT(module_id) AS tp_count FROM `ims_ybsc_bus_module` WHERE  `controller` = 'Config'  AND `method` = 'wx_upload' LIMIT 1 [ RunTime:0.000977s ]
[ sql ] [ SQL ] SELECT * FROM `ims_ybsc_bus_module` WHERE  `controller` = 'Config'  AND `method` = 'wx_upload' LIMIT 1 [ RunTime:0.000000s ]
[ sql ] [ SQL ] SHOW COLUMNS FROM `ims_ybsc_business_about` [ RunTime:0.015625s ]
[ sql ] [ SQL ] SELECT * FROM `ims_ybsc_business_about` WHERE  `mch_id` = 2 LIMIT 1 [ RunTime:0.000976s ]
[ sql ] [ SQL ] SELECT COUNT(*) AS tp_count FROM `ims_ybsc_bus_module` WHERE  `module_id` = 218 LIMIT 1 [ RunTime:0.000977s ]
[ sql ] [ SQL ] SELECT `pid`,`level` FROM `ims_ybsc_bus_module` WHERE  `module_id` = 218  AND `pid` <> 0 LIMIT 1 [ RunTime:0.000976s ]
[ sql ] [ SQL ] SELECT `pid`,`module_id`,`level` FROM `ims_ybsc_bus_module` WHERE  `module_id` = 240  AND `pid` <> 0 LIMIT 1 [ RunTime:0.000977s ]
[ sql ] [ SQL ] SELECT `module_id`,`module_name`,`controller`,`method`,`pid`,`url`,`is_menu`,`is_control_auth`,`logo` FROM `ims_ybsc_bus_module` WHERE  `pid` = 0  AND `is_menu` = 1 ORDER BY `sort` [ RunTime:0.000977s ]
[ sql ] [ SQL ] SHOW COLUMNS FROM `ims_ybsc_user_permission` [ RunTime:0.017578s ]
[ sql ] [ SQL ] SELECT * FROM `ims_ybsc_user_permission` WHERE  `user_id` = 1 LIMIT 1 [ RunTime:0.000000s ]
[ sql ] [ SQL ] SELECT * FROM `ims_ybsc_bus_module` WHERE  `is_menu` = 1 ORDER BY sort asc,module_id asc [ RunTime:0.000977s ]
[ sql ] [ SQL ] SHOW COLUMNS FROM `ims_ybsc_copyright` [ RunTime:0.015625s ]
[ sql ] [ SQL ] SELECT * FROM `ims_ybsc_copyright` WHERE  `id` = 1 LIMIT 1 [ RunTime:0.000977s ]
[ sql ] [ SQL ] SELECT * FROM `ims_ybsc_copyright` WHERE  `id` = 1 LIMIT 1 [ RunTime:0.000977s ]
[ sql ] [ SQL ] SHOW COLUMNS FROM `ims_account` [ RunTime:0.020508s ]
[ sql ] [ SQL ] SELECT `endtime` FROM `ims_account` WHERE  `uniacid` = 2 LIMIT 1 [ RunTime:0.000976s ]
[ sql ] [ SQL ] SELECT * FROM `ims_ybsc_config` WHERE  `mch_id` = 2  AND `key` = 'WXPAY' LIMIT 1 [ RunTime:0.000000s ]
---------------------------------------------------------------
[ 2018-11-05T19:56:33+08:00 ] 0.0.0.0 115.53.175.72 GET /addons/yb_shop/core/index.php?s=/admin/menu/import_mod_my
[ error ] [2]Class __PHP_Incomplete_Class has no unserializer[D:\Hostweb\wbwx.xcweibao.com\addons\yb_shop\core\thinkphp\library\think\Session.php:307]
[ error ] [8]Undefined variable: seried[D:\Hostweb\wbwx.xcweibao.com\framework\function\global.func.php:244]
[ error ] [8]Undefined offset: 1[D:\Hostweb\wbwx.xcweibao.com\framework\class\db.class.php:708]
[ error ] [8]Undefined variable: seried[D:\Hostweb\wbwx.xcweibao.com\framework\function\global.func.php:244]
[ error ] [8]Undefined index: remote[D:\Hostweb\wbwx.xcweibao.com\framework\model\setting.mod.php:48]
[ error ] [8]Undefined index: remote[D:\Hostweb\wbwx.xcweibao.com\framework\model\setting.mod.php:48]
[ error ] [2]scandir() has been disabled for security reasons[D:\Hostweb\wbwx.xcweibao.com\addons\yb_shop\core\thinkphp\library\think\App.php:444]
[ error ] [2]Invalid argument supplied for foreach()[D:\Hostweb\wbwx.xcweibao.com\addons\yb_shop\core\thinkphp\library\think\App.php:445]
[ sql ] [ DB ] CONNECT:[ UseTime:0.000977s ] mysql:host=127.0.0.1;port=3306;dbname=wbwx;charset=utf8
[ sql ] [ SQL ] SHOW COLUMNS FROM `ims_ybsc_business` [ RunTime:0.019531s ]
[ sql ] [ SQL ] SELECT * FROM `ims_ybsc_business` WHERE  `id` = 2 LIMIT 1 [ RunTime:0.000977s ]
[ sql ] [ SQL ] SHOW COLUMNS FROM `ims_ybsc_config` [ RunTime:0.019531s ]
[ sql ] [ SQL ] SELECT * FROM `ims_ybsc_config` WHERE  `mch_id` = 2 LIMIT 1 [ RunTime:0.000000s ]
[ sql ] [ SQL ] UPDATE `ims_ybsc_config`  SET `id`=2,`key`='WXPAY',`value`='{\"APP_ID\":\"wx5df84644cdbd8835\",\"APP_NAME\":\"\\u5fae\\u5b9d\\u7f51\\u7edc\",\"APP_SECRET\":\"91ba2cc99fba1ec2da4ba987b76a442e\",\"APP_MCHID\":\"\",\"APP_URL\":\"https:\\/\\/wbwx.xcweibao.com\\/addons\\/yb_shop\\/core\\/pay.php\",\"APP_URL_BG\":\"https:\\/\\/wbwx.xcweibao.com\\/addons\\/yb_shop\\/core\\/bargain_pay.php\",\"APP_KEY\":\"\",\"APP_URL_PT\":\"https:\\/\\/wbwx.xcweibao.com\\/addons\\/yb_shop\\/core\\/pt_pay.php\",\"PAY_TYPE\":\"0\"}',`value2`='',`info`='微信支付',`is_use`=1,`mch_id`=2,`modify_time`=1539594585  WHERE  `mch_id` = 2 [ RunTime:0.000977s ]
[ sql ] [ SQL ] SHOW COLUMNS FROM `ims_ybsc_bus_module` [ RunTime:0.020507s ]
[ sql ] [ SQL ] SELECT COUNT(module_id) AS tp_count FROM `ims_ybsc_bus_module` WHERE  `controller` = 'Menu'  AND `method` = 'import_mod_my' LIMIT 1 [ RunTime:0.000977s ]
[ sql ] [ SQL ] SELECT * FROM `ims_ybsc_bus_module` WHERE  `controller` = 'Menu'  AND `method` = 'import_mod_my' LIMIT 1 [ RunTime:0.000976s ]
[ sql ] [ SQL ] SHOW COLUMNS FROM `ims_ybsc_business_about` [ RunTime:0.022461s ]
[ sql ] [ SQL ] SELECT * FROM `ims_ybsc_business_about` WHERE  `mch_id` = 2 LIMIT 1 [ RunTime:0.000976s ]
[ sql ] [ SQL ] SELECT COUNT(*) AS tp_count FROM `ims_ybsc_bus_module` WHERE  `module_id` = 194 LIMIT 1 [ RunTime:0.000000s ]
[ sql ] [ SQL ] SELECT `pid`,`level` FROM `ims_ybsc_bus_module` WHERE  `module_id` = 194  AND `pid` <> 0 LIMIT 1 [ RunTime:0.000000s ]
[ sql ] [ SQL ] SELECT `pid`,`module_id`,`level` FROM `ims_ybsc_bus_module` WHERE  `module_id` = 240  AND `pid` <> 0 LIMIT 1 [ RunTime:0.000000s ]
[ sql ] [ SQL ] SELECT `module_id`,`module_name`,`controller`,`method`,`pid`,`url`,`is_menu`,`is_control_auth`,`logo` FROM `ims_ybsc_bus_module` WHERE  `pid` = 0  AND `is_menu` = 1 ORDER BY `sort` [ RunTime:0.000977s ]
[ sql ] [ SQL ] SHOW COLUMNS FROM `ims_ybsc_user_permission` [ RunTime:0.018555s ]
[ sql ] [ SQL ] SELECT * FROM `ims_ybsc_user_permission` WHERE  `user_id` = 1 LIMIT 1 [ RunTime:0.000976s ]
[ sql ] [ SQL ] SELECT * FROM `ims_ybsc_bus_module` WHERE  `is_menu` = 1 ORDER BY sort asc,module_id asc [ RunTime:0.000977s ]
[ sql ] [ SQL ] SHOW COLUMNS FROM `ims_ybsc_copyright` [ RunTime:0.020508s ]
[ sql ] [ SQL ] SELECT * FROM `ims_ybsc_copyright` WHERE  `id` = 1 LIMIT 1 [ RunTime:0.000000s ]
[ sql ] [ SQL ] SELECT * FROM `ims_ybsc_copyright` WHERE  `id` = 1 LIMIT 1 [ RunTime:0.000000s ]
[ sql ] [ SQL ] SHOW COLUMNS FROM `ims_account` [ RunTime:0.017578s ]
[ sql ] [ SQL ] SELECT `endtime` FROM `ims_account` WHERE  `uniacid` = 2 LIMIT 1 [ RunTime:0.000000s ]
[ sql ] [ SQL ] SHOW COLUMNS FROM `ims_ybsc_user_tmpl_box` [ RunTime:0.018554s ]
[ sql ] [ SQL ] SELECT COUNT(*) AS tp_count FROM `ims_ybsc_user_tmpl_box` WHERE  `mch_id` = 2 LIMIT 1 [ RunTime:0.000976s ]
[ sql ] [ SQL ] SELECT * FROM `ims_ybsc_user_tmpl_box` WHERE  `mch_id` = 2 ORDER BY create_time desc LIMIT 0,12 [ RunTime:0.000977s ]
---------------------------------------------------------------
[ 2018-11-05T19:56:35+08:00 ] 0.0.0.0 115.53.175.72 GET /addons/yb_shop/core/index.php?s=/admin/menu/import_mod
[ error ] [2]Class __PHP_Incomplete_Class has no unserializer[D:\Hostweb\wbwx.xcweibao.com\addons\yb_shop\core\thinkphp\library\think\Session.php:307]
[ error ] [8]Undefined variable: seried[D:\Hostweb\wbwx.xcweibao.com\framework\function\global.func.php:244]
[ error ] [8]Undefined offset: 1[D:\Hostweb\wbwx.xcweibao.com\framework\class\db.class.php:708]
[ error ] [8]Undefined variable: seried[D:\Hostweb\wbwx.xcweibao.com\framework\function\global.func.php:244]
[ error ] [8]Undefined index: remote[D:\Hostweb\wbwx.xcweibao.com\framework\model\setting.mod.php:48]
[ error ] [8]Undefined index: remote[D:\Hostweb\wbwx.xcweibao.com\framework\model\setting.mod.php:48]
[ error ] [2]scandir() has been disabled for security reasons[D:\Hostweb\wbwx.xcweibao.com\addons\yb_shop\core\thinkphp\library\think\App.php:444]
[ error ] [2]Invalid argument supplied for foreach()[D:\Hostweb\wbwx.xcweibao.com\addons\yb_shop\core\thinkphp\library\think\App.php:445]
[ sql ] [ DB ] CONNECT:[ UseTime:0.000976s ] mysql:host=127.0.0.1;port=3306;dbname=wbwx;charset=utf8
[ sql ] [ SQL ] SHOW COLUMNS FROM `ims_ybsc_business` [ RunTime:0.016602s ]
[ sql ] [ SQL ] SELECT * FROM `ims_ybsc_business` WHERE  `id` = 2 LIMIT 1 [ RunTime:0.000977s ]
[ sql ] [ SQL ] SHOW COLUMNS FROM `ims_ybsc_config` [ RunTime:0.016601s ]
[ sql ] [ SQL ] SELECT * FROM `ims_ybsc_config` WHERE  `mch_id` = 2 LIMIT 1 [ RunTime:0.000000s ]
[ sql ] [ SQL ] UPDATE `ims_ybsc_config`  SET `id`=2,`key`='WXPAY',`value`='{\"APP_ID\":\"wx5df84644cdbd8835\",\"APP_NAME\":\"\\u5fae\\u5b9d\\u7f51\\u7edc\",\"APP_SECRET\":\"91ba2cc99fba1ec2da4ba987b76a442e\",\"APP_MCHID\":\"\",\"APP_URL\":\"https:\\/\\/wbwx.xcweibao.com\\/addons\\/yb_shop\\/core\\/pay.php\",\"APP_URL_BG\":\"https:\\/\\/wbwx.xcweibao.com\\/addons\\/yb_shop\\/core\\/bargain_pay.php\",\"APP_KEY\":\"\",\"APP_URL_PT\":\"https:\\/\\/wbwx.xcweibao.com\\/addons\\/yb_shop\\/core\\/pt_pay.php\",\"PAY_TYPE\":\"0\"}',`value2`='',`info`='微信支付',`is_use`=1,`mch_id`=2,`modify_time`=1539594585  WHERE  `mch_id` = 2 [ RunTime:0.000000s ]
[ sql ] [ SQL ] SHOW COLUMNS FROM `ims_ybsc_bus_module` [ RunTime:0.015625s ]
[ sql ] [ SQL ] SELECT COUNT(module_id) AS tp_count FROM `ims_ybsc_bus_module` WHERE  `controller` = 'Menu'  AND `method` = 'import_mod' LIMIT 1 [ RunTime:0.000977s ]
[ sql ] [ SQL ] SELECT * FROM `ims_ybsc_bus_module` WHERE  `controller` = 'Menu'  AND `method` = 'import_mod' LIMIT 1 [ RunTime:0.000977s ]
[ sql ] [ SQL ] SHOW COLUMNS FROM `ims_ybsc_business_about` [ RunTime:0.016601s ]
[ sql ] [ SQL ] SELECT * FROM `ims_ybsc_business_about` WHERE  `mch_id` = 2 LIMIT 1 [ RunTime:0.000977s ]
[ sql ] [ SQL ] SELECT COUNT(*) AS tp_count FROM `ims_ybsc_bus_module` WHERE  `module_id` = 156 LIMIT 1 [ RunTime:0.000976s ]
[ sql ] [ SQL ] SELECT `pid`,`level` FROM `ims_ybsc_bus_module` WHERE  `module_id` = 156  AND `pid` <> 0 LIMIT 1 [ RunTime:0.000977s ]
[ sql ] [ SQL ] SELECT `pid`,`module_id`,`level` FROM `ims_ybsc_bus_module` WHERE  `module_id` = 240  AND `pid` <> 0 LIMIT 1 [ RunTime:0.000976s ]
[ sql ] [ SQL ] SELECT `module_id`,`module_name`,`controller`,`method`,`pid`,`url`,`is_menu`,`is_control_auth`,`logo` FROM `ims_ybsc_bus_module` WHERE  `pid` = 0  AND `is_menu` = 1 ORDER BY `sort` [ RunTime:0.000000s ]
[ sql ] [ SQL ] SHOW COLUMNS FROM `ims_ybsc_user_permission` [ RunTime:0.015625s ]
[ sql ] [ SQL ] SELECT * FROM `ims_ybsc_user_permission` WHERE  `user_id` = 1 LIMIT 1 [ RunTime:0.000000s ]
[ sql ] [ SQL ] SELECT * FROM `ims_ybsc_bus_module` WHERE  `is_menu` = 1 ORDER BY sort asc,module_id asc [ RunTime:0.000977s ]
[ sql ] [ SQL ] SHOW COLUMNS FROM `ims_ybsc_copyright` [ RunTime:0.011719s ]
[ sql ] [ SQL ] SELECT * FROM `ims_ybsc_copyright` WHERE  `id` = 1 LIMIT 1 [ RunTime:0.001954s ]
[ sql ] [ SQL ] SELECT * FROM `ims_ybsc_copyright` WHERE  `id` = 1 LIMIT 1 [ RunTime:0.000000s ]
[ sql ] [ SQL ] SHOW COLUMNS FROM `ims_account` [ RunTime:0.018555s ]
[ sql ] [ SQL ] SELECT `endtime` FROM `ims_account` WHERE  `uniacid` = 2 LIMIT 1 [ RunTime:0.000000s ]
[ sql ] [ SQL ] SHOW COLUMNS FROM `ims_ybsc_tmpl` [ RunTime:0.020507s ]
[ sql ] [ SQL ] SELECT * FROM `ims_ybsc_tmpl` WHERE  `serve_temp_id` = 187 LIMIT 1 [ RunTime:0.001953s ]
[ sql ] [ SQL ] SELECT * FROM `ims_ybsc_tmpl` WHERE  `serve_temp_id` = 186 LIMIT 1 [ RunTime:0.000977s ]
[ sql ] [ SQL ] SELECT * FROM `ims_ybsc_tmpl` WHERE  `serve_temp_id` = 185 LIMIT 1 [ RunTime:0.000977s ]
[ sql ] [ SQL ] SELECT * FROM `ims_ybsc_tmpl` WHERE  `serve_temp_id` = 184 LIMIT 1 [ RunTime:0.000976s ]
[ sql ] [ SQL ] SELECT * FROM `ims_ybsc_tmpl` WHERE  `serve_temp_id` = 183 LIMIT 1 [ RunTime:0.000977s ]
[ sql ] [ SQL ] SELECT * FROM `ims_ybsc_tmpl` WHERE  `serve_temp_id` = 182 LIMIT 1 [ RunTime:0.000977s ]
[ sql ] [ SQL ] SELECT * FROM `ims_ybsc_tmpl` WHERE  `serve_temp_id` = 181 LIMIT 1 [ RunTime:0.000977s ]
[ sql ] [ SQL ] SELECT * FROM `ims_ybsc_tmpl` WHERE  `serve_temp_id` = 180 LIMIT 1 [ RunTime:0.001953s ]
[ sql ] [ SQL ] SELECT * FROM `ims_ybsc_tmpl` WHERE  `serve_temp_id` = 179 LIMIT 1 [ RunTime:0.000976s ]
[ sql ] [ SQL ] SELECT * FROM `ims_ybsc_tmpl` WHERE  `serve_temp_id` = 178 LIMIT 1 [ RunTime:0.000977s ]
---------------------------------------------------------------
[ 2018-11-05T19:56:38+08:00 ] 0.0.0.0 115.53.175.72 GET /addons/yb_shop/core/index.php?s=/admin/menu/import_mod&status=2
[ error ] [2]Class __PHP_Incomplete_Class has no unserializer[D:\Hostweb\wbwx.xcweibao.com\addons\yb_shop\core\thinkphp\library\think\Session.php:307]
[ error ] [8]Undefined variable: seried[D:\Hostweb\wbwx.xcweibao.com\framework\function\global.func.php:244]
[ error ] [8]Undefined offset: 1[D:\Hostweb\wbwx.xcweibao.com\framework\class\db.class.php:708]
[ error ] [8]Undefined variable: seried[D:\Hostweb\wbwx.xcweibao.com\framework\function\global.func.php:244]
[ error ] [8]Undefined index: remote[D:\Hostweb\wbwx.xcweibao.com\framework\model\setting.mod.php:48]
[ error ] [8]Undefined index: remote[D:\Hostweb\wbwx.xcweibao.com\framework\model\setting.mod.php:48]
[ error ] [2]scandir() has been disabled for security reasons[D:\Hostweb\wbwx.xcweibao.com\addons\yb_shop\core\thinkphp\library\think\App.php:444]
[ error ] [2]Invalid argument supplied for foreach()[D:\Hostweb\wbwx.xcweibao.com\addons\yb_shop\core\thinkphp\library\think\App.php:445]
[ sql ] [ DB ] CONNECT:[ UseTime:0.010742s ] mysql:host=127.0.0.1;port=3306;dbname=wbwx;charset=utf8
[ sql ] [ SQL ] SHOW COLUMNS FROM `ims_ybsc_business` [ RunTime:0.036133s ]
[ sql ] [ SQL ] SELECT * FROM `ims_ybsc_business` WHERE  `id` = 2 LIMIT 1 [ RunTime:0.000977s ]
[ sql ] [ SQL ] SHOW COLUMNS FROM `ims_ybsc_config` [ RunTime:0.021484s ]
[ sql ] [ SQL ] SELECT * FROM `ims_ybsc_config` WHERE  `mch_id` = 2 LIMIT 1 [ RunTime:0.000977s ]
[ sql ] [ SQL ] UPDATE `ims_ybsc_config`  SET `id`=2,`key`='WXPAY',`value`='{\"APP_ID\":\"wx5df84644cdbd8835\",\"APP_NAME\":\"\\u5fae\\u5b9d\\u7f51\\u7edc\",\"APP_SECRET\":\"91ba2cc99fba1ec2da4ba987b76a442e\",\"APP_MCHID\":\"\",\"APP_URL\":\"https:\\/\\/wbwx.xcweibao.com\\/addons\\/yb_shop\\/core\\/pay.php\",\"APP_URL_BG\":\"https:\\/\\/wbwx.xcweibao.com\\/addons\\/yb_shop\\/core\\/bargain_pay.php\",\"APP_KEY\":\"\",\"APP_URL_PT\":\"https:\\/\\/wbwx.xcweibao.com\\/addons\\/yb_shop\\/core\\/pt_pay.php\",\"PAY_TYPE\":\"0\"}',`value2`='',`info`='微信支付',`is_use`=1,`mch_id`=2,`modify_time`=1539594585  WHERE  `mch_id` = 2 [ RunTime:0.000000s ]
[ sql ] [ SQL ] SHOW COLUMNS FROM `ims_ybsc_bus_module` [ RunTime:0.017578s ]
[ sql ] [ SQL ] SELECT COUNT(module_id) AS tp_count FROM `ims_ybsc_bus_module` WHERE  `controller` = 'Menu'  AND `method` = 'import_mod' LIMIT 1 [ RunTime:0.000000s ]
[ sql ] [ SQL ] SELECT * FROM `ims_ybsc_bus_module` WHERE  `controller` = 'Menu'  AND `method` = 'import_mod' LIMIT 1 [ RunTime:0.000000s ]
[ sql ] [ SQL ] SHOW COLUMNS FROM `ims_ybsc_business_about` [ RunTime:0.018555s ]
[ sql ] [ SQL ] SELECT * FROM `ims_ybsc_business_about` WHERE  `mch_id` = 2 LIMIT 1 [ RunTime:0.000976s ]
[ sql ] [ SQL ] SELECT COUNT(*) AS tp_count FROM `ims_ybsc_bus_module` WHERE  `module_id` = 156 LIMIT 1 [ RunTime:0.000000s ]
[ sql ] [ SQL ] SELECT `pid`,`level` FROM `ims_ybsc_bus_module` WHERE  `module_id` = 156  AND `pid` <> 0 LIMIT 1 [ RunTime:0.000000s ]
[ sql ] [ SQL ] SELECT `pid`,`module_id`,`level` FROM `ims_ybsc_bus_module` WHERE  `module_id` = 240  AND `pid` <> 0 LIMIT 1 [ RunTime:0.000977s ]
[ sql ] [ SQL ] SELECT `module_id`,`module_name`,`controller`,`method`,`pid`,`url`,`is_menu`,`is_control_auth`,`logo` FROM `ims_ybsc_bus_module` WHERE  `pid` = 0  AND `is_menu` = 1 ORDER BY `sort` [ RunTime:0.000000s ]
[ sql ] [ SQL ] SHOW COLUMNS FROM `ims_ybsc_user_permission` [ RunTime:0.020507s ]
[ sql ] [ SQL ] SELECT * FROM `ims_ybsc_user_permission` WHERE  `user_id` = 1 LIMIT 1 [ RunTime:0.000977s ]
[ sql ] [ SQL ] SELECT * FROM `ims_ybsc_bus_module` WHERE  `is_menu` = 1 ORDER BY sort asc,module_id asc [ RunTime:0.000976s ]
[ sql ] [ SQL ] SHOW COLUMNS FROM `ims_ybsc_copyright` [ RunTime:0.018555s ]
[ sql ] [ SQL ] SELECT * FROM `ims_ybsc_copyright` WHERE  `id` = 1 LIMIT 1 [ RunTime:0.000976s ]
[ sql ] [ SQL ] SELECT * FROM `ims_ybsc_copyright` WHERE  `id` = 1 LIMIT 1 [ RunTime:0.000977s ]
[ sql ] [ SQL ] SHOW COLUMNS FROM `ims_account` [ RunTime:0.020508s ]
[ sql ] [ SQL ] SELECT `endtime` FROM `ims_account` WHERE  `uniacid` = 2 LIMIT 1 [ RunTime:0.000000s ]
[ sql ] [ SQL ] SHOW COLUMNS FROM `ims_ybsc_tmpl` [ RunTime:0.019531s ]
[ sql ] [ SQL ] SELECT `serve_temp_id` FROM `ims_ybsc_tmpl` [ RunTime:0.001954s ]
[ sql ] [ SQL ] SELECT * FROM `ims_ybsc_tmpl` WHERE  `serve_temp_id` = 8 LIMIT 1 [ RunTime:0.001953s ]
---------------------------------------------------------------
[ 2018-11-05T19:56:46+08:00 ] 0.0.0.0 115.53.175.72 POST /addons/yb_shop/core/index.php?s=/admin/download/download_mod.html
[ error ] [2]Class __PHP_Incomplete_Class has no unserializer[D:\Hostweb\wbwx.xcweibao.com\addons\yb_shop\core\thinkphp\library\think\Session.php:307]
[ error ] [8]Undefined variable: seried[D:\Hostweb\wbwx.xcweibao.com\framework\function\global.func.php:244]
[ error ] [8]Undefined offset: 1[D:\Hostweb\wbwx.xcweibao.com\framework\class\db.class.php:708]
[ error ] [8]Undefined variable: seried[D:\Hostweb\wbwx.xcweibao.com\framework\function\global.func.php:244]
[ error ] [8]Undefined index: remote[D:\Hostweb\wbwx.xcweibao.com\framework\model\setting.mod.php:48]
[ error ] [8]Undefined index: remote[D:\Hostweb\wbwx.xcweibao.com\framework\model\setting.mod.php:48]
[ error ] [2]scandir() has been disabled for security reasons[D:\Hostweb\wbwx.xcweibao.com\addons\yb_shop\core\thinkphp\library\think\App.php:444]
[ error ] [2]Invalid argument supplied for foreach()[D:\Hostweb\wbwx.xcweibao.com\addons\yb_shop\core\thinkphp\library\think\App.php:445]
[ error ] [8]A session had already been started - ignoring session_start()
[ error ] [8]未定义数组索引: topimg
[ error ] [8]未定义数组索引: topimg
[ error ] [8]未定义数组索引: topimg
[ error ] [8]未定义数组索引: topimg
[ error ] [8]未定义数组索引: topimg
[ error ] [8]未定义数组索引: topimg
[ error ] [8]未定义数组索引: topimg
[ error ] [8]未定义数组索引: topimg
[ error ] [8]未定义数组索引: topimg
[ error ] [8]未定义数组索引: topimg
[ error ] [8]未定义数组索引: topimg
[ error ] [8]未定义数组索引: topimg
[ error ] [8]未定义数组索引: topimg
[ error ] [8]未定义数组索引: topimg
[ error ] [8]未定义数组索引: topimg
[ error ] [8]未定义数组索引: topimg
[ error ] [8]未定义数组索引: topimg
[ error ] [8]未定义数组索引: topimg
[ error ] [8]未定义数组索引: topimg
[ error ] [8]未定义数组索引: topimg
[ error ] [8]未定义数组索引: topimg
[ error ] [8]未定义数组索引: topimg
[ error ] [8]未定义数组索引: topimg
[ sql ] [ DB ] CONNECT:[ UseTime:0.001953s ] mysql:host=127.0.0.1;port=3306;dbname=wbwx;charset=utf8
[ sql ] [ SQL ] SHOW COLUMNS FROM `ims_ybsc_tmpl` [ RunTime:0.017578s ]
[ sql ] [ SQL ] SELECT * FROM `ims_ybsc_tmpl` WHERE  `serve_temp_id` = 8 LIMIT 1 [ RunTime:0.000977s ]
[ sql ] [ SQL ] SELECT MAX(id) AS tp_max FROM `ims_ybsc_tmpl` LIMIT 1 [ RunTime:0.000976s ]
[ sql ] [ SQL ] INSERT INTO `ims_ybsc_tmpl` (`style_value` , `serve_temp_id` , `name` , `template_id` , `mod_class_id` , `create_time` , `is_default` , `index_values` , `img`) VALUES ('{\r\n    \"tabBar\": {\r\n     \"name\":\"官网模板\",\r\n     \"color\": \"#666666\",\r\n     \"selectedColor\":\"#4e8cee\",\r\n    \"background\":\"#4e8cee\",\r\n    \"backgroundTextStyle\":\"#ffffff\",\r\n    \"backgroundColor\": \"#ffffff\",\r\n        \"list\": [\r\n            {\r\n                \"key\": \"index\",\r\n                \"imgurl\": \"/yb_shop/pages/index/index\",\r\n                \"name\": \"首页\",\r\n                \"page_icon\": \"http://wbwx.xcweibao.com/addons/yb_shop/core/public/icon/gray_home.png\",\r\n                \"page_select_icon\": \"http://wbwx.xcweibao.com/addons/yb_shop/core/public/icon/red_home.png\"\r\n            },\r\n            {\r\n                \"key\": \"shop_coupon\",\r\n                \"imgurl\": \"/yb_shop/pages/shop_coupon/index\",\r\n                \"name\": \"优惠券\",\r\n                \"page_icon\": \"http://wbwx.xcweibao.com/addons/yb_shop/core/public/icon/gray_find.png\",\r\n                \"page_select_icon\": \"http://wbwx.xcweibao.com/addons/yb_shop/core/public/icon/red_find.png\"\r\n            },\r\n            {\r\n                \"key\": \"product\",\r\n                \"imgurl\": \"/yb_shop/pages/product/index\",\r\n                \"name\": \"商品\",\r\n                \"page_icon\": \"http://wbwx.xcweibao.com/addons/yb_shop/core/public/icon/gray_cate.png\",\r\n                \"page_select_icon\": \"http://wbwx.xcweibao.com/addons/yb_shop/core/public/icon/red_cate.png\"\r\n            },\r\n            {\r\n                \"key\": \"cart\",\r\n                \"imgurl\": \"/yb_shop/pages/member/cart/index\",\r\n                \"name\": \"购物车\",\r\n                \"page_icon\": \"http://wbwx.xcweibao.com/addons/yb_shop/core/public/icon/gray_cart.png\",\r\n                \"page_select_icon\": \"http://wbwx.xcweibao.com/addons/yb_shop/core/public/icon/red_cart.png\"\r\n            },\r\n            {\r\n                \"key\": \"member_index\",\r\n                \"imgurl\": \"/yb_shop/pages/member/index/index\",\r\n                \"name\": \"会员中心\",\r\n                \"page_icon\": \"http://wbwx.xcweibao.com/addons/yb_shop/core/public/icon/gray_people.png\",\r\n                \"page_select_icon\": \"http://wbwx.xcweibao.com/addons/yb_shop/core/public/icon/red_people.png\"\r\n            }\r\n        ]\r\n    }\r\n}' , 8 , '官网模板' , 1 , 1 , 0 , 0 , '{\"all_data\":[{\"type\":\"banner\",\"jiaodian_color\":\"#e2e2e0\",\"jiaodian_dots\":\"block\",\"indicator_dots\":\"2\",\"ly_width\":\"10\",\"ly_height\":\"4.7\",\"juedui_height\":145.7,\"topimg\":\"http:\\/\\/wbwx.xcweibao.com\\/addons\\/yb_shop\\/core\\/public\\/upload\\/sys_tmpl\\/163\\/MODae8f2c47-f46a-d789-147c-917e31bcd563.jpg\",\"list\":[{\"imgurl\":\"http:\\/\\/wbwx.xcweibao.com\\/addons\\/yb_shop\\/core\\/public\\/upload\\/sys_tmpl\\/163\\/MODd8c7679c-d068-f584-4257-712403ba33e9.jpg\",\"jiaodian_color\":\"#be0000\",\"top\":0,\"img_dis\":\"block\",\"this_type\":\"banner\"},{\"imgurl\":\"http:\\/\\/wbwx.xcweibao.com\\/addons\\/yb_shop\\/core\\/public\\/upload\\/sys_tmpl\\/163\\/MOD81343500-234b-df04-9e16-f762020cc3a9.jpg\",\"top\":135,\"this_type\":\"banner\",\"img_dis\":\"block\",\"jiaodian_color\":\"#898989\"}],\"time_key\":\"15408969468990\"},{\"type\":\"blank\",\"bg_color\":\"#ffffff\",\"ly_height\":\"20\",\"time_key\":\"15408971319020\"},{\"type\":\"blank\",\"bg_color\":\"#ffffff\",\"ly_height\":\"20\",\"time_key\":\"154094846519336\"},{\"type\":\"headline\",\"name\":\"\\u5c0f\\u7a0b\\u5e8f\\u6838\\u5fc3\\u573a\\u666f\",\"style\":\"3\",\"color\":\"#000000\",\"font_size\":\"22\",\"bg_color\":\"#ffffff\",\"time_key\":\"154089716062371\"},{\"type\":\"headline\",\"name\":\"\\u65e0\\u9700\\u5b89\\u88c5\\uff0c\\u4e00\\u952e\\u62e5\\u6709\\uff0c\\u89e6\\u624b\\u53ef\\u53ca\",\"style\":\"3\",\"color\":\"#abaeba\",\"font_size\":\"14\",\"bg_color\":\"#ffffff\",\"time_key\":\"154089718690947\"},{\"type\":\"advert\",\"ly_width\":\"10\",\"ly_height\":\"4.4\",\"juedui_height\":136.4,\"topimg\":\"http:\\/\\/wbwx.xcweibao.com\\/addons\\/yb_shop\\/core\\/public\\/upload\\/sys_tmpl\\/163\\/MOD5baf2687-98a2-d597-5910-42e8e868d57e.jpg\",\"list\":[{\"imgurl\":\"http:\\/\\/wbwx.xcweibao.com\\/addons\\/yb_shop\\/core\\/public\\/upload\\/sys_tmpl\\/163\\/MOD7b764964-8474-4667-5b59-ce6362ce8966.jpg\",\"top\":0,\"this_type\":\"advert\",\"width\":\"100\"}],\"time_key\":\"154089745968777\"},{\"type\":\"advert\",\"ly_width\":\"10\",\"ly_height\":\"4.4\",\"juedui_height\":136.4,\"topimg\":\"http:\\/\\/wbwx.xcweibao.com\\/addons\\/yb_shop\\/core\\/public\\/upload\\/sys_tmpl\\/163\\/MOD01750825-2289-ccde-6378-a3945bf33b07.jpg\",\"list\":[{\"imgurl\":\"http:\\/\\/wbwx.xcweibao.com\\/addons\\/yb_shop\\/core\\/public\\/upload\\/sys_tmpl\\/163\\/MODca73327e-5736-abf0-7c3b-33837756d052.jpg\",\"top\":0,\"this_type\":\"advert\",\"width\":\"100\"}],\"time_key\":\"154089751634490\"},{\"type\":\"advert\",\"ly_width\":\"10\",\"ly_height\":\"4.4\",\"juedui_height\":136.4,\"topimg\":\"http:\\/\\/wbwx.xcweibao.com\\/addons\\/yb_shop\\/core\\/public\\/upload\\/sys_tmpl\\/163\\/MODbca12b8a-a098-47a3-0ab7-2250e181f59a.jpg\",\"list\":[{\"imgurl\":\"http:\\/\\/wbwx.xcweibao.com\\/addons\\/yb_shop\\/core\\/public\\/upload\\/sys_tmpl\\/163\\/MOD466c0efe-ccbd-3473-a432-d15438a0740f.jpg\",\"top\":0,\"this_type\":\"advert\",\"width\":\"100\"}],\"time_key\":\"154089795381072\"},{\"type\":\"blank\",\"bg_color\":\"#fafafa\",\"ly_height\":\"20\",\"time_key\":\"154089834149005\"},{\"type\":\"headline\",\"name\":\"\\u5c0f\\u7a0b\\u5e8f\\u89e3\\u51b3\\u65b9\\u6848\",\"style\":\"3\",\"color\":\"#000000\",\"font_size\":\"22\",\"bg_color\":\"#fafafa\",\"time_key\":\"154089833368166\"},{\"type\":\"headline\",\"name\":\"\\u65e0\\u9700\\u5b89\\u88c5\\uff0c\\u4e00\\u952e\\u62e5\\u6709\\uff0c\\u89e6\\u624b\\u53ef\\u53ca\",\"style\":\"3\",\"color\":\"#abaeba\",\"font_size\":\"14\",\"bg_color\":\"#fafafa\",\"time_key\":\"154091236062819\"},{\"type\":\"blank\",\"bg_color\":\"#fafafa\",\"ly_height\":\"20\",\"time_key\":\"15409483432457\"},{\"type\":\"banner\",\"jiaodian_color\":\"#be0000\",\"jiaodian_dots\":\"none\",\"indicator_dots\":\"1\",\"ly_width\":\"10\",\"ly_height\":\"5.3\",\"juedui_height\":164.3,\"topimg\":\"http:\\/\\/wbwx.xcweibao.com\\/addons\\/yb_shop\\/core\\/public\\/upload\\/sys_tmpl\\/163\\/MOD4c762447-bed8-d314-ed1c-391a0e40856c.png\",\"list\":[{\"imgurl\":\"http:\\/\\/wbwx.xcweibao.com\\/addons\\/yb_shop\\/core\\/public\\/upload\\/sys_tmpl\\/163\\/MODa8ef5790-63ed-6590-3d97-249363c08be6.png\",\"jiaodian_color\":\"#be0000\",\"top\":0,\"img_dis\":\"block\",\"this_type\":\"banner\"},{\"imgurl\":\"http:\\/\\/wbwx.xcweibao.com\\/addons\\/yb_shop\\/core\\/public\\/upload\\/sys_tmpl\\/163\\/MODe58eb8d2-1663-185d-ed22-107565d66fbd.png\",\"top\":135,\"this_type\":\"banner\",\"img_dis\":\"block\",\"jiaodian_color\":\"#898989\"},{\"imgurl\":\"http:\\/\\/wbwx.xcweibao.com\\/addons\\/yb_shop\\/core\\/public\\/upload\\/sys_tmpl\\/163\\/MOD95679256-1fb2-6fce-02c0-44d699939129.png\",\"top\":270,\"this_type\":\"banner\",\"img_dis\":\"block\",\"jiaodian_color\":\"#898989\"},{\"imgurl\":\"http:\\/\\/wbwx.xcweibao.com\\/addons\\/yb_shop\\/core\\/public\\/upload\\/sys_tmpl\\/163\\/MOD49a13394-f514-d091-4c64-a51703853fbe.png\",\"top\":405,\"this_type\":\"banner\",\"img_dis\":\"block\",\"jiaodian_color\":\"#898989\"},{\"imgurl\":\"http:\\/\\/wbwx.xcweibao.com\\/addons\\/yb_shop\\/core\\/public\\/upload\\/sys_tmpl\\/163\\/MOD7e1dc17b-b282-f03e-2686-1ec0816f4659.png\",\"top\":540,\"this_type\":\"banner\",\"img_dis\":\"block\",\"jiaodian_color\":\"#898989\"},{\"imgurl\":\"http:\\/\\/wbwx.xcweibao.com\\/addons\\/yb_shop\\/core\\/public\\/upload\\/sys_tmpl\\/163\\/MOD9266cf64-729c-3ef9-59b1-6afe7745c9ba.png\",\"top\":675,\"this_type\":\"banner\",\"img_dis\":\"block\",\"jiaodian_color\":\"#898989\"},{\"imgurl\":\"http:\\/\\/wbwx.xcweibao.com\\/addons\\/yb_shop\\/core\\/public\\/upload\\/sys_tmpl\\/163\\/MODca3ec56a-e934-eb2b-f89b-eef717808b1a.png\",\"top\":810,\"this_type\":\"banner\",\"img_dis\":\"block\",\"jiaodian_color\":\"#898989\"},{\"imgurl\":\"http:\\/\\/wbwx.xcweibao.com\\/addons\\/yb_shop\\/core\\/public\\/upload\\/sys_tmpl\\/163\\/MOD4c73e631-894c-074f-d69a-28ec076264cf.png\",\"top\":945,\"this_type\":\"banner\",\"img_dis\":\"block\",\"jiaodian_color\":\"#898989\"}],\"time_key\":\"154091265759380\"},{\"type\":\"blank\",\"bg_color\":\"#fafafa\",\"ly_height\":\"20\",\"time_key\":\"154091320390450\"},{\"type\":\"blank\",\"bg_color\":\"#ffffff\",\"ly_height\":\"20\",\"time_key\":\"154094822153430\"},{\"type\":\"headline\",\"name\":\"\\u9002\\u7528\\u884c\\u4e1a\",\"style\":\"3\",\"color\":\"#212121\",\"font_size\":\"22\",\"bg_color\":\"#ffffff\",\"time_key\":\"154091321224216\"},{\"type\":\"headline\",\"name\":\"\\u9002\\u7528\\u4e8e\\u5bb6\\u7535\\u3001\\u5bb6\\u5c45\\u3001\\u767e\\u8d27\\u3001\\u91d1\\u878d\\u7b4930+\\u884c\\u4e1a\",\"style\":\"3\",\"color\":\"#abaeba\",\"font_size\":\"14\",\"bg_color\":\"#ffffff\",\"time_key\":\"154091326722716\"},{\"type\":\"blank\",\"bg_color\":\"#ffffff\",\"ly_height\":\"20\",\"time_key\":\"154094827589738\"},{\"type\":\"advert\",\"ly_width\":\"10\",\"ly_height\":\"2.5\",\"juedui_height\":77.5,\"topimg\":\"http:\\/\\/wbwx.xcweibao.com\\/addons\\/yb_shop\\/core\\/public\\/upload\\/sys_tmpl\\/163\\/MOD0c9ac2c6-2878-3f3a-f960-9e3097c4bd77.jpg\",\"list\":[{\"imgurl\":\"http:\\/\\/wbwx.xcweibao.com\\/addons\\/yb_shop\\/core\\/public\\/upload\\/sys_tmpl\\/163\\/MOD24e531e2-dbbb-ece6-10bf-3e2b805e4e5b.jpg\",\"top\":0,\"this_type\":\"advert\",\"width\":\"100\"}],\"time_key\":\"154091345291861\"},{\"type\":\"advert\",\"ly_width\":\"10\",\"ly_height\":\"2.5\",\"juedui_height\":77.5,\"topimg\":\"http:\\/\\/wbwx.xcweibao.com\\/addons\\/yb_shop\\/core\\/public\\/upload\\/sys_tmpl\\/163\\/MOD7ccc2e01-870b-8139-a289-416d3ec9655f.jpg\",\"list\":[{\"imgurl\":\"http:\\/\\/wbwx.xcweibao.com\\/addons\\/yb_shop\\/core\\/public\\/upload\\/sys_tmpl\\/163\\/MOD061133c3-1630-6412-67ca-5ccd4fa5968d.jpg\",\"top\":0,\"this_type\":\"advert\",\"width\":\"100\"}],\"time_key\":\"154091348475088\"},{\"type\":\"advert\",\"ly_width\":\"10\",\"ly_height\":\"2.5\",\"juedui_height\":77.5,\"topimg\":\"http:\\/\\/wbwx.xcweibao.com\\/addons\\/yb_shop\\/core\\/public\\/upload\\/sys_tmpl\\/163\\/MOD402895a3-6c5f-3aa3-bbc0-8e80c15e60cf.jpg\",\"list\":[{\"imgurl\":\"http:\\/\\/wbwx.xcweibao.com\\/addons\\/yb_shop\\/core\\/public\\/upload\\/sys_tmpl\\/163\\/MODeea77453-9818-12ed-8abb-f82e8e43fd63.jpg\",\"top\":0,\"this_type\":\"advert\",\"width\":\"100\"}],\"time_key\":\"154091360614041\"},{\"type\":\"blank\",\"bg_color\":\"#fafafa\",\"ly_height\":\"20\",\"time_key\":\"154091367964671\"},{\"type\":\"blank\",\"bg_color\":\"#ffffff\",\"ly_height\":\"20\",\"time_key\":\"154094818232404\"},{\"type\":\"headline\",\"name\":\"\\u5f3a\\u5927\\u529f\\u80fd \\u4fe1\\u5fc3\\u4e4b\\u9009\",\"style\":\"3\",\"color\":\"#000000\",\"font_size\":\"22\",\"bg_color\":\"#ffffff\",\"time_key\":\"154091371272533\"},{\"type\":\"headline\",\"name\":\"\\u65e0\\u9700\\u5b89\\u88c5\\uff0c\\u4e00\\u952e\\u62e5\\u6709\\uff0c\\u89e6\\u624b\\u53ef\\u53ca\",\"style\":\"3\",\"color\":\"#abaeba\",\"font_size\":\"14\",\"bg_color\":\"#ffffff\",\"time_key\":\"154091373183126\"},{\"type\":\"advert\",\"ly_width\":\"10\",\"ly_height\":\"7.8\",\"juedui_height\":241.8,\"topimg\":\"http:\\/\\/wbwx.xcweibao.com\\/addons\\/yb_shop\\/core\\/public\\/upload\\/sys_tmpl\\/163\\/MOD2af7cbfd-b362-df6f-a507-6ccf05733b11.jpg\",\"list\":[{\"imgurl\":\"http:\\/\\/wbwx.xcweibao.com\\/addons\\/yb_shop\\/core\\/public\\/upload\\/sys_tmpl\\/163\\/MOD161833d5-36fd-9e40-3032-fe1243bc6bd7.jpg\",\"top\":0,\"this_type\":\"advert\",\"width\":\"100\"}],\"time_key\":\"154091378351004\"},{\"type\":\"blank\",\"bg_color\":\"#fafafa\",\"ly_height\":\"20\",\"time_key\":\"154091384674696\"},{\"type\":\"blank\",\"bg_color\":\"#ffffff\",\"ly_height\":\"20\",\"time_key\":\"154094842766755\"},{\"type\":\"headline\",\"name\":\"\\u7cfb\\u7edf\\u4f18\\u52bf\",\"style\":\"3\",\"color\":\"#000000\",\"font_size\":\"22\",\"bg_color\":\"#ffffff\",\"time_key\":\"154091387460816\"},{\"type\":\"headline\",\"name\":\"\\u6709\\u54c1\\u8d28\\u7684\\u65b0\\u96f6\\u552e\\u89e3\\u51b3\\u65b9\\u6848\\u63d0\\u4f9b\\u5546\",\"style\":\"3\",\"color\":\"#abaeba\",\"font_size\":\"14\",\"bg_color\":\"#ffffff\",\"time_key\":\"154091389034432\"},{\"type\":\"blank\",\"bg_color\":\"#ffffff\",\"ly_height\":\"20\",\"time_key\":\"154094840695720\"},{\"add_type\":\"1\",\"add_num\":\"1\",\"add_sort\":\"time\",\"add_cate\":\"0\",\"type\":\"article\",\"style_num\":\"1\",\"title_size\":\"15\",\"bg_color\":\"#ffffff\",\"title_color\":\"#000000\",\"layout\":\"1\",\"style_width\":\"\",\"style_height\":\"\",\"list\":[{\"this_type\":\"article\",\"name\":\"\\u8d39\\u7528\\u4f4e\",\"description\":\"\\u5f00\\u53d1\\u5fae\\u4fe1\\u5c0f\\u7a0b\\u5e8f\\u7684\\u8d39\\u7528\\u5728\\u4e07\\u5143\\u4ee5\\u5185\\uff0c\\u8fdc\\u8fdc\\u4f4e\\u4e8e\\u540c \\u7b49\\u6761\\u4ef6\\u4e0b\\u7684APP\\u5f00\\u53d1\",\"imgurl\":\"http:\\/\\/wbwx.xcweibao.com\\/addons\\/yb_shop\\/core\\/public\\/upload\\/sys_tmpl\\/163\\/MOD0824b38f-06e2-869f-ff24-34be358a1224.png\",\"top\":0},{\"this_type\":\"article\",\"name\":\"\\u8d44\\u91d1\\u72ec\\u7acb \\u6781\\u901f\\u6536\\u6b3e\\u63d0\\u73b0\",\"description\":\"\\u7528\\u6237\\u8d2d\\u4e70\\u5546\\u54c1\\u6216\\u670d\\u52a1\\uff0c\\u652f\\u4ed8\\u7684\\u94b1\\u6b3e\\u76f4\\u63a5\\u8f6c\\u5165\\u516c\\u53f8\\u5bf9\\u516c\\u8d26\\u6237\",\"imgurl\":\"http:\\/\\/wbwx.xcweibao.com\\/addons\\/yb_shop\\/core\\/public\\/upload\\/sys_tmpl\\/163\\/MOD5ed99be3-f104-788f-2a1c-9cb4499bb4c3.png\",\"top\":135},{\"this_type\":\"article\",\"name\":\"\\u6d41\\u91cf\\u5165\\u53e3\\u591a\",\"description\":\"\\u80cc\\u9760\\u5fae\\u4fe18\\u4ebf\\u7528\\u6237\\u7fa4\\uff0c\\u901a\\u8fc7\\u5fae\\u4fe1\\u641c\\u7d22\\u3001\\u626b\\u63cf\\u4e8c\\u7ef4\\u7801 \\u5206\\u4eab\\u804a\\u5929\\u7fa4\\/\\u597d\\u53cb\\u3001\\u516c\\u4f17\\u53f7\\u5173\\u8054\\u3001\\u9644\\u8fd1\\u7684\\u5c0f\\u7a0b\\u5e8f\\u7b49\",\"imgurl\":\"http:\\/\\/wbwx.xcweibao.com\\/addons\\/yb_shop\\/core\\/public\\/upload\\/sys_tmpl\\/163\\/MOD5706e679-e09c-1142-301a-9cfba93262bf.png\",\"top\":270},{\"this_type\":\"article\",\"name\":\"\\u5b89\\u5168\\u6027\\u9ad8\",\"description\":\"\\u5c0f\\u7a0b\\u5e8f\\u5728\\u5fae\\u4fe1\\u7684\\u751f\\u6001\\u4e0b\\u8fd0\\u884c\\uff0c\\u4fe1\\u606f\\u6570\\u636e\\u5b89\\u5168\\u5f97\\u5230\\u6700\\u5927\\u4fdd\\u969c\",\"imgurl\":\"http:\\/\\/wbwx.xcweibao.com\\/addons\\/yb_shop\\/core\\/public\\/upload\\/sys_tmpl\\/163\\/MOD17efffb3-6f9e-1f61-c656-362eaf41c7f1.png\",\"top\":405},{\"this_type\":\"article\",\"name\":\"\\u64cd\\u4f5c\\u7b80\\u4fbf \\u7528\\u6237\\u4f53\\u9a8c\\u597d\",\"description\":\"\\u65e0\\u987b\\u5b89\\u88c5\\uff0c\\u626b\\u7801\\u5373\\u7528\\uff0c\\u529f\\u80fd\\u64cd\\u4f5c\\u6d41\\u7545\\uff0c\\u582a\\u6bd4\\u539f\\u751f APP\",\"imgurl\":\"http:\\/\\/wbwx.xcweibao.com\\/addons\\/yb_shop\\/core\\/public\\/upload\\/sys_tmpl\\/163\\/MODfd190aaf-dfe9-acc5-69cc-86fc9a88e73f.png\",\"top\":540},{\"this_type\":\"article\",\"name\":\"\\u514d\\u5199\\u4ee3\\u7801\",\"description\":\"\\u6211\\u4eec\\u62e5\\u6709\\u4e13\\u4e1a\\u7684\\u5c0f\\u7a0b\\u5e8f\\u5f00\\u53d1\\u4eba\\u5458\\u548c\\u5e9e\\u5927\\u7684\\u7528\\u6237\\u7fa4\\uff0c\\u4f1a\\u5b9a\\u671f\\u5bf9\\u5c0f\\u7a0b\\u5e8f\\u7684\\u529f\\u80fd\\u8fdb\\u884c\\u4f18\\u5316\\u5347\\u7ea7\",\"imgurl\":\"http:\\/\\/wbwx.xcweibao.com\\/addons\\/yb_shop\\/core\\/public\\/upload\\/sys_tmpl\\/163\\/MODdb3a17f4-36f7-53fb-87ac-2873495166a6.png\",\"top\":675},{\"this_type\":\"article\",\"name\":\"\\u9ad8\\u56de\\u62a5\",\"description\":\"\\u80cc\\u9760\\u5fae\\u4fe1\\u4e5d\\u4ebf\\u7528\\u6237\\u7fa4\\u4f53\\uff0c\\u5feb\\u901f\\u62a2\\u5360\\u6d77\\u91cf\\u7528\\u6237\\u7ea2\\u5229\",\"imgurl\":\"http:\\/\\/wbwx.xcweibao.com\\/addons\\/yb_shop\\/core\\/public\\/upload\\/sys_tmpl\\/163\\/MODe9529a2c-271e-5cd0-830f-1530e7717030.png\",\"top\":810},{\"this_type\":\"article\",\"name\":\"\\u5236\\u4f5c\\u5468\\u671f\\u77ed\",\"description\":\"\\u51e0\\u5206\\u949f\\u53ef\\u62e5\\u6709\\u5ab2\\u7f8e\\u539f\\u751fAPP\\u7684\\u5c0f\\u7a0b\\u5e8f\",\"imgurl\":\"http:\\/\\/wbwx.xcweibao.com\\/addons\\/yb_shop\\/core\\/public\\/upload\\/sys_tmpl\\/163\\/MOD1912f2d2-4ef2-3905-d2bf-cb14ca2bba78.png\",\"top\":945}],\"time_key\":\"154091441592873\"}],\"di_dh_color\":\"#ffffff\",\"dh_color\":\"#ffffff\",\"win_color\":\"#ffffff\",\"win_img\":\"\",\"openImg\":\"\",\"openImgUrl\":\"\",\"openImgUrlName\":\"\",\"color\":\"\",\"is_di_dis\":true,\"products\":[],\"joinlist\":[],\"customer\":[]}' , 'http://wbwx.xcweibao.com/addons/yb_shop/core/public/upload/sys_tmpl/163/MOD5bbe79ef-030f-3cbe-0f60-596f6c73011f.png') [ RunTime:0.000976s ]
---------------------------------------------------------------
[ 2018-11-05T19:56:48+08:00 ] 0.0.0.0 115.53.175.72 GET /addons/yb_shop/core/index.php?s=/admin/menu/import_mod&status=2
[ error ] [2]Class __PHP_Incomplete_Class has no unserializer[D:\Hostweb\wbwx.xcweibao.com\addons\yb_shop\core\thinkphp\library\think\Session.php:307]
[ error ] [2]session_start(): Trying to destroy uninitialized session[D:\Hostweb\wbwx.xcweibao.com\addons\yb_shop\core\thinkphp\library\think\Session.php:307]
[ error ] [2]session_start(): Failed to decode session object. Session has been destroyed[D:\Hostweb\wbwx.xcweibao.com\addons\yb_shop\core\thinkphp\library\think\Session.php:307]
[ error ] [8]Undefined variable: seried[D:\Hostweb\wbwx.xcweibao.com\framework\function\global.func.php:244]
[ error ] [8]Undefined offset: 1[D:\Hostweb\wbwx.xcweibao.com\framework\class\db.class.php:708]
[ error ] [8]Undefined variable: seried[D:\Hostweb\wbwx.xcweibao.com\framework\function\global.func.php:244]
[ error ] [8]Undefined index: remote[D:\Hostweb\wbwx.xcweibao.com\framework\model\setting.mod.php:48]
[ error ] [8]Undefined index: remote[D:\Hostweb\wbwx.xcweibao.com\framework\model\setting.mod.php:48]
[ error ] [2]scandir() has been disabled for security reasons[D:\Hostweb\wbwx.xcweibao.com\addons\yb_shop\core\thinkphp\library\think\App.php:444]
[ error ] [2]Invalid argument supplied for foreach()[D:\Hostweb\wbwx.xcweibao.com\addons\yb_shop\core\thinkphp\library\think\App.php:445]
[ sql ] [ DB ] CONNECT:[ UseTime:0.000976s ] mysql:host=127.0.0.1;port=3306;dbname=wbwx;charset=utf8
[ sql ] [ SQL ] SHOW COLUMNS FROM `ims_ybsc_business` [ RunTime:0.018554s ]
[ sql ] [ SQL ] SELECT * FROM `ims_ybsc_business` WHERE  `id` = 2 LIMIT 1 [ RunTime:0.000000s ]
[ sql ] [ SQL ] SHOW COLUMNS FROM `ims_ybsc_config` [ RunTime:0.023437s ]
[ sql ] [ SQL ] SELECT * FROM `ims_ybsc_config` WHERE  `mch_id` = 2 LIMIT 1 [ RunTime:0.000977s ]
[ sql ] [ SQL ] UPDATE `ims_ybsc_config`  SET `id`=2,`key`='WXPAY',`value`='{\"APP_ID\":\"wx5df84644cdbd8835\",\"APP_NAME\":\"\\u5fae\\u5b9d\\u7f51\\u7edc\",\"APP_SECRET\":\"91ba2cc99fba1ec2da4ba987b76a442e\",\"APP_MCHID\":\"\",\"APP_URL\":\"https:\\/\\/wbwx.xcweibao.com\\/addons\\/yb_shop\\/core\\/pay.php\",\"APP_URL_BG\":\"https:\\/\\/wbwx.xcweibao.com\\/addons\\/yb_shop\\/core\\/bargain_pay.php\",\"APP_KEY\":\"\",\"APP_URL_PT\":\"https:\\/\\/wbwx.xcweibao.com\\/addons\\/yb_shop\\/core\\/pt_pay.php\",\"PAY_TYPE\":\"0\"}',`value2`='',`info`='微信支付',`is_use`=1,`mch_id`=2,`modify_time`=1539594585  WHERE  `mch_id` = 2 [ RunTime:0.000976s ]
[ sql ] [ SQL ] SHOW COLUMNS FROM `ims_ybsc_bus_module` [ RunTime:0.018555s ]
[ sql ] [ SQL ] SELECT COUNT(module_id) AS tp_count FROM `ims_ybsc_bus_module` WHERE  `controller` = 'Menu'  AND `method` = 'import_mod' LIMIT 1 [ RunTime:0.000000s ]
[ sql ] [ SQL ] SELECT * FROM `ims_ybsc_bus_module` WHERE  `controller` = 'Menu'  AND `method` = 'import_mod' LIMIT 1 [ RunTime:0.000000s ]
[ sql ] [ SQL ] SHOW COLUMNS FROM `ims_ybsc_business_about` [ RunTime:0.018554s ]
[ sql ] [ SQL ] SELECT * FROM `ims_ybsc_business_about` WHERE  `mch_id` = 2 LIMIT 1 [ RunTime:0.000000s ]
[ sql ] [ SQL ] SELECT COUNT(*) AS tp_count FROM `ims_ybsc_bus_module` WHERE  `module_id` = 156 LIMIT 1 [ RunTime:0.000000s ]
[ sql ] [ SQL ] SELECT `pid`,`level` FROM `ims_ybsc_bus_module` WHERE  `module_id` = 156  AND `pid` <> 0 LIMIT 1 [ RunTime:0.000000s ]
[ sql ] [ SQL ] SELECT `pid`,`module_id`,`level` FROM `ims_ybsc_bus_module` WHERE  `module_id` = 240  AND `pid` <> 0 LIMIT 1 [ RunTime:0.000977s ]
[ sql ] [ SQL ] SELECT `module_id`,`module_name`,`controller`,`method`,`pid`,`url`,`is_menu`,`is_control_auth`,`logo` FROM `ims_ybsc_bus_module` WHERE  `pid` = 0  AND `is_menu` = 1 ORDER BY `sort` [ RunTime:0.000976s ]
[ sql ] [ SQL ] SHOW COLUMNS FROM `ims_ybsc_user_permission` [ RunTime:0.019531s ]
[ sql ] [ SQL ] SELECT * FROM `ims_ybsc_user_permission` WHERE  `user_id` = 1 LIMIT 1 [ RunTime:0.000977s ]
[ sql ] [ SQL ] SELECT * FROM `ims_ybsc_bus_module` WHERE  `is_menu` = 1 ORDER BY sort asc,module_id asc [ RunTime:0.000977s ]
[ sql ] [ SQL ] SHOW COLUMNS FROM `ims_ybsc_copyright` [ RunTime:0.019531s ]
[ sql ] [ SQL ] SELECT * FROM `ims_ybsc_copyright` WHERE  `id` = 1 LIMIT 1 [ RunTime:0.000977s ]
[ sql ] [ SQL ] SELECT * FROM `ims_ybsc_copyright` WHERE  `id` = 1 LIMIT 1 [ RunTime:0.000000s ]
[ sql ] [ SQL ] SHOW COLUMNS FROM `ims_account` [ RunTime:0.015625s ]
[ sql ] [ SQL ] SELECT `endtime` FROM `ims_account` WHERE  `uniacid` = 2 LIMIT 1 [ RunTime:0.000976s ]
[ sql ] [ SQL ] SHOW COLUMNS FROM `ims_ybsc_tmpl` [ RunTime:0.018554s ]
[ sql ] [ SQL ] SELECT `serve_temp_id` FROM `ims_ybsc_tmpl` [ RunTime:0.000976s ]
---------------------------------------------------------------
[ 2018-11-05T19:56:50+08:00 ] 0.0.0.0 115.53.175.72 GET /addons/yb_shop/core/index.php?s=/admin/menu/import_mod&status=1
[ error ] [2]Class __PHP_Incomplete_Class has no unserializer[D:\Hostweb\wbwx.xcweibao.com\addons\yb_shop\core\thinkphp\library\think\Session.php:307]
[ error ] [8]Undefined variable: seried[D:\Hostweb\wbwx.xcweibao.com\framework\function\global.func.php:244]
[ error ] [8]Undefined offset: 1[D:\Hostweb\wbwx.xcweibao.com\framework\class\db.class.php:708]
[ error ] [8]Undefined variable: seried[D:\Hostweb\wbwx.xcweibao.com\framework\function\global.func.php:244]
[ error ] [8]Undefined index: remote[D:\Hostweb\wbwx.xcweibao.com\framework\model\setting.mod.php:48]
[ error ] [8]Undefined index: remote[D:\Hostweb\wbwx.xcweibao.com\framework\model\setting.mod.php:48]
[ error ] [2]scandir() has been disabled for security reasons[D:\Hostweb\wbwx.xcweibao.com\addons\yb_shop\core\thinkphp\library\think\App.php:444]
[ error ] [2]Invalid argument supplied for foreach()[D:\Hostweb\wbwx.xcweibao.com\addons\yb_shop\core\thinkphp\library\think\App.php:445]
[ sql ] [ DB ] CONNECT:[ UseTime:0.001953s ] mysql:host=127.0.0.1;port=3306;dbname=wbwx;charset=utf8
[ sql ] [ SQL ] SHOW COLUMNS FROM `ims_ybsc_business` [ RunTime:0.019531s ]
[ sql ] [ SQL ] SELECT * FROM `ims_ybsc_business` WHERE  `id` = 2 LIMIT 1 [ RunTime:0.000977s ]
[ sql ] [ SQL ] SHOW COLUMNS FROM `ims_ybsc_config` [ RunTime:0.023438s ]
[ sql ] [ SQL ] SELECT * FROM `ims_ybsc_config` WHERE  `mch_id` = 2 LIMIT 1 [ RunTime:0.000976s ]
[ sql ] [ SQL ] UPDATE `ims_ybsc_config`  SET `id`=2,`key`='WXPAY',`value`='{\"APP_ID\":\"wx5df84644cdbd8835\",\"APP_NAME\":\"\\u5fae\\u5b9d\\u7f51\\u7edc\",\"APP_SECRET\":\"91ba2cc99fba1ec2da4ba987b76a442e\",\"APP_MCHID\":\"\",\"APP_URL\":\"https:\\/\\/wbwx.xcweibao.com\\/addons\\/yb_shop\\/core\\/pay.php\",\"APP_URL_BG\":\"https:\\/\\/wbwx.xcweibao.com\\/addons\\/yb_shop\\/core\\/bargain_pay.php\",\"APP_KEY\":\"\",\"APP_URL_PT\":\"https:\\/\\/wbwx.xcweibao.com\\/addons\\/yb_shop\\/core\\/pt_pay.php\",\"PAY_TYPE\":\"0\"}',`value2`='',`info`='微信支付',`is_use`=1,`mch_id`=2,`modify_time`=1539594585  WHERE  `mch_id` = 2 [ RunTime:0.000000s ]
[ sql ] [ SQL ] SHOW COLUMNS FROM `ims_ybsc_bus_module` [ RunTime:0.018555s ]
[ sql ] [ SQL ] SELECT COUNT(module_id) AS tp_count FROM `ims_ybsc_bus_module` WHERE  `controller` = 'Menu'  AND `method` = 'import_mod' LIMIT 1 [ RunTime:0.000977s ]
[ sql ] [ SQL ] SELECT * FROM `ims_ybsc_bus_module` WHERE  `controller` = 'Menu'  AND `method` = 'import_mod' LIMIT 1 [ RunTime:0.000976s ]
[ sql ] [ SQL ] SHOW COLUMNS FROM `ims_ybsc_business_about` [ RunTime:0.018555s ]
[ sql ] [ SQL ] SELECT * FROM `ims_ybsc_business_about` WHERE  `mch_id` = 2 LIMIT 1 [ RunTime:0.000976s ]
[ sql ] [ SQL ] SELECT COUNT(*) AS tp_count FROM `ims_ybsc_bus_module` WHERE  `module_id` = 156 LIMIT 1 [ RunTime:0.000977s ]
[ sql ] [ SQL ] SELECT `pid`,`level` FROM `ims_ybsc_bus_module` WHERE  `module_id` = 156  AND `pid` <> 0 LIMIT 1 [ RunTime:0.000976s ]
[ sql ] [ SQL ] SELECT `pid`,`module_id`,`level` FROM `ims_ybsc_bus_module` WHERE  `module_id` = 240  AND `pid` <> 0 LIMIT 1 [ RunTime:0.000977s ]
[ sql ] [ SQL ] SELECT `module_id`,`module_name`,`controller`,`method`,`pid`,`url`,`is_menu`,`is_control_auth`,`logo` FROM `ims_ybsc_bus_module` WHERE  `pid` = 0  AND `is_menu` = 1 ORDER BY `sort` [ RunTime:0.000000s ]
[ sql ] [ SQL ] SHOW COLUMNS FROM `ims_ybsc_user_permission` [ RunTime:0.018554s ]
[ sql ] [ SQL ] SELECT * FROM `ims_ybsc_user_permission` WHERE  `user_id` = 1 LIMIT 1 [ RunTime:0.000977s ]
[ sql ] [ SQL ] SELECT * FROM `ims_ybsc_bus_module` WHERE  `is_menu` = 1 ORDER BY sort asc,module_id asc [ RunTime:0.000976s ]
[ sql ] [ SQL ] SHOW COLUMNS FROM `ims_ybsc_copyright` [ RunTime:0.020508s ]
[ sql ] [ SQL ] SELECT * FROM `ims_ybsc_copyright` WHERE  `id` = 1 LIMIT 1 [ RunTime:0.000976s ]
[ sql ] [ SQL ] SELECT * FROM `ims_ybsc_copyright` WHERE  `id` = 1 LIMIT 1 [ RunTime:0.000000s ]
[ sql ] [ SQL ] SHOW COLUMNS FROM `ims_account` [ RunTime:0.019531s ]
[ sql ] [ SQL ] SELECT `endtime` FROM `ims_account` WHERE  `uniacid` = 2 LIMIT 1 [ RunTime:0.000977s ]
[ sql ] [ SQL ] SHOW COLUMNS FROM `ims_ybsc_tmpl` [ RunTime:0.018555s ]
[ sql ] [ SQL ] SELECT COUNT(*) AS tp_count FROM `ims_ybsc_tmpl` WHERE  `serve_temp_id` > 0 LIMIT 1 [ RunTime:0.001953s ]
[ sql ] [ SQL ] SELECT * FROM `ims_ybsc_tmpl` WHERE  `serve_temp_id` > 0 LIMIT 0,10 [ RunTime:0.003906s ]
---------------------------------------------------------------
[ 2018-11-05T19:56:52+08:00 ] 0.0.0.0 115.53.175.72 GET /addons/yb_shop/core/index.php?s=/admin/menu/import_mod&status=0
[ error ] [2]Class __PHP_Incomplete_Class has no unserializer[D:\Hostweb\wbwx.xcweibao.com\addons\yb_shop\core\thinkphp\library\think\Session.php:307]
[ error ] [8]Undefined variable: seried[D:\Hostweb\wbwx.xcweibao.com\framework\function\global.func.php:244]
[ error ] [8]Undefined offset: 1[D:\Hostweb\wbwx.xcweibao.com\framework\class\db.class.php:708]
[ error ] [8]Undefined variable: seried[D:\Hostweb\wbwx.xcweibao.com\framework\function\global.func.php:244]
[ error ] [8]Undefined index: remote[D:\Hostweb\wbwx.xcweibao.com\framework\model\setting.mod.php:48]
[ error ] [8]Undefined index: remote[D:\Hostweb\wbwx.xcweibao.com\framework\model\setting.mod.php:48]
[ error ] [2]scandir() has been disabled for security reasons[D:\Hostweb\wbwx.xcweibao.com\addons\yb_shop\core\thinkphp\library\think\App.php:444]
[ error ] [2]Invalid argument supplied for foreach()[D:\Hostweb\wbwx.xcweibao.com\addons\yb_shop\core\thinkphp\library\think\App.php:445]
[ sql ] [ DB ] CONNECT:[ UseTime:0.001953s ] mysql:host=127.0.0.1;port=3306;dbname=wbwx;charset=utf8
[ sql ] [ SQL ] SHOW COLUMNS FROM `ims_ybsc_business` [ RunTime:0.018555s ]
[ sql ] [ SQL ] SELECT * FROM `ims_ybsc_business` WHERE  `id` = 2 LIMIT 1 [ RunTime:0.000976s ]
[ sql ] [ SQL ] SHOW COLUMNS FROM `ims_ybsc_config` [ RunTime:0.015625s ]
[ sql ] [ SQL ] SELECT * FROM `ims_ybsc_config` WHERE  `mch_id` = 2 LIMIT 1 [ RunTime:0.000000s ]
[ sql ] [ SQL ] UPDATE `ims_ybsc_config`  SET `id`=2,`key`='WXPAY',`value`='{\"APP_ID\":\"wx5df84644cdbd8835\",\"APP_NAME\":\"\\u5fae\\u5b9d\\u7f51\\u7edc\",\"APP_SECRET\":\"91ba2cc99fba1ec2da4ba987b76a442e\",\"APP_MCHID\":\"\",\"APP_URL\":\"https:\\/\\/wbwx.xcweibao.com\\/addons\\/yb_shop\\/core\\/pay.php\",\"APP_URL_BG\":\"https:\\/\\/wbwx.xcweibao.com\\/addons\\/yb_shop\\/core\\/bargain_pay.php\",\"APP_KEY\":\"\",\"APP_URL_PT\":\"https:\\/\\/wbwx.xcweibao.com\\/addons\\/yb_shop\\/core\\/pt_pay.php\",\"PAY_TYPE\":\"0\"}',`value2`='',`info`='微信支付',`is_use`=1,`mch_id`=2,`modify_time`=1539594585  WHERE  `mch_id` = 2 [ RunTime:0.000977s ]
[ sql ] [ SQL ] SHOW COLUMNS FROM `ims_ybsc_bus_module` [ RunTime:0.016602s ]
[ sql ] [ SQL ] SELECT COUNT(module_id) AS tp_count FROM `ims_ybsc_bus_module` WHERE  `controller` = 'Menu'  AND `method` = 'import_mod' LIMIT 1 [ RunTime:0.000000s ]
[ sql ] [ SQL ] SELECT * FROM `ims_ybsc_bus_module` WHERE  `controller` = 'Menu'  AND `method` = 'import_mod' LIMIT 1 [ RunTime:0.000000s ]
[ sql ] [ SQL ] SHOW COLUMNS FROM `ims_ybsc_business_about` [ RunTime:0.017578s ]
[ sql ] [ SQL ] SELECT * FROM `ims_ybsc_business_about` WHERE  `mch_id` = 2 LIMIT 1 [ RunTime:0.000976s ]
[ sql ] [ SQL ] SELECT COUNT(*) AS tp_count FROM `ims_ybsc_bus_module` WHERE  `module_id` = 156 LIMIT 1 [ RunTime:0.000000s ]
[ sql ] [ SQL ] SELECT `pid`,`level` FROM `ims_ybsc_bus_module` WHERE  `module_id` = 156  AND `pid` <> 0 LIMIT 1 [ RunTime:0.000977s ]
[ sql ] [ SQL ] SELECT `pid`,`module_id`,`level` FROM `ims_ybsc_bus_module` WHERE  `module_id` = 240  AND `pid` <> 0 LIMIT 1 [ RunTime:0.000000s ]
[ sql ] [ SQL ] SELECT `module_id`,`module_name`,`controller`,`method`,`pid`,`url`,`is_menu`,`is_control_auth`,`logo` FROM `ims_ybsc_bus_module` WHERE  `pid` = 0  AND `is_menu` = 1 ORDER BY `sort` [ RunTime:0.000000s ]
[ sql ] [ SQL ] SHOW COLUMNS FROM `ims_ybsc_user_permission` [ RunTime:0.014648s ]
[ sql ] [ SQL ] SELECT * FROM `ims_ybsc_user_permission` WHERE  `user_id` = 1 LIMIT 1 [ RunTime:0.000000s ]
[ sql ] [ SQL ] SELECT * FROM `ims_ybsc_bus_module` WHERE  `is_menu` = 1 ORDER BY sort asc,module_id asc [ RunTime:0.000000s ]
[ sql ] [ SQL ] SHOW COLUMNS FROM `ims_ybsc_copyright` [ RunTime:0.016601s ]
[ sql ] [ SQL ] SELECT * FROM `ims_ybsc_copyright` WHERE  `id` = 1 LIMIT 1 [ RunTime:0.000977s ]
[ sql ] [ SQL ] SELECT * FROM `ims_ybsc_copyright` WHERE  `id` = 1 LIMIT 1 [ RunTime:0.000000s ]
[ sql ] [ SQL ] SHOW COLUMNS FROM `ims_account` [ RunTime:0.017579s ]
[ sql ] [ SQL ] SELECT `endtime` FROM `ims_account` WHERE  `uniacid` = 2 LIMIT 1 [ RunTime:0.000976s ]
[ sql ] [ SQL ] SHOW COLUMNS FROM `ims_ybsc_tmpl` [ RunTime:0.014649s ]
[ sql ] [ SQL ] SELECT * FROM `ims_ybsc_tmpl` WHERE  `serve_temp_id` = 187 LIMIT 1 [ RunTime:0.000977s ]
[ sql ] [ SQL ] SELECT * FROM `ims_ybsc_tmpl` WHERE  `serve_temp_id` = 186 LIMIT 1 [ RunTime:0.000977s ]
[ sql ] [ SQL ] SELECT * FROM `ims_ybsc_tmpl` WHERE  `serve_temp_id` = 185 LIMIT 1 [ RunTime:0.000976s ]
[ sql ] [ SQL ] SELECT * FROM `ims_ybsc_tmpl` WHERE  `serve_temp_id` = 184 LIMIT 1 [ RunTime:0.000977s ]
[ sql ] [ SQL ] SELECT * FROM `ims_ybsc_tmpl` WHERE  `serve_temp_id` = 183 LIMIT 1 [ RunTime:0.001953s ]
[ sql ] [ SQL ] SELECT * FROM `ims_ybsc_tmpl` WHERE  `serve_temp_id` = 182 LIMIT 1 [ RunTime:0.000976s ]
[ sql ] [ SQL ] SELECT * FROM `ims_ybsc_tmpl` WHERE  `serve_temp_id` = 181 LIMIT 1 [ RunTime:0.000977s ]
[ sql ] [ SQL ] SELECT * FROM `ims_ybsc_tmpl` WHERE  `serve_temp_id` = 180 LIMIT 1 [ RunTime:0.000977s ]
[ sql ] [ SQL ] SELECT * FROM `ims_ybsc_tmpl` WHERE  `serve_temp_id` = 179 LIMIT 1 [ RunTime:0.000977s ]
[ sql ] [ SQL ] SELECT * FROM `ims_ybsc_tmpl` WHERE  `serve_temp_id` = 178 LIMIT 1 [ RunTime:0.000976s ]
