---------------------------------------------------------------
[ 2018-11-06T15:17:07+08:00 ] 0.0.0.0 115.53.175.72 GET /addons/yb_shop/core/index.php
[ error ] [2]Class __PHP_Incomplete_Class has no unserializer[D:\Hostweb\wbwx.xcweibao.com\addons\yb_shop\core\thinkphp\library\think\Session.php:307]
[ error ] [8]Undefined variable: seried[D:\Hostweb\wbwx.xcweibao.com\framework\function\global.func.php:244]
[ error ] [8]Undefined offset: 1[D:\Hostweb\wbwx.xcweibao.com\framework\class\db.class.php:708]
[ error ] [8]Undefined variable: seried[D:\Hostweb\wbwx.xcweibao.com\framework\function\global.func.php:244]
[ error ] [8]Undefined index: remote[D:\Hostweb\wbwx.xcweibao.com\framework\model\setting.mod.php:48]
[ error ] [8]Undefined index: remote[D:\Hostweb\wbwx.xcweibao.com\framework\model\setting.mod.php:48]
[ error ] [2]scandir() has been disabled for security reasons[D:\Hostweb\wbwx.xcweibao.com\addons\yb_shop\core\thinkphp\library\think\App.php:444]
[ error ] [2]Invalid argument supplied for foreach()[D:\Hostweb\wbwx.xcweibao.com\addons\yb_shop\core\thinkphp\library\think\App.php:445]
[ error ] [8]未定义数组下标: 1
[ sql ] [ DB ] CONNECT:[ UseTime:0.010742s ] mysql:host=127.0.0.1;port=3306;dbname=wbwx;charset=utf8
[ sql ] [ SQL ] SHOW COLUMNS FROM `ims_ybsc_business` [ RunTime:0.022461s ]
[ sql ] [ SQL ] SELECT * FROM `ims_ybsc_business` WHERE  `id` = 2 LIMIT 1 [ RunTime:0.000976s ]
[ sql ] [ SQL ] SHOW COLUMNS FROM `ims_ybsc_config` [ RunTime:0.021485s ]
[ sql ] [ SQL ] SELECT * FROM `ims_ybsc_config` WHERE  `mch_id` = 2 LIMIT 1 [ RunTime:0.000977s ]
[ sql ] [ SQL ] UPDATE `ims_ybsc_config`  SET `id`=2,`key`='WXPAY',`value`='{\"APP_ID\":\"wx5df84644cdbd8835\",\"APP_NAME\":\"\\u5fae\\u5b9d\\u7f51\\u7edc\",\"APP_SECRET\":\"91ba2cc99fba1ec2da4ba987b76a442e\",\"APP_MCHID\":\"\",\"APP_URL\":\"https:\\/\\/wbwx.xcweibao.com\\/addons\\/yb_shop\\/core\\/pay.php\",\"APP_URL_BG\":\"https:\\/\\/wbwx.xcweibao.com\\/addons\\/yb_shop\\/core\\/bargain_pay.php\",\"APP_KEY\":\"\",\"APP_URL_PT\":\"https:\\/\\/wbwx.xcweibao.com\\/addons\\/yb_shop\\/core\\/pt_pay.php\",\"PAY_TYPE\":\"0\"}',`value2`='',`info`='微信支付',`is_use`=1,`mch_id`=2,`modify_time`=1539594585  WHERE  `mch_id` = 2 [ RunTime:0.000977s ]
[ sql ] [ SQL ] SHOW COLUMNS FROM `ims_ybsc_bus_module` [ RunTime:0.021484s ]
[ sql ] [ SQL ] SELECT COUNT(module_id) AS tp_count FROM `ims_ybsc_bus_module` WHERE  `controller` = 'Index'  AND `method` = 'index' LIMIT 1 [ RunTime:0.000000s ]
[ sql ] [ SQL ] SELECT * FROM `ims_ybsc_bus_module` WHERE  `controller` = 'Index'  AND `method` = 'index' LIMIT 1 [ RunTime:0.000000s ]
[ sql ] [ SQL ] SHOW COLUMNS FROM `ims_ybsc_business_about` [ RunTime:0.019531s ]
[ sql ] [ SQL ] SELECT * FROM `ims_ybsc_business_about` WHERE  `mch_id` = 2 LIMIT 1 [ RunTime:0.000977s ]
[ sql ] [ SQL ] SELECT COUNT(*) AS tp_count FROM `ims_ybsc_bus_module` WHERE  `module_id` = 233 LIMIT 1 [ RunTime:0.000000s ]
[ sql ] [ SQL ] SELECT `pid`,`level` FROM `ims_ybsc_bus_module` WHERE  `module_id` = 233  AND `pid` <> 0 LIMIT 1 [ RunTime:0.000000s ]
[ sql ] [ SQL ] SELECT `module_id`,`module_name`,`controller`,`method`,`pid`,`url`,`is_menu`,`is_control_auth`,`logo` FROM `ims_ybsc_bus_module` WHERE  `pid` = 0  AND `is_menu` = 1 ORDER BY `sort` [ RunTime:0.000000s ]
[ sql ] [ SQL ] SHOW COLUMNS FROM `ims_ybsc_user_permission` [ RunTime:0.021484s ]
[ sql ] [ SQL ] SELECT * FROM `ims_ybsc_user_permission` WHERE  `user_id` = 1 LIMIT 1 [ RunTime:0.000000s ]
[ sql ] [ SQL ] SELECT * FROM `ims_ybsc_bus_module` WHERE  `is_menu` = 1 ORDER BY sort asc,module_id asc [ RunTime:0.001953s ]
[ sql ] [ SQL ] SHOW COLUMNS FROM `ims_ybsc_copyright` [ RunTime:0.021485s ]
[ sql ] [ SQL ] SELECT * FROM `ims_ybsc_copyright` WHERE  `id` = 1 LIMIT 1 [ RunTime:0.000976s ]
[ sql ] [ SQL ] SELECT * FROM `ims_ybsc_copyright` WHERE  `id` = 1 LIMIT 1 [ RunTime:0.000977s ]
[ sql ] [ SQL ] SHOW COLUMNS FROM `ims_account` [ RunTime:0.020508s ]
[ sql ] [ SQL ] SELECT `endtime` FROM `ims_account` WHERE  `uniacid` = 2 LIMIT 1 [ RunTime:0.000000s ]
[ sql ] [ SQL ] SHOW COLUMNS FROM `ims_ybsc_order` [ RunTime:0.016602s ]
[ sql ] [ SQL ] SELECT COUNT(*) AS tp_count FROM `ims_ybsc_order` WHERE  `mch_id` = 2  AND `is_deleted` = 0  AND `order_status` <> -1 LIMIT 1 [ RunTime:0.000977s ]
[ sql ] [ SQL ] SELECT SUM(pay_money) AS tp_sum FROM `ims_ybsc_order` WHERE  `mch_id` = 2  AND ( `order_status` IN (1,2,3) )  AND `is_deleted` = 0 LIMIT 1 [ RunTime:0.000976s ]
[ sql ] [ SQL ] SELECT COUNT(*) AS tp_count FROM `ims_ybsc_order` WHERE  `mch_id` = 2  AND `create_time` >  1541001600  AND `is_deleted` = 0 LIMIT 1 [ RunTime:0.000000s ]
[ sql ] [ SQL ] SELECT COUNT(*) AS tp_count FROM `ims_ybsc_order` WHERE  `mch_id` = 2  AND `order_status` = 3  AND `is_deleted` = 0 LIMIT 1 [ RunTime:0.000977s ]
[ sql ] [ SQL ] SELECT COUNT(*) AS tp_count FROM `ims_ybsc_order` WHERE  `order_status` = 0  AND `activity_order_type` = 0  AND `mch_id` = 2  AND `is_deleted` = 0 LIMIT 1 [ RunTime:0.000976s ]
[ sql ] [ SQL ] SELECT COUNT(*) AS tp_count FROM `ims_ybsc_order` WHERE  `order_status` = 1  AND `activity_order_type` = 0  AND `mch_id` = 2  AND `is_deleted` = 0 LIMIT 1 [ RunTime:0.000000s ]
[ sql ] [ SQL ] SELECT COUNT(*) AS tp_count FROM `ims_ybsc_order` WHERE  `order_status` = 2  AND `activity_order_type` = 0  AND `mch_id` = 2  AND `is_deleted` = 0 LIMIT 1 [ RunTime:0.000000s ]
[ sql ] [ SQL ] SELECT COUNT(*) AS tp_count FROM `ims_ybsc_order` WHERE  `order_status` = 3  AND `activity_order_type` = 0  AND `mch_id` = 2  AND `is_deleted` = 0 LIMIT 1 [ RunTime:0.000000s ]
[ sql ] [ SQL ] SELECT COUNT(*) AS tp_count FROM `ims_ybsc_order` WHERE  `order_status` = -1  AND `activity_order_type` = 0  AND `mch_id` = 2  AND `is_deleted` = 0 LIMIT 1 [ RunTime:0.000000s ]
[ sql ] [ SQL ] SHOW COLUMNS FROM `ims_ybsc_goods` [ RunTime:0.018554s ]
[ sql ] [ SQL ] SELECT COUNT(*) AS tp_count FROM `ims_ybsc_goods` WHERE  `mch_id` = 2  AND `is_del` = 0 LIMIT 1 [ RunTime:0.000977s ]
[ sql ] [ SQL ] SHOW COLUMNS FROM `ims_ybsc_user` [ RunTime:0.015625s ]
[ sql ] [ SQL ] SELECT COUNT(*) AS tp_count FROM `ims_ybsc_user` WHERE  `mch_id` = 2 LIMIT 1 [ RunTime:0.000976s ]
[ sql ] [ SQL ] SELECT * FROM `ims_ybsc_business` WHERE  `id` = 2 LIMIT 1 [ RunTime:0.000977s ]
---------------------------------------------------------------
[ 2018-11-06T15:44:08+08:00 ] 0.0.0.0 180.163.220.5 GET /addons/yb_shop/core/index.php
[ error ] [8]Undefined index: user[D:\Hostweb\wbwx.xcweibao.com\addons\yb_shop\core\application\config.php:30]
[ error ] [8]Undefined index: account[D:\Hostweb\wbwx.xcweibao.com\addons\yb_shop\core\application\config.php:31]
[ error ] [2]scandir() has been disabled for security reasons[D:\Hostweb\wbwx.xcweibao.com\addons\yb_shop\core\thinkphp\library\think\App.php:444]
[ error ] [2]Invalid argument supplied for foreach()[D:\Hostweb\wbwx.xcweibao.com\addons\yb_shop\core\thinkphp\library\think\App.php:445]
---------------------------------------------------------------
[ 2018-11-06T15:44:19+08:00 ] 0.0.0.0 42.236.10.124 GET /addons/yb_shop/core/index.php
[ error ] [8]Undefined index: user[D:\Hostweb\wbwx.xcweibao.com\addons\yb_shop\core\application\config.php:30]
[ error ] [8]Undefined index: account[D:\Hostweb\wbwx.xcweibao.com\addons\yb_shop\core\application\config.php:31]
[ error ] [2]scandir() has been disabled for security reasons[D:\Hostweb\wbwx.xcweibao.com\addons\yb_shop\core\thinkphp\library\think\App.php:444]
[ error ] [2]Invalid argument supplied for foreach()[D:\Hostweb\wbwx.xcweibao.com\addons\yb_shop\core\thinkphp\library\think\App.php:445]
