---------------------------------------------------------------
[ 2018-11-07T09:16:43+08:00 ] 0.0.0.0 115.53.175.72 GET /addons/yb_shop/core/index.php
[ error ] [2]Class __PHP_Incomplete_Class has no unserializer[D:\Hostweb\wbwx.xcweibao.com\addons\yb_shop\core\thinkphp\library\think\Session.php:307]
[ error ] [8]Undefined variable: seried[D:\Hostweb\wbwx.xcweibao.com\framework\function\global.func.php:244]
[ error ] [8]Undefined offset: 1[D:\Hostweb\wbwx.xcweibao.com\framework\class\db.class.php:708]
[ error ] [8]Undefined variable: seried[D:\Hostweb\wbwx.xcweibao.com\framework\function\global.func.php:244]
[ error ] [8]Undefined index: remote[D:\Hostweb\wbwx.xcweibao.com\framework\model\setting.mod.php:48]
[ error ] [8]Undefined index: remote[D:\Hostweb\wbwx.xcweibao.com\framework\model\setting.mod.php:48]
[ error ] [2]scandir() has been disabled for security reasons[D:\Hostweb\wbwx.xcweibao.com\addons\yb_shop\core\thinkphp\library\think\App.php:444]
[ error ] [2]Invalid argument supplied for foreach()[D:\Hostweb\wbwx.xcweibao.com\addons\yb_shop\core\thinkphp\library\think\App.php:445]
[ error ] [8]未定义数组下标: 1
[ sql ] [ DB ] CONNECT:[ UseTime:0.001953s ] mysql:host=127.0.0.1;port=3306;dbname=wbwx;charset=utf8
[ sql ] [ SQL ] SHOW COLUMNS FROM `ims_ybsc_business` [ RunTime:0.022461s ]
[ sql ] [ SQL ] SELECT * FROM `ims_ybsc_business` WHERE  `id` = 2 LIMIT 1 [ RunTime:0.000000s ]
[ sql ] [ SQL ] SHOW COLUMNS FROM `ims_ybsc_config` [ RunTime:0.016601s ]
[ sql ] [ SQL ] SELECT * FROM `ims_ybsc_config` WHERE  `mch_id` = 2 LIMIT 1 [ RunTime:0.000977s ]
[ sql ] [ SQL ] UPDATE `ims_ybsc_config`  SET `id`=2,`key`='WXPAY',`value`='{\"APP_ID\":\"wx5df84644cdbd8835\",\"APP_NAME\":\"\\u5fae\\u5b9d\\u7f51\\u7edc\",\"APP_SECRET\":\"91ba2cc99fba1ec2da4ba987b76a442e\",\"APP_MCHID\":\"\",\"APP_URL\":\"https:\\/\\/wbwx.xcweibao.com\\/addons\\/yb_shop\\/core\\/pay.php\",\"APP_URL_BG\":\"https:\\/\\/wbwx.xcweibao.com\\/addons\\/yb_shop\\/core\\/bargain_pay.php\",\"APP_KEY\":\"\",\"APP_URL_PT\":\"https:\\/\\/wbwx.xcweibao.com\\/addons\\/yb_shop\\/core\\/pt_pay.php\",\"PAY_TYPE\":\"0\"}',`value2`='',`info`='微信支付',`is_use`=1,`mch_id`=2,`modify_time`=1539594585  WHERE  `mch_id` = 2 [ RunTime:0.000977s ]
[ sql ] [ SQL ] SHOW COLUMNS FROM `ims_ybsc_bus_module` [ RunTime:0.019531s ]
[ sql ] [ SQL ] SELECT COUNT(module_id) AS tp_count FROM `ims_ybsc_bus_module` WHERE  `controller` = 'Index'  AND `method` = 'index' LIMIT 1 [ RunTime:0.000977s ]
[ sql ] [ SQL ] SELECT * FROM `ims_ybsc_bus_module` WHERE  `controller` = 'Index'  AND `method` = 'index' LIMIT 1 [ RunTime:0.000000s ]
[ sql ] [ SQL ] SHOW COLUMNS FROM `ims_ybsc_business_about` [ RunTime:0.023438s ]
[ sql ] [ SQL ] SELECT * FROM `ims_ybsc_business_about` WHERE  `mch_id` = 2 LIMIT 1 [ RunTime:0.000000s ]
[ sql ] [ SQL ] SELECT COUNT(*) AS tp_count FROM `ims_ybsc_bus_module` WHERE  `module_id` = 233 LIMIT 1 [ RunTime:0.000000s ]
[ sql ] [ SQL ] SELECT `pid`,`level` FROM `ims_ybsc_bus_module` WHERE  `module_id` = 233  AND `pid` <> 0 LIMIT 1 [ RunTime:0.000976s ]
[ sql ] [ SQL ] SELECT `module_id`,`module_name`,`controller`,`method`,`pid`,`url`,`is_menu`,`is_control_auth`,`logo` FROM `ims_ybsc_bus_module` WHERE  `pid` = 0  AND `is_menu` = 1 ORDER BY `sort` [ RunTime:0.000977s ]
[ sql ] [ SQL ] SHOW COLUMNS FROM `ims_ybsc_user_permission` [ RunTime:0.020508s ]
[ sql ] [ SQL ] SELECT * FROM `ims_ybsc_user_permission` WHERE  `user_id` = 1 LIMIT 1 [ RunTime:0.000977s ]
[ sql ] [ SQL ] SELECT * FROM `ims_ybsc_bus_module` WHERE  `is_menu` = 1 ORDER BY sort asc,module_id asc [ RunTime:0.000976s ]
[ sql ] [ SQL ] SHOW COLUMNS FROM `ims_ybsc_copyright` [ RunTime:0.022461s ]
[ sql ] [ SQL ] SELECT * FROM `ims_ybsc_copyright` WHERE  `id` = 1 LIMIT 1 [ RunTime:0.000000s ]
[ sql ] [ SQL ] SELECT * FROM `ims_ybsc_copyright` WHERE  `id` = 1 LIMIT 1 [ RunTime:0.000000s ]
[ sql ] [ SQL ] SHOW COLUMNS FROM `ims_account` [ RunTime:0.020508s ]
[ sql ] [ SQL ] SELECT `endtime` FROM `ims_account` WHERE  `uniacid` = 2 LIMIT 1 [ RunTime:0.000976s ]
[ sql ] [ SQL ] SHOW COLUMNS FROM `ims_ybsc_order` [ RunTime:0.022461s ]
[ sql ] [ SQL ] SELECT COUNT(*) AS tp_count FROM `ims_ybsc_order` WHERE  `mch_id` = 2  AND `is_deleted` = 0  AND `order_status` <> -1 LIMIT 1 [ RunTime:0.000000s ]
[ sql ] [ SQL ] SELECT SUM(pay_money) AS tp_sum FROM `ims_ybsc_order` WHERE  `mch_id` = 2  AND ( `order_status` IN (1,2,3) )  AND `is_deleted` = 0 LIMIT 1 [ RunTime:0.000000s ]
[ sql ] [ SQL ] SELECT COUNT(*) AS tp_count FROM `ims_ybsc_order` WHERE  `mch_id` = 2  AND `create_time` >  1541001600  AND `is_deleted` = 0 LIMIT 1 [ RunTime:0.000976s ]
[ sql ] [ SQL ] SELECT COUNT(*) AS tp_count FROM `ims_ybsc_order` WHERE  `mch_id` = 2  AND `order_status` = 3  AND `is_deleted` = 0 LIMIT 1 [ RunTime:0.000000s ]
[ sql ] [ SQL ] SELECT COUNT(*) AS tp_count FROM `ims_ybsc_order` WHERE  `order_status` = 0  AND `activity_order_type` = 0  AND `mch_id` = 2  AND `is_deleted` = 0 LIMIT 1 [ RunTime:0.000000s ]
[ sql ] [ SQL ] SELECT COUNT(*) AS tp_count FROM `ims_ybsc_order` WHERE  `order_status` = 1  AND `activity_order_type` = 0  AND `mch_id` = 2  AND `is_deleted` = 0 LIMIT 1 [ RunTime:0.000000s ]
[ sql ] [ SQL ] SELECT COUNT(*) AS tp_count FROM `ims_ybsc_order` WHERE  `order_status` = 2  AND `activity_order_type` = 0  AND `mch_id` = 2  AND `is_deleted` = 0 LIMIT 1 [ RunTime:0.000000s ]
[ sql ] [ SQL ] SELECT COUNT(*) AS tp_count FROM `ims_ybsc_order` WHERE  `order_status` = 3  AND `activity_order_type` = 0  AND `mch_id` = 2  AND `is_deleted` = 0 LIMIT 1 [ RunTime:0.000976s ]
[ sql ] [ SQL ] SELECT COUNT(*) AS tp_count FROM `ims_ybsc_order` WHERE  `order_status` = -1  AND `activity_order_type` = 0  AND `mch_id` = 2  AND `is_deleted` = 0 LIMIT 1 [ RunTime:0.000977s ]
[ sql ] [ SQL ] SHOW COLUMNS FROM `ims_ybsc_goods` [ RunTime:0.021484s ]
[ sql ] [ SQL ] SELECT COUNT(*) AS tp_count FROM `ims_ybsc_goods` WHERE  `mch_id` = 2  AND `is_del` = 0 LIMIT 1 [ RunTime:0.000976s ]
[ sql ] [ SQL ] SHOW COLUMNS FROM `ims_ybsc_user` [ RunTime:0.022461s ]
[ sql ] [ SQL ] SELECT COUNT(*) AS tp_count FROM `ims_ybsc_user` WHERE  `mch_id` = 2 LIMIT 1 [ RunTime:0.000000s ]
[ sql ] [ SQL ] SELECT * FROM `ims_ybsc_business` WHERE  `id` = 2 LIMIT 1 [ RunTime:0.000000s ]
---------------------------------------------------------------
[ 2018-11-07T09:16:44+08:00 ] 0.0.0.0 115.53.175.72 POST /addons/yb_shop/core/index.php?s=/admin/count/OrderCount
[ error ] [2]Class __PHP_Incomplete_Class has no unserializer[D:\Hostweb\wbwx.xcweibao.com\addons\yb_shop\core\thinkphp\library\think\Session.php:307]
[ error ] [8]Undefined variable: seried[D:\Hostweb\wbwx.xcweibao.com\framework\function\global.func.php:244]
[ error ] [8]Undefined offset: 1[D:\Hostweb\wbwx.xcweibao.com\framework\class\db.class.php:708]
[ error ] [8]Undefined variable: seried[D:\Hostweb\wbwx.xcweibao.com\framework\function\global.func.php:244]
[ error ] [8]Undefined index: remote[D:\Hostweb\wbwx.xcweibao.com\framework\model\setting.mod.php:48]
[ error ] [8]Undefined index: remote[D:\Hostweb\wbwx.xcweibao.com\framework\model\setting.mod.php:48]
[ error ] [2]scandir() has been disabled for security reasons[D:\Hostweb\wbwx.xcweibao.com\addons\yb_shop\core\thinkphp\library\think\App.php:444]
[ error ] [2]Invalid argument supplied for foreach()[D:\Hostweb\wbwx.xcweibao.com\addons\yb_shop\core\thinkphp\library\think\App.php:445]
[ sql ] [ DB ] CONNECT:[ UseTime:0.001953s ] mysql:host=127.0.0.1;port=3306;dbname=wbwx;charset=utf8
[ sql ] [ SQL ] SHOW COLUMNS FROM `ims_ybsc_business` [ RunTime:0.023437s ]
[ sql ] [ SQL ] SELECT * FROM `ims_ybsc_business` WHERE  `id` = 2 LIMIT 1 [ RunTime:0.000977s ]
[ sql ] [ SQL ] SHOW COLUMNS FROM `ims_ybsc_config` [ RunTime:0.022461s ]
[ sql ] [ SQL ] SELECT * FROM `ims_ybsc_config` WHERE  `mch_id` = 2 LIMIT 1 [ RunTime:0.000977s ]
[ sql ] [ SQL ] UPDATE `ims_ybsc_config`  SET `id`=2,`key`='WXPAY',`value`='{\"APP_ID\":\"wx5df84644cdbd8835\",\"APP_NAME\":\"\\u5fae\\u5b9d\\u7f51\\u7edc\",\"APP_SECRET\":\"91ba2cc99fba1ec2da4ba987b76a442e\",\"APP_MCHID\":\"\",\"APP_URL\":\"https:\\/\\/wbwx.xcweibao.com\\/addons\\/yb_shop\\/core\\/pay.php\",\"APP_URL_BG\":\"https:\\/\\/wbwx.xcweibao.com\\/addons\\/yb_shop\\/core\\/bargain_pay.php\",\"APP_KEY\":\"\",\"APP_URL_PT\":\"https:\\/\\/wbwx.xcweibao.com\\/addons\\/yb_shop\\/core\\/pt_pay.php\",\"PAY_TYPE\":\"0\"}',`value2`='',`info`='微信支付',`is_use`=1,`mch_id`=2,`modify_time`=1539594585  WHERE  `mch_id` = 2 [ RunTime:0.000000s ]
[ sql ] [ SQL ] SHOW COLUMNS FROM `ims_ybsc_bus_module` [ RunTime:0.021485s ]
[ sql ] [ SQL ] SELECT COUNT(module_id) AS tp_count FROM `ims_ybsc_bus_module` WHERE  `controller` = 'Count'  AND `method` = 'ordercount' LIMIT 1 [ RunTime:0.000977s ]
[ sql ] [ SQL ] SELECT * FROM `ims_ybsc_bus_module` WHERE  `controller` = 'Count'  AND `method` = 'ordercount' LIMIT 1 [ RunTime:0.000976s ]
[ sql ] [ SQL ] SHOW COLUMNS FROM `ims_ybsc_business_about` [ RunTime:0.021485s ]
[ sql ] [ SQL ] SELECT * FROM `ims_ybsc_business_about` WHERE  `mch_id` = 2 LIMIT 1 [ RunTime:0.000977s ]
[ sql ] [ SQL ] SELECT COUNT(*) AS tp_count FROM `ims_ybsc_bus_module` WHERE  `module_id` = 151 LIMIT 1 [ RunTime:0.000000s ]
[ sql ] [ SQL ] SELECT `pid`,`level` FROM `ims_ybsc_bus_module` WHERE  `module_id` = 151  AND `pid` <> 0 LIMIT 1 [ RunTime:0.000000s ]
[ sql ] [ SQL ] SELECT `pid`,`module_id`,`level` FROM `ims_ybsc_bus_module` WHERE  `module_id` = 12  AND `pid` <> 0 LIMIT 1 [ RunTime:0.000000s ]
[ sql ] [ SQL ] SELECT `module_id`,`module_name`,`controller`,`method`,`pid`,`url`,`is_menu`,`is_control_auth`,`logo` FROM `ims_ybsc_bus_module` WHERE  `pid` = 0  AND `is_menu` = 1 ORDER BY `sort` [ RunTime:0.000977s ]
[ sql ] [ SQL ] SHOW COLUMNS FROM `ims_ybsc_user_permission` [ RunTime:0.024414s ]
[ sql ] [ SQL ] SELECT * FROM `ims_ybsc_user_permission` WHERE  `user_id` = 1 LIMIT 1 [ RunTime:0.000976s ]
[ sql ] [ SQL ] SELECT * FROM `ims_ybsc_bus_module` WHERE  `is_menu` = 1 ORDER BY sort asc,module_id asc [ RunTime:0.000977s ]
[ sql ] [ SQL ] SHOW COLUMNS FROM `ims_ybsc_copyright` [ RunTime:0.022461s ]
[ sql ] [ SQL ] SELECT * FROM `ims_ybsc_copyright` WHERE  `id` = 1 LIMIT 1 [ RunTime:0.000977s ]
[ sql ] [ SQL ] SELECT * FROM `ims_ybsc_copyright` WHERE  `id` = 1 LIMIT 1 [ RunTime:0.000976s ]
[ sql ] [ SQL ] SHOW COLUMNS FROM `ims_account` [ RunTime:0.021485s ]
[ sql ] [ SQL ] SELECT `endtime` FROM `ims_account` WHERE  `uniacid` = 2 LIMIT 1 [ RunTime:0.000976s ]
[ sql ] [ SQL ] SHOW COLUMNS FROM `ims_ybsc_order` [ RunTime:0.020508s ]
[ sql ] [ SQL ] SELECT COUNT(*) AS tp_count FROM `ims_ybsc_order` WHERE  `mch_id` = 2  AND `create_time` >  1541001600 LIMIT 1 [ RunTime:0.000977s ]
[ sql ] [ SQL ] SELECT SUM(order_money) AS tp_sum FROM `ims_ybsc_order` WHERE  `mch_id` = 2  AND `order_status` NOT IN (5)  AND `create_time` >  1541001600 LIMIT 1 [ RunTime:0.000976s ]
[ sql ] [ SQL ] SELECT COUNT(*) AS tp_count FROM `ims_ybsc_order` WHERE  `mch_id` = 2  AND `create_time` BETWEEN 1541001600 AND 1541087999 LIMIT 1 [ RunTime:0.000977s ]
[ sql ] [ SQL ] SELECT COUNT(*) AS tp_count FROM `ims_ybsc_order` WHERE  `mch_id` = 2  AND `create_time` BETWEEN 1541088000 AND 1541174399 LIMIT 1 [ RunTime:0.000000s ]
[ sql ] [ SQL ] SELECT COUNT(*) AS tp_count FROM `ims_ybsc_order` WHERE  `mch_id` = 2  AND `create_time` BETWEEN 1541174400 AND 1541260799 LIMIT 1 [ RunTime:0.000000s ]
[ sql ] [ SQL ] SELECT COUNT(*) AS tp_count FROM `ims_ybsc_order` WHERE  `mch_id` = 2  AND `create_time` BETWEEN 1541260800 AND 1541347199 LIMIT 1 [ RunTime:0.000000s ]
[ sql ] [ SQL ] SELECT COUNT(*) AS tp_count FROM `ims_ybsc_order` WHERE  `mch_id` = 2  AND `create_time` BETWEEN 1541347200 AND 1541433599 LIMIT 1 [ RunTime:0.000000s ]
[ sql ] [ SQL ] SELECT COUNT(*) AS tp_count FROM `ims_ybsc_order` WHERE  `mch_id` = 2  AND `create_time` BETWEEN 1541433600 AND 1541519999 LIMIT 1 [ RunTime:0.000977s ]
[ sql ] [ SQL ] SELECT COUNT(*) AS tp_count FROM `ims_ybsc_order` WHERE  `mch_id` = 2  AND `create_time` BETWEEN 1541520000 AND 1541606399 LIMIT 1 [ RunTime:0.000976s ]
[ sql ] [ SQL ] SELECT COUNT(*) AS tp_count FROM `ims_ybsc_order` WHERE  `mch_id` = 2  AND `create_time` BETWEEN 1541606400 AND 1541692799 LIMIT 1 [ RunTime:0.000000s ]
[ sql ] [ SQL ] SELECT COUNT(*) AS tp_count FROM `ims_ybsc_order` WHERE  `mch_id` = 2  AND `create_time` BETWEEN 1541692800 AND 1541779199 LIMIT 1 [ RunTime:0.000000s ]
[ sql ] [ SQL ] SELECT COUNT(*) AS tp_count FROM `ims_ybsc_order` WHERE  `mch_id` = 2  AND `create_time` BETWEEN 1541779200 AND 1541865599 LIMIT 1 [ RunTime:0.000000s ]
[ sql ] [ SQL ] SELECT COUNT(*) AS tp_count FROM `ims_ybsc_order` WHERE  `mch_id` = 2  AND `create_time` BETWEEN 1541865600 AND 1541951999 LIMIT 1 [ RunTime:0.000000s ]
[ sql ] [ SQL ] SELECT COUNT(*) AS tp_count FROM `ims_ybsc_order` WHERE  `mch_id` = 2  AND `create_time` BETWEEN 1541952000 AND 1542038399 LIMIT 1 [ RunTime:0.000977s ]
[ sql ] [ SQL ] SELECT COUNT(*) AS tp_count FROM `ims_ybsc_order` WHERE  `mch_id` = 2  AND `create_time` BETWEEN 1542038400 AND 1542124799 LIMIT 1 [ RunTime:0.000976s ]
[ sql ] [ SQL ] SELECT COUNT(*) AS tp_count FROM `ims_ybsc_order` WHERE  `mch_id` = 2  AND `create_time` BETWEEN 1542124800 AND 1542211199 LIMIT 1 [ RunTime:0.000000s ]
[ sql ] [ SQL ] SELECT COUNT(*) AS tp_count FROM `ims_ybsc_order` WHERE  `mch_id` = 2  AND `create_time` BETWEEN 1542211200 AND 1542297599 LIMIT 1 [ RunTime:0.000000s ]
[ sql ] [ SQL ] SELECT COUNT(*) AS tp_count FROM `ims_ybsc_order` WHERE  `mch_id` = 2  AND `create_time` BETWEEN 1542297600 AND 1542383999 LIMIT 1 [ RunTime:0.000000s ]
[ sql ] [ SQL ] SELECT COUNT(*) AS tp_count FROM `ims_ybsc_order` WHERE  `mch_id` = 2  AND `create_time` BETWEEN 1542384000 AND 1542470399 LIMIT 1 [ RunTime:0.000000s ]
[ sql ] [ SQL ] SELECT COUNT(*) AS tp_count FROM `ims_ybsc_order` WHERE  `mch_id` = 2  AND `create_time` BETWEEN 1542470400 AND 1542556799 LIMIT 1 [ RunTime:0.000976s ]
[ sql ] [ SQL ] SELECT COUNT(*) AS tp_count FROM `ims_ybsc_order` WHERE  `mch_id` = 2  AND `create_time` BETWEEN 1542556800 AND 1542643199 LIMIT 1 [ RunTime:0.000977s ]
[ sql ] [ SQL ] SELECT COUNT(*) AS tp_count FROM `ims_ybsc_order` WHERE  `mch_id` = 2  AND `create_time` BETWEEN 1542643200 AND 1542729599 LIMIT 1 [ RunTime:0.000000s ]
[ sql ] [ SQL ] SELECT COUNT(*) AS tp_count FROM `ims_ybsc_order` WHERE  `mch_id` = 2  AND `create_time` BETWEEN 1542729600 AND 1542815999 LIMIT 1 [ RunTime:0.000000s ]
[ sql ] [ SQL ] SELECT COUNT(*) AS tp_count FROM `ims_ybsc_order` WHERE  `mch_id` = 2  AND `create_time` BETWEEN 1542816000 AND 1542902399 LIMIT 1 [ RunTime:0.000000s ]
[ sql ] [ SQL ] SELECT COUNT(*) AS tp_count FROM `ims_ybsc_order` WHERE  `mch_id` = 2  AND `create_time` BETWEEN 1542902400 AND 1542988799 LIMIT 1 [ RunTime:0.000000s ]
[ sql ] [ SQL ] SELECT COUNT(*) AS tp_count FROM `ims_ybsc_order` WHERE  `mch_id` = 2  AND `create_time` BETWEEN 1542988800 AND 1543075199 LIMIT 1 [ RunTime:0.000976s ]
[ sql ] [ SQL ] SELECT COUNT(*) AS tp_count FROM `ims_ybsc_order` WHERE  `mch_id` = 2  AND `create_time` BETWEEN 1543075200 AND 1543161599 LIMIT 1 [ RunTime:0.000977s ]
[ sql ] [ SQL ] SELECT COUNT(*) AS tp_count FROM `ims_ybsc_order` WHERE  `mch_id` = 2  AND `create_time` BETWEEN 1543161600 AND 1543247999 LIMIT 1 [ RunTime:0.000000s ]
[ sql ] [ SQL ] SELECT COUNT(*) AS tp_count FROM `ims_ybsc_order` WHERE  `mch_id` = 2  AND `create_time` BETWEEN 1543248000 AND 1543334399 LIMIT 1 [ RunTime:0.000000s ]
[ sql ] [ SQL ] SELECT COUNT(*) AS tp_count FROM `ims_ybsc_order` WHERE  `mch_id` = 2  AND `create_time` BETWEEN 1543334400 AND 1543420799 LIMIT 1 [ RunTime:0.000000s ]
[ sql ] [ SQL ] SELECT COUNT(*) AS tp_count FROM `ims_ybsc_order` WHERE  `mch_id` = 2  AND `create_time` BETWEEN 1543420800 AND 1543507199 LIMIT 1 [ RunTime:0.000000s ]
[ sql ] [ SQL ] SELECT COUNT(*) AS tp_count FROM `ims_ybsc_order` WHERE  `mch_id` = 2  AND `create_time` BETWEEN 1543507200 AND 1543593599 LIMIT 1 [ RunTime:0.000977s ]
---------------------------------------------------------------
[ 2018-11-07T09:16:52+08:00 ] 0.0.0.0 115.53.175.72 GET /addons/yb_shop/core/index.php?s=/admin/goods/goodslist
[ error ] [2]Class __PHP_Incomplete_Class has no unserializer[D:\Hostweb\wbwx.xcweibao.com\addons\yb_shop\core\thinkphp\library\think\Session.php:307]
[ error ] [8]Undefined variable: seried[D:\Hostweb\wbwx.xcweibao.com\framework\function\global.func.php:244]
[ error ] [8]Undefined offset: 1[D:\Hostweb\wbwx.xcweibao.com\framework\class\db.class.php:708]
[ error ] [8]Undefined variable: seried[D:\Hostweb\wbwx.xcweibao.com\framework\function\global.func.php:244]
[ error ] [8]Undefined index: remote[D:\Hostweb\wbwx.xcweibao.com\framework\model\setting.mod.php:48]
[ error ] [8]Undefined index: remote[D:\Hostweb\wbwx.xcweibao.com\framework\model\setting.mod.php:48]
[ error ] [2]scandir() has been disabled for security reasons[D:\Hostweb\wbwx.xcweibao.com\addons\yb_shop\core\thinkphp\library\think\App.php:444]
[ error ] [2]Invalid argument supplied for foreach()[D:\Hostweb\wbwx.xcweibao.com\addons\yb_shop\core\thinkphp\library\think\App.php:445]
[ sql ] [ DB ] CONNECT:[ UseTime:0.000977s ] mysql:host=127.0.0.1;port=3306;dbname=wbwx;charset=utf8
[ sql ] [ SQL ] SHOW COLUMNS FROM `ims_ybsc_business` [ RunTime:0.022461s ]
[ sql ] [ SQL ] SELECT * FROM `ims_ybsc_business` WHERE  `id` = 2 LIMIT 1 [ RunTime:0.000976s ]
[ sql ] [ SQL ] SHOW COLUMNS FROM `ims_ybsc_config` [ RunTime:0.024414s ]
[ sql ] [ SQL ] SELECT * FROM `ims_ybsc_config` WHERE  `mch_id` = 2 LIMIT 1 [ RunTime:0.000977s ]
[ sql ] [ SQL ] UPDATE `ims_ybsc_config`  SET `id`=2,`key`='WXPAY',`value`='{\"APP_ID\":\"wx5df84644cdbd8835\",\"APP_NAME\":\"\\u5fae\\u5b9d\\u7f51\\u7edc\",\"APP_SECRET\":\"91ba2cc99fba1ec2da4ba987b76a442e\",\"APP_MCHID\":\"\",\"APP_URL\":\"https:\\/\\/wbwx.xcweibao.com\\/addons\\/yb_shop\\/core\\/pay.php\",\"APP_URL_BG\":\"https:\\/\\/wbwx.xcweibao.com\\/addons\\/yb_shop\\/core\\/bargain_pay.php\",\"APP_KEY\":\"\",\"APP_URL_PT\":\"https:\\/\\/wbwx.xcweibao.com\\/addons\\/yb_shop\\/core\\/pt_pay.php\",\"PAY_TYPE\":\"0\"}',`value2`='',`info`='微信支付',`is_use`=1,`mch_id`=2,`modify_time`=1539594585  WHERE  `mch_id` = 2 [ RunTime:0.000977s ]
[ sql ] [ SQL ] SHOW COLUMNS FROM `ims_ybsc_bus_module` [ RunTime:0.021485s ]
[ sql ] [ SQL ] SELECT COUNT(module_id) AS tp_count FROM `ims_ybsc_bus_module` WHERE  `controller` = 'Goods'  AND `method` = 'goodslist' LIMIT 1 [ RunTime:0.001953s ]
[ sql ] [ SQL ] SELECT * FROM `ims_ybsc_bus_module` WHERE  `controller` = 'Goods'  AND `method` = 'goodslist' LIMIT 1 [ RunTime:0.000977s ]
[ sql ] [ SQL ] SHOW COLUMNS FROM `ims_ybsc_business_about` [ RunTime:0.022461s ]
[ sql ] [ SQL ] SELECT * FROM `ims_ybsc_business_about` WHERE  `mch_id` = 2 LIMIT 1 [ RunTime:0.000976s ]
[ sql ] [ SQL ] SELECT COUNT(*) AS tp_count FROM `ims_ybsc_bus_module` WHERE  `module_id` = 22 LIMIT 1 [ RunTime:0.000000s ]
[ sql ] [ SQL ] SELECT `pid`,`level` FROM `ims_ybsc_bus_module` WHERE  `module_id` = 22  AND `pid` <> 0 LIMIT 1 [ RunTime:0.000977s ]
[ sql ] [ SQL ] SELECT `pid`,`module_id`,`level` FROM `ims_ybsc_bus_module` WHERE  `module_id` = 12  AND `pid` <> 0 LIMIT 1 [ RunTime:0.000976s ]
[ sql ] [ SQL ] SELECT `module_id`,`module_name`,`controller`,`method`,`pid`,`url`,`is_menu`,`is_control_auth`,`logo` FROM `ims_ybsc_bus_module` WHERE  `pid` = 0  AND `is_menu` = 1 ORDER BY `sort` [ RunTime:0.000000s ]
[ sql ] [ SQL ] SHOW COLUMNS FROM `ims_ybsc_user_permission` [ RunTime:0.020508s ]
[ sql ] [ SQL ] SELECT * FROM `ims_ybsc_user_permission` WHERE  `user_id` = 1 LIMIT 1 [ RunTime:0.000976s ]
[ sql ] [ SQL ] SELECT * FROM `ims_ybsc_bus_module` WHERE  `is_menu` = 1 ORDER BY sort asc,module_id asc [ RunTime:0.000977s ]
[ sql ] [ SQL ] SHOW COLUMNS FROM `ims_ybsc_copyright` [ RunTime:0.024414s ]
[ sql ] [ SQL ] SELECT * FROM `ims_ybsc_copyright` WHERE  `id` = 1 LIMIT 1 [ RunTime:0.000976s ]
[ sql ] [ SQL ] SELECT * FROM `ims_ybsc_copyright` WHERE  `id` = 1 LIMIT 1 [ RunTime:0.000000s ]
[ sql ] [ SQL ] SHOW COLUMNS FROM `ims_account` [ RunTime:0.020508s ]
[ sql ] [ SQL ] SELECT `endtime` FROM `ims_account` WHERE  `uniacid` = 2 LIMIT 1 [ RunTime:0.000000s ]
[ sql ] [ SQL ] SHOW COLUMNS FROM `ims_ybsc_goods` [ RunTime:0.023438s ]
[ sql ] [ SQL ] SELECT COUNT(*) AS tp_count FROM `ims_ybsc_goods` `ng` LEFT JOIN `ims_ybsc_images` `images` ON `ng`.`images`=`images`.`img_id` WHERE  `ng`.`is_del` <> '1'  AND `ng`.`mch_id` = '2' LIMIT 1 [ RunTime:0.001953s ]
[ sql ] [ SQL ] SELECT * FROM `ims_ybsc_goods` `ng` LEFT JOIN `ims_ybsc_images` `images` ON `ng`.`images`=`images`.`img_id` WHERE  `ng`.`is_del` <> '1'  AND `ng`.`mch_id` = '2' ORDER BY ng.sort desc,ng.create_time desc LIMIT 0,20 [ RunTime:0.000976s ]
[ sql ] [ SQL ] SHOW COLUMNS FROM `ims_ybsc_goods_cate` [ RunTime:0.022460s ]
[ sql ] [ SQL ] SELECT * FROM `ims_ybsc_goods_cate` WHERE  (  is_visible=1 )  AND `mch_id` = 2 [ RunTime:0.000977s ]
---------------------------------------------------------------
[ 2018-11-07T09:16:55+08:00 ] 0.0.0.0 115.53.175.72 GET /addons/yb_shop/core/index.php?s=/admin/goods/add_goods.html
[ error ] [2]Class __PHP_Incomplete_Class has no unserializer[D:\Hostweb\wbwx.xcweibao.com\addons\yb_shop\core\thinkphp\library\think\Session.php:307]
[ error ] [8]Undefined variable: seried[D:\Hostweb\wbwx.xcweibao.com\framework\function\global.func.php:244]
[ error ] [8]Undefined offset: 1[D:\Hostweb\wbwx.xcweibao.com\framework\class\db.class.php:708]
[ error ] [8]Undefined variable: seried[D:\Hostweb\wbwx.xcweibao.com\framework\function\global.func.php:244]
[ error ] [8]Undefined index: remote[D:\Hostweb\wbwx.xcweibao.com\framework\model\setting.mod.php:48]
[ error ] [8]Undefined index: remote[D:\Hostweb\wbwx.xcweibao.com\framework\model\setting.mod.php:48]
[ error ] [2]scandir() has been disabled for security reasons[D:\Hostweb\wbwx.xcweibao.com\addons\yb_shop\core\thinkphp\library\think\App.php:444]
[ error ] [2]Invalid argument supplied for foreach()[D:\Hostweb\wbwx.xcweibao.com\addons\yb_shop\core\thinkphp\library\think\App.php:445]
[ sql ] [ DB ] CONNECT:[ UseTime:0.001953s ] mysql:host=127.0.0.1;port=3306;dbname=wbwx;charset=utf8
[ sql ] [ SQL ] SHOW COLUMNS FROM `ims_ybsc_business` [ RunTime:0.020508s ]
[ sql ] [ SQL ] SELECT * FROM `ims_ybsc_business` WHERE  `id` = 2 LIMIT 1 [ RunTime:0.000976s ]
[ sql ] [ SQL ] SHOW COLUMNS FROM `ims_ybsc_config` [ RunTime:0.018555s ]
[ sql ] [ SQL ] SELECT * FROM `ims_ybsc_config` WHERE  `mch_id` = 2 LIMIT 1 [ RunTime:0.000976s ]
[ sql ] [ SQL ] UPDATE `ims_ybsc_config`  SET `id`=2,`key`='WXPAY',`value`='{\"APP_ID\":\"wx5df84644cdbd8835\",\"APP_NAME\":\"\\u5fae\\u5b9d\\u7f51\\u7edc\",\"APP_SECRET\":\"91ba2cc99fba1ec2da4ba987b76a442e\",\"APP_MCHID\":\"\",\"APP_URL\":\"https:\\/\\/wbwx.xcweibao.com\\/addons\\/yb_shop\\/core\\/pay.php\",\"APP_URL_BG\":\"https:\\/\\/wbwx.xcweibao.com\\/addons\\/yb_shop\\/core\\/bargain_pay.php\",\"APP_KEY\":\"\",\"APP_URL_PT\":\"https:\\/\\/wbwx.xcweibao.com\\/addons\\/yb_shop\\/core\\/pt_pay.php\",\"PAY_TYPE\":\"0\"}',`value2`='',`info`='微信支付',`is_use`=1,`mch_id`=2,`modify_time`=1539594585  WHERE  `mch_id` = 2 [ RunTime:0.000000s ]
[ sql ] [ SQL ] SHOW COLUMNS FROM `ims_ybsc_bus_module` [ RunTime:0.020508s ]
[ sql ] [ SQL ] SELECT COUNT(module_id) AS tp_count FROM `ims_ybsc_bus_module` WHERE  `controller` = 'Goods'  AND `method` = 'add_goods' LIMIT 1 [ RunTime:0.000977s ]
[ sql ] [ SQL ] SELECT * FROM `ims_ybsc_bus_module` WHERE  `controller` = 'Goods'  AND `method` = 'add_goods' LIMIT 1 [ RunTime:0.000000s ]
[ sql ] [ SQL ] SHOW COLUMNS FROM `ims_ybsc_business_about` [ RunTime:0.019531s ]
[ sql ] [ SQL ] SELECT * FROM `ims_ybsc_business_about` WHERE  `mch_id` = 2 LIMIT 1 [ RunTime:0.000000s ]
[ sql ] [ SQL ] SELECT COUNT(*) AS tp_count FROM `ims_ybsc_bus_module` WHERE  `module_id` IS NULL LIMIT 1 [ RunTime:0.000000s ]
[ sql ] [ SQL ] SELECT `module_id`,`module_name`,`controller`,`method`,`pid`,`url`,`is_menu`,`is_control_auth`,`logo` FROM `ims_ybsc_bus_module` WHERE  `pid` = 0  AND `is_menu` = 1 ORDER BY `sort` [ RunTime:0.000000s ]
[ sql ] [ SQL ] SHOW COLUMNS FROM `ims_ybsc_user_permission` [ RunTime:0.016602s ]
[ sql ] [ SQL ] SELECT * FROM `ims_ybsc_user_permission` WHERE  `user_id` = 1 LIMIT 1 [ RunTime:0.000000s ]
[ sql ] [ SQL ] SELECT * FROM `ims_ybsc_bus_module` WHERE  `is_menu` = 1 ORDER BY sort asc,module_id asc [ RunTime:0.000977s ]
[ sql ] [ SQL ] SHOW COLUMNS FROM `ims_ybsc_copyright` [ RunTime:0.020507s ]
[ sql ] [ SQL ] SELECT * FROM `ims_ybsc_copyright` WHERE  `id` = 1 LIMIT 1 [ RunTime:0.000000s ]
[ sql ] [ SQL ] SELECT * FROM `ims_ybsc_copyright` WHERE  `id` = 1 LIMIT 1 [ RunTime:0.000976s ]
[ sql ] [ SQL ] SHOW COLUMNS FROM `ims_account` [ RunTime:0.020508s ]
[ sql ] [ SQL ] SELECT `endtime` FROM `ims_account` WHERE  `uniacid` = 2 LIMIT 1 [ RunTime:0.000000s ]
[ sql ] [ SQL ] SHOW COLUMNS FROM `ims_ybsc_goods_brand` [ RunTime:0.019532s ]
[ sql ] [ SQL ] SELECT * FROM `ims_ybsc_goods_brand` WHERE  `mch_id` = 2 [ RunTime:0.000976s ]
[ sql ] [ SQL ] SHOW COLUMNS FROM `ims_ybsc_goods_cate` [ RunTime:0.022461s ]
[ sql ] [ SQL ] SELECT * FROM `ims_ybsc_goods_cate` WHERE  `mch_id` = 2 [ RunTime:0.000977s ]
[ sql ] [ SQL ] SHOW COLUMNS FROM `ims_ybsc_goods_supplier` [ RunTime:0.021484s ]
[ sql ] [ SQL ] SELECT * FROM `ims_ybsc_goods_supplier` WHERE  `mch_id` = 2 [ RunTime:0.000976s ]
[ sql ] [ SQL ] SHOW COLUMNS FROM `ims_ybsc_area` [ RunTime:0.020508s ]
[ sql ] [ SQL ] SELECT `id`,`name` FROM `ims_ybsc_area` WHERE  (  pid=1 ) [ RunTime:0.005859s ]
[ sql ] [ SQL ] SHOW COLUMNS FROM `ims_ybsc_express_shipping` [ RunTime:0.022461s ]
[ sql ] [ SQL ] SELECT `ship`.* FROM `ims_ybsc_express_shipping` `ship` LEFT JOIN `ims_ybsc_express_company` `comp` ON `comp`.`co_id`=`ship`.`co_id` WHERE  `comp`.`mch_id` = '2' [ RunTime:0.001954s ]
[ sql ] [ SQL ] SHOW COLUMNS FROM `ims_ybsc_goods_attr_module` [ RunTime:0.021485s ]
[ sql ] [ SQL ] SELECT * FROM `ims_ybsc_goods_attr_module` WHERE  `mch_id` = 2 [ RunTime:0.000000s ]
[ sql ] [ SQL ] SHOW COLUMNS FROM `ims_ybsc_images_group` [ RunTime:0.021484s ]
[ sql ] [ SQL ] SELECT * FROM `ims_ybsc_images_group` WHERE  `is_default` = 1 LIMIT 1 [ RunTime:0.000976s ]
[ sql ] [ SQL ] SELECT * FROM `ims_ybsc_goods_cate` WHERE  `mch_id` = 2 ORDER BY create_time asc LIMIT 1 [ RunTime:0.000000s ]
---------------------------------------------------------------
[ 2018-11-07T09:17:00+08:00 ] 0.0.0.0 115.53.175.72 GET /addons/yb_shop/core/index.php?s=/admin/goods/goodsCategoryList
[ error ] [2]Class __PHP_Incomplete_Class has no unserializer[D:\Hostweb\wbwx.xcweibao.com\addons\yb_shop\core\thinkphp\library\think\Session.php:307]
[ error ] [8]Undefined variable: seried[D:\Hostweb\wbwx.xcweibao.com\framework\function\global.func.php:244]
[ error ] [8]Undefined offset: 1[D:\Hostweb\wbwx.xcweibao.com\framework\class\db.class.php:708]
[ error ] [8]Undefined variable: seried[D:\Hostweb\wbwx.xcweibao.com\framework\function\global.func.php:244]
[ error ] [8]Undefined index: remote[D:\Hostweb\wbwx.xcweibao.com\framework\model\setting.mod.php:48]
[ error ] [8]Undefined index: remote[D:\Hostweb\wbwx.xcweibao.com\framework\model\setting.mod.php:48]
[ error ] [2]scandir() has been disabled for security reasons[D:\Hostweb\wbwx.xcweibao.com\addons\yb_shop\core\thinkphp\library\think\App.php:444]
[ error ] [2]Invalid argument supplied for foreach()[D:\Hostweb\wbwx.xcweibao.com\addons\yb_shop\core\thinkphp\library\think\App.php:445]
[ sql ] [ DB ] CONNECT:[ UseTime:0.000976s ] mysql:host=127.0.0.1;port=3306;dbname=wbwx;charset=utf8
[ sql ] [ SQL ] SHOW COLUMNS FROM `ims_ybsc_business` [ RunTime:0.024414s ]
[ sql ] [ SQL ] SELECT * FROM `ims_ybsc_business` WHERE  `id` = 2 LIMIT 1 [ RunTime:0.000976s ]
[ sql ] [ SQL ] SHOW COLUMNS FROM `ims_ybsc_config` [ RunTime:0.022461s ]
[ sql ] [ SQL ] SELECT * FROM `ims_ybsc_config` WHERE  `mch_id` = 2 LIMIT 1 [ RunTime:0.000976s ]
[ sql ] [ SQL ] UPDATE `ims_ybsc_config`  SET `id`=2,`key`='WXPAY',`value`='{\"APP_ID\":\"wx5df84644cdbd8835\",\"APP_NAME\":\"\\u5fae\\u5b9d\\u7f51\\u7edc\",\"APP_SECRET\":\"91ba2cc99fba1ec2da4ba987b76a442e\",\"APP_MCHID\":\"\",\"APP_URL\":\"https:\\/\\/wbwx.xcweibao.com\\/addons\\/yb_shop\\/core\\/pay.php\",\"APP_URL_BG\":\"https:\\/\\/wbwx.xcweibao.com\\/addons\\/yb_shop\\/core\\/bargain_pay.php\",\"APP_KEY\":\"\",\"APP_URL_PT\":\"https:\\/\\/wbwx.xcweibao.com\\/addons\\/yb_shop\\/core\\/pt_pay.php\",\"PAY_TYPE\":\"0\"}',`value2`='',`info`='微信支付',`is_use`=1,`mch_id`=2,`modify_time`=1539594585  WHERE  `mch_id` = 2 [ RunTime:0.000000s ]
[ sql ] [ SQL ] SHOW COLUMNS FROM `ims_ybsc_bus_module` [ RunTime:0.022461s ]
[ sql ] [ SQL ] SELECT COUNT(module_id) AS tp_count FROM `ims_ybsc_bus_module` WHERE  `controller` = 'Goods'  AND `method` = 'goodscategorylist' LIMIT 1 [ RunTime:0.000000s ]
[ sql ] [ SQL ] SELECT * FROM `ims_ybsc_bus_module` WHERE  `controller` = 'Goods'  AND `method` = 'goodscategorylist' LIMIT 1 [ RunTime:0.000000s ]
[ sql ] [ SQL ] SHOW COLUMNS FROM `ims_ybsc_business_about` [ RunTime:0.021484s ]
[ sql ] [ SQL ] SELECT * FROM `ims_ybsc_business_about` WHERE  `mch_id` = 2 LIMIT 1 [ RunTime:0.000977s ]
[ sql ] [ SQL ] SELECT COUNT(*) AS tp_count FROM `ims_ybsc_bus_module` WHERE  `module_id` = 25 LIMIT 1 [ RunTime:0.000000s ]
[ sql ] [ SQL ] SELECT `pid`,`level` FROM `ims_ybsc_bus_module` WHERE  `module_id` = 25  AND `pid` <> 0 LIMIT 1 [ RunTime:0.000000s ]
[ sql ] [ SQL ] SELECT `pid`,`module_id`,`level` FROM `ims_ybsc_bus_module` WHERE  `module_id` = 12  AND `pid` <> 0 LIMIT 1 [ RunTime:0.000976s ]
[ sql ] [ SQL ] SELECT `module_id`,`module_name`,`controller`,`method`,`pid`,`url`,`is_menu`,`is_control_auth`,`logo` FROM `ims_ybsc_bus_module` WHERE  `pid` = 0  AND `is_menu` = 1 ORDER BY `sort` [ RunTime:0.000977s ]
[ sql ] [ SQL ] SHOW COLUMNS FROM `ims_ybsc_user_permission` [ RunTime:0.024414s ]
[ sql ] [ SQL ] SELECT * FROM `ims_ybsc_user_permission` WHERE  `user_id` = 1 LIMIT 1 [ RunTime:0.000976s ]
[ sql ] [ SQL ] SELECT * FROM `ims_ybsc_bus_module` WHERE  `is_menu` = 1 ORDER BY sort asc,module_id asc [ RunTime:0.000000s ]
[ sql ] [ SQL ] SHOW COLUMNS FROM `ims_ybsc_copyright` [ RunTime:0.021484s ]
[ sql ] [ SQL ] SELECT * FROM `ims_ybsc_copyright` WHERE  `id` = 1 LIMIT 1 [ RunTime:0.000977s ]
[ sql ] [ SQL ] SELECT * FROM `ims_ybsc_copyright` WHERE  `id` = 1 LIMIT 1 [ RunTime:0.000976s ]
[ sql ] [ SQL ] SHOW COLUMNS FROM `ims_account` [ RunTime:0.021485s ]
[ sql ] [ SQL ] SELECT `endtime` FROM `ims_account` WHERE  `uniacid` = 2 LIMIT 1 [ RunTime:0.000976s ]
[ sql ] [ SQL ] SHOW COLUMNS FROM `ims_ybsc_goods_cate` [ RunTime:0.022461s ]
[ sql ] [ SQL ] SELECT `cate_id`,`cate_name`,`is_visible`,`short_name`,`pid`,`cate_pic`,`sort` FROM `ims_ybsc_goods_cate` WHERE  `level` = 1  AND `mch_id` = 2 ORDER BY `sort` [ RunTime:0.000977s ]
---------------------------------------------------------------
[ 2018-11-07T09:17:02+08:00 ] 0.0.0.0 115.53.175.72 GET /addons/yb_shop/core/index.php?s=/admin/goods/goods_add_cate.html
[ error ] [2]Class __PHP_Incomplete_Class has no unserializer[D:\Hostweb\wbwx.xcweibao.com\addons\yb_shop\core\thinkphp\library\think\Session.php:307]
[ error ] [8]Undefined variable: seried[D:\Hostweb\wbwx.xcweibao.com\framework\function\global.func.php:244]
[ error ] [8]Undefined offset: 1[D:\Hostweb\wbwx.xcweibao.com\framework\class\db.class.php:708]
[ error ] [8]Undefined variable: seried[D:\Hostweb\wbwx.xcweibao.com\framework\function\global.func.php:244]
[ error ] [8]Undefined index: remote[D:\Hostweb\wbwx.xcweibao.com\framework\model\setting.mod.php:48]
[ error ] [8]Undefined index: remote[D:\Hostweb\wbwx.xcweibao.com\framework\model\setting.mod.php:48]
[ error ] [2]scandir() has been disabled for security reasons[D:\Hostweb\wbwx.xcweibao.com\addons\yb_shop\core\thinkphp\library\think\App.php:444]
[ error ] [2]Invalid argument supplied for foreach()[D:\Hostweb\wbwx.xcweibao.com\addons\yb_shop\core\thinkphp\library\think\App.php:445]
[ sql ] [ DB ] CONNECT:[ UseTime:0.001953s ] mysql:host=127.0.0.1;port=3306;dbname=wbwx;charset=utf8
[ sql ] [ SQL ] SHOW COLUMNS FROM `ims_ybsc_business` [ RunTime:0.022461s ]
[ sql ] [ SQL ] SELECT * FROM `ims_ybsc_business` WHERE  `id` = 2 LIMIT 1 [ RunTime:0.000976s ]
[ sql ] [ SQL ] SHOW COLUMNS FROM `ims_ybsc_config` [ RunTime:0.022461s ]
[ sql ] [ SQL ] SELECT * FROM `ims_ybsc_config` WHERE  `mch_id` = 2 LIMIT 1 [ RunTime:0.000976s ]
[ sql ] [ SQL ] UPDATE `ims_ybsc_config`  SET `id`=2,`key`='WXPAY',`value`='{\"APP_ID\":\"wx5df84644cdbd8835\",\"APP_NAME\":\"\\u5fae\\u5b9d\\u7f51\\u7edc\",\"APP_SECRET\":\"91ba2cc99fba1ec2da4ba987b76a442e\",\"APP_MCHID\":\"\",\"APP_URL\":\"https:\\/\\/wbwx.xcweibao.com\\/addons\\/yb_shop\\/core\\/pay.php\",\"APP_URL_BG\":\"https:\\/\\/wbwx.xcweibao.com\\/addons\\/yb_shop\\/core\\/bargain_pay.php\",\"APP_KEY\":\"\",\"APP_URL_PT\":\"https:\\/\\/wbwx.xcweibao.com\\/addons\\/yb_shop\\/core\\/pt_pay.php\",\"PAY_TYPE\":\"0\"}',`value2`='',`info`='微信支付',`is_use`=1,`mch_id`=2,`modify_time`=1539594585  WHERE  `mch_id` = 2 [ RunTime:0.000976s ]
[ sql ] [ SQL ] SHOW COLUMNS FROM `ims_ybsc_bus_module` [ RunTime:0.022461s ]
[ sql ] [ SQL ] SELECT COUNT(module_id) AS tp_count FROM `ims_ybsc_bus_module` WHERE  `controller` = 'Goods'  AND `method` = 'goods_add_cate' LIMIT 1 [ RunTime:0.000976s ]
[ sql ] [ SQL ] SELECT * FROM `ims_ybsc_bus_module` WHERE  `controller` = 'Goods'  AND `method` = 'goods_add_cate' LIMIT 1 [ RunTime:0.000977s ]
[ sql ] [ SQL ] SHOW COLUMNS FROM `ims_ybsc_business_about` [ RunTime:0.021484s ]
[ sql ] [ SQL ] SELECT * FROM `ims_ybsc_business_about` WHERE  `mch_id` = 2 LIMIT 1 [ RunTime:0.000977s ]
[ sql ] [ SQL ] SELECT COUNT(*) AS tp_count FROM `ims_ybsc_bus_module` WHERE  `module_id` IS NULL LIMIT 1 [ RunTime:0.000000s ]
[ sql ] [ SQL ] SELECT `module_id`,`module_name`,`controller`,`method`,`pid`,`url`,`is_menu`,`is_control_auth`,`logo` FROM `ims_ybsc_bus_module` WHERE  `pid` = 0  AND `is_menu` = 1 ORDER BY `sort` [ RunTime:0.000000s ]
[ sql ] [ SQL ] SHOW COLUMNS FROM `ims_ybsc_user_permission` [ RunTime:0.021485s ]
[ sql ] [ SQL ] SELECT * FROM `ims_ybsc_user_permission` WHERE  `user_id` = 1 LIMIT 1 [ RunTime:0.000976s ]
[ sql ] [ SQL ] SELECT * FROM `ims_ybsc_bus_module` WHERE  `is_menu` = 1 ORDER BY sort asc,module_id asc [ RunTime:0.000977s ]
[ sql ] [ SQL ] SHOW COLUMNS FROM `ims_ybsc_copyright` [ RunTime:0.018555s ]
[ sql ] [ SQL ] SELECT * FROM `ims_ybsc_copyright` WHERE  `id` = 1 LIMIT 1 [ RunTime:0.000976s ]
[ sql ] [ SQL ] SELECT * FROM `ims_ybsc_copyright` WHERE  `id` = 1 LIMIT 1 [ RunTime:0.000000s ]
[ sql ] [ SQL ] SHOW COLUMNS FROM `ims_account` [ RunTime:0.021485s ]
[ sql ] [ SQL ] SELECT `endtime` FROM `ims_account` WHERE  `uniacid` = 2 LIMIT 1 [ RunTime:0.000976s ]
[ sql ] [ SQL ] SHOW COLUMNS FROM `ims_ybsc_goods_cate` [ RunTime:0.024414s ]
[ sql ] [ SQL ] SELECT COUNT(*) AS tp_count FROM `ims_ybsc_goods_cate` WHERE  `pid` = 0  AND `mch_id` = 2 LIMIT 1 [ RunTime:0.000000s ]
[ sql ] [ SQL ] SELECT * FROM `ims_ybsc_goods_cate` WHERE  `pid` = 0  AND `mch_id` = 2 ORDER BY pid,sort [ RunTime:0.000000s ]
---------------------------------------------------------------
[ 2018-11-07T09:17:10+08:00 ] 0.0.0.0 115.53.175.72 GET /addons/yb_shop/core/index.php?s=/admin/images/dialogalbumlist&number=1&type=zhu
[ error ] [2]Class __PHP_Incomplete_Class has no unserializer[D:\Hostweb\wbwx.xcweibao.com\addons\yb_shop\core\thinkphp\library\think\Session.php:307]
[ error ] [8]Undefined variable: seried[D:\Hostweb\wbwx.xcweibao.com\framework\function\global.func.php:244]
[ error ] [8]Undefined offset: 1[D:\Hostweb\wbwx.xcweibao.com\framework\class\db.class.php:708]
[ error ] [8]Undefined variable: seried[D:\Hostweb\wbwx.xcweibao.com\framework\function\global.func.php:244]
[ error ] [8]Undefined index: remote[D:\Hostweb\wbwx.xcweibao.com\framework\model\setting.mod.php:48]
[ error ] [8]Undefined index: remote[D:\Hostweb\wbwx.xcweibao.com\framework\model\setting.mod.php:48]
[ error ] [2]scandir() has been disabled for security reasons[D:\Hostweb\wbwx.xcweibao.com\addons\yb_shop\core\thinkphp\library\think\App.php:444]
[ error ] [2]Invalid argument supplied for foreach()[D:\Hostweb\wbwx.xcweibao.com\addons\yb_shop\core\thinkphp\library\think\App.php:445]
[ sql ] [ DB ] CONNECT:[ UseTime:0.000977s ] mysql:host=127.0.0.1;port=3306;dbname=wbwx;charset=utf8
[ sql ] [ SQL ] SHOW COLUMNS FROM `ims_ybsc_business` [ RunTime:0.021485s ]
[ sql ] [ SQL ] SELECT * FROM `ims_ybsc_business` WHERE  `id` = 2 LIMIT 1 [ RunTime:0.000976s ]
[ sql ] [ SQL ] SHOW COLUMNS FROM `ims_ybsc_config` [ RunTime:0.013672s ]
[ sql ] [ SQL ] SELECT * FROM `ims_ybsc_config` WHERE  `mch_id` = 2 LIMIT 1 [ RunTime:0.000977s ]
[ sql ] [ SQL ] UPDATE `ims_ybsc_config`  SET `id`=2,`key`='WXPAY',`value`='{\"APP_ID\":\"wx5df84644cdbd8835\",\"APP_NAME\":\"\\u5fae\\u5b9d\\u7f51\\u7edc\",\"APP_SECRET\":\"91ba2cc99fba1ec2da4ba987b76a442e\",\"APP_MCHID\":\"\",\"APP_URL\":\"https:\\/\\/wbwx.xcweibao.com\\/addons\\/yb_shop\\/core\\/pay.php\",\"APP_URL_BG\":\"https:\\/\\/wbwx.xcweibao.com\\/addons\\/yb_shop\\/core\\/bargain_pay.php\",\"APP_KEY\":\"\",\"APP_URL_PT\":\"https:\\/\\/wbwx.xcweibao.com\\/addons\\/yb_shop\\/core\\/pt_pay.php\",\"PAY_TYPE\":\"0\"}',`value2`='',`info`='微信支付',`is_use`=1,`mch_id`=2,`modify_time`=1539594585  WHERE  `mch_id` = 2 [ RunTime:0.000976s ]
[ sql ] [ SQL ] SHOW COLUMNS FROM `ims_ybsc_bus_module` [ RunTime:0.020508s ]
[ sql ] [ SQL ] SELECT COUNT(module_id) AS tp_count FROM `ims_ybsc_bus_module` WHERE  `controller` = 'Images'  AND `method` = 'dialogalbumlist' LIMIT 1 [ RunTime:0.000977s ]
[ sql ] [ SQL ] SELECT * FROM `ims_ybsc_bus_module` WHERE  `controller` = 'Images'  AND `method` = 'dialogalbumlist' LIMIT 1 [ RunTime:0.000977s ]
[ sql ] [ SQL ] SHOW COLUMNS FROM `ims_ybsc_business_about` [ RunTime:0.018554s ]
[ sql ] [ SQL ] SELECT * FROM `ims_ybsc_business_about` WHERE  `mch_id` = 2 LIMIT 1 [ RunTime:0.000977s ]
[ sql ] [ SQL ] SELECT COUNT(*) AS tp_count FROM `ims_ybsc_bus_module` WHERE  `module_id` IS NULL LIMIT 1 [ RunTime:0.000000s ]
[ sql ] [ SQL ] SELECT `module_id`,`module_name`,`controller`,`method`,`pid`,`url`,`is_menu`,`is_control_auth`,`logo` FROM `ims_ybsc_bus_module` WHERE  `pid` = 0  AND `is_menu` = 1 ORDER BY `sort` [ RunTime:0.000977s ]
[ sql ] [ SQL ] SHOW COLUMNS FROM `ims_ybsc_user_permission` [ RunTime:0.015625s ]
[ sql ] [ SQL ] SELECT * FROM `ims_ybsc_user_permission` WHERE  `user_id` = 1 LIMIT 1 [ RunTime:0.000976s ]
[ sql ] [ SQL ] SELECT * FROM `ims_ybsc_bus_module` WHERE  `is_menu` = 1 ORDER BY sort asc,module_id asc [ RunTime:0.000977s ]
[ sql ] [ SQL ] SHOW COLUMNS FROM `ims_ybsc_copyright` [ RunTime:0.019531s ]
[ sql ] [ SQL ] SELECT * FROM `ims_ybsc_copyright` WHERE  `id` = 1 LIMIT 1 [ RunTime:0.000000s ]
[ sql ] [ SQL ] SELECT * FROM `ims_ybsc_copyright` WHERE  `id` = 1 LIMIT 1 [ RunTime:0.000000s ]
[ sql ] [ SQL ] SHOW COLUMNS FROM `ims_account` [ RunTime:0.019531s ]
[ sql ] [ SQL ] SELECT `endtime` FROM `ims_account` WHERE  `uniacid` = 2 LIMIT 1 [ RunTime:0.000976s ]
[ sql ] [ SQL ] SHOW COLUMNS FROM `ims_ybsc_images_group` [ RunTime:0.020508s ]
[ sql ] [ SQL ] SELECT * FROM `ims_ybsc_images_group` WHERE  `is_default` = 1 LIMIT 1 [ RunTime:0.000976s ]
---------------------------------------------------------------
[ 2018-11-07T09:17:11+08:00 ] 0.0.0.0 115.53.175.72 POST /addons/yb_shop/core/index.php?s=/admin/images/getalbumclassall.html
[ error ] [2]Class __PHP_Incomplete_Class has no unserializer[D:\Hostweb\wbwx.xcweibao.com\addons\yb_shop\core\thinkphp\library\think\Session.php:307]
[ error ] [8]Undefined variable: seried[D:\Hostweb\wbwx.xcweibao.com\framework\function\global.func.php:244]
[ error ] [8]Undefined offset: 1[D:\Hostweb\wbwx.xcweibao.com\framework\class\db.class.php:708]
[ error ] [8]Undefined variable: seried[D:\Hostweb\wbwx.xcweibao.com\framework\function\global.func.php:244]
[ error ] [8]Undefined index: remote[D:\Hostweb\wbwx.xcweibao.com\framework\model\setting.mod.php:48]
[ error ] [8]Undefined index: remote[D:\Hostweb\wbwx.xcweibao.com\framework\model\setting.mod.php:48]
[ error ] [2]scandir() has been disabled for security reasons[D:\Hostweb\wbwx.xcweibao.com\addons\yb_shop\core\thinkphp\library\think\App.php:444]
[ error ] [2]Invalid argument supplied for foreach()[D:\Hostweb\wbwx.xcweibao.com\addons\yb_shop\core\thinkphp\library\think\App.php:445]
[ sql ] [ DB ] CONNECT:[ UseTime:0.001953s ] mysql:host=127.0.0.1;port=3306;dbname=wbwx;charset=utf8
[ sql ] [ SQL ] SHOW COLUMNS FROM `ims_ybsc_business` [ RunTime:0.020507s ]
[ sql ] [ SQL ] SELECT * FROM `ims_ybsc_business` WHERE  `id` = 2 LIMIT 1 [ RunTime:0.000977s ]
[ sql ] [ SQL ] SHOW COLUMNS FROM `ims_ybsc_config` [ RunTime:0.013672s ]
[ sql ] [ SQL ] SELECT * FROM `ims_ybsc_config` WHERE  `mch_id` = 2 LIMIT 1 [ RunTime:0.000000s ]
[ sql ] [ SQL ] UPDATE `ims_ybsc_config`  SET `id`=2,`key`='WXPAY',`value`='{\"APP_ID\":\"wx5df84644cdbd8835\",\"APP_NAME\":\"\\u5fae\\u5b9d\\u7f51\\u7edc\",\"APP_SECRET\":\"91ba2cc99fba1ec2da4ba987b76a442e\",\"APP_MCHID\":\"\",\"APP_URL\":\"https:\\/\\/wbwx.xcweibao.com\\/addons\\/yb_shop\\/core\\/pay.php\",\"APP_URL_BG\":\"https:\\/\\/wbwx.xcweibao.com\\/addons\\/yb_shop\\/core\\/bargain_pay.php\",\"APP_KEY\":\"\",\"APP_URL_PT\":\"https:\\/\\/wbwx.xcweibao.com\\/addons\\/yb_shop\\/core\\/pt_pay.php\",\"PAY_TYPE\":\"0\"}',`value2`='',`info`='微信支付',`is_use`=1,`mch_id`=2,`modify_time`=1539594585  WHERE  `mch_id` = 2 [ RunTime:0.000000s ]
[ sql ] [ SQL ] SHOW COLUMNS FROM `ims_ybsc_bus_module` [ RunTime:0.019531s ]
[ sql ] [ SQL ] SELECT COUNT(module_id) AS tp_count FROM `ims_ybsc_bus_module` WHERE  `controller` = 'Images'  AND `method` = 'getalbumclassall' LIMIT 1 [ RunTime:0.000977s ]
[ sql ] [ SQL ] SELECT * FROM `ims_ybsc_bus_module` WHERE  `controller` = 'Images'  AND `method` = 'getalbumclassall' LIMIT 1 [ RunTime:0.000976s ]
[ sql ] [ SQL ] SHOW COLUMNS FROM `ims_ybsc_business_about` [ RunTime:0.021484s ]
[ sql ] [ SQL ] SELECT * FROM `ims_ybsc_business_about` WHERE  `mch_id` = 2 LIMIT 1 [ RunTime:0.000977s ]
[ sql ] [ SQL ] SELECT COUNT(*) AS tp_count FROM `ims_ybsc_bus_module` WHERE  `module_id` IS NULL LIMIT 1 [ RunTime:0.000000s ]
[ sql ] [ SQL ] SELECT `module_id`,`module_name`,`controller`,`method`,`pid`,`url`,`is_menu`,`is_control_auth`,`logo` FROM `ims_ybsc_bus_module` WHERE  `pid` = 0  AND `is_menu` = 1 ORDER BY `sort` [ RunTime:0.000000s ]
[ sql ] [ SQL ] SHOW COLUMNS FROM `ims_ybsc_user_permission` [ RunTime:0.018555s ]
[ sql ] [ SQL ] SELECT * FROM `ims_ybsc_user_permission` WHERE  `user_id` = 1 LIMIT 1 [ RunTime:0.000000s ]
[ sql ] [ SQL ] SELECT * FROM `ims_ybsc_bus_module` WHERE  `is_menu` = 1 ORDER BY sort asc,module_id asc [ RunTime:0.000977s ]
[ sql ] [ SQL ] SHOW COLUMNS FROM `ims_ybsc_copyright` [ RunTime:0.017578s ]
[ sql ] [ SQL ] SELECT * FROM `ims_ybsc_copyright` WHERE  `id` = 1 LIMIT 1 [ RunTime:0.000977s ]
[ sql ] [ SQL ] SELECT * FROM `ims_ybsc_copyright` WHERE  `id` = 1 LIMIT 1 [ RunTime:0.000000s ]
[ sql ] [ SQL ] SHOW COLUMNS FROM `ims_account` [ RunTime:0.019532s ]
[ sql ] [ SQL ] SELECT `endtime` FROM `ims_account` WHERE  `uniacid` = 2 LIMIT 1 [ RunTime:0.000976s ]
[ sql ] [ SQL ] SHOW COLUMNS FROM `ims_ybsc_images_group` [ RunTime:0.015625s ]
[ sql ] [ SQL ] SELECT * FROM `ims_ybsc_images_group` WHERE  `mch_id` = 2 ORDER BY `sort` [ RunTime:0.000000s ]
[ sql ] [ SQL ] SHOW COLUMNS FROM `ims_ybsc_images` [ RunTime:0.020508s ]
[ sql ] [ SQL ] SELECT COUNT(*) AS tp_count FROM `ims_ybsc_images` WHERE  (  group_id=1 ) LIMIT 1 [ RunTime:0.000977s ]
---------------------------------------------------------------
[ 2018-11-07T09:17:12+08:00 ] 0.0.0.0 115.53.175.72 POST /addons/yb_shop/core/index.php?s=/admin/images/albumpicturelist.html
[ error ] [2]Class __PHP_Incomplete_Class has no unserializer[D:\Hostweb\wbwx.xcweibao.com\addons\yb_shop\core\thinkphp\library\think\Session.php:307]
[ error ] [8]Undefined variable: seried[D:\Hostweb\wbwx.xcweibao.com\framework\function\global.func.php:244]
[ error ] [8]Undefined offset: 1[D:\Hostweb\wbwx.xcweibao.com\framework\class\db.class.php:708]
[ error ] [8]Undefined variable: seried[D:\Hostweb\wbwx.xcweibao.com\framework\function\global.func.php:244]
[ error ] [8]Undefined index: remote[D:\Hostweb\wbwx.xcweibao.com\framework\model\setting.mod.php:48]
[ error ] [8]Undefined index: remote[D:\Hostweb\wbwx.xcweibao.com\framework\model\setting.mod.php:48]
[ error ] [2]scandir() has been disabled for security reasons[D:\Hostweb\wbwx.xcweibao.com\addons\yb_shop\core\thinkphp\library\think\App.php:444]
[ error ] [2]Invalid argument supplied for foreach()[D:\Hostweb\wbwx.xcweibao.com\addons\yb_shop\core\thinkphp\library\think\App.php:445]
[ sql ] [ DB ] CONNECT:[ UseTime:0.000976s ] mysql:host=127.0.0.1;port=3306;dbname=wbwx;charset=utf8
[ sql ] [ SQL ] SHOW COLUMNS FROM `ims_ybsc_business` [ RunTime:0.018554s ]
[ sql ] [ SQL ] SELECT * FROM `ims_ybsc_business` WHERE  `id` = 2 LIMIT 1 [ RunTime:0.000000s ]
[ sql ] [ SQL ] SHOW COLUMNS FROM `ims_ybsc_config` [ RunTime:0.019531s ]
[ sql ] [ SQL ] SELECT * FROM `ims_ybsc_config` WHERE  `mch_id` = 2 LIMIT 1 [ RunTime:0.000000s ]
[ sql ] [ SQL ] UPDATE `ims_ybsc_config`  SET `id`=2,`key`='WXPAY',`value`='{\"APP_ID\":\"wx5df84644cdbd8835\",\"APP_NAME\":\"\\u5fae\\u5b9d\\u7f51\\u7edc\",\"APP_SECRET\":\"91ba2cc99fba1ec2da4ba987b76a442e\",\"APP_MCHID\":\"\",\"APP_URL\":\"https:\\/\\/wbwx.xcweibao.com\\/addons\\/yb_shop\\/core\\/pay.php\",\"APP_URL_BG\":\"https:\\/\\/wbwx.xcweibao.com\\/addons\\/yb_shop\\/core\\/bargain_pay.php\",\"APP_KEY\":\"\",\"APP_URL_PT\":\"https:\\/\\/wbwx.xcweibao.com\\/addons\\/yb_shop\\/core\\/pt_pay.php\",\"PAY_TYPE\":\"0\"}',`value2`='',`info`='微信支付',`is_use`=1,`mch_id`=2,`modify_time`=1539594585  WHERE  `mch_id` = 2 [ RunTime:0.000977s ]
[ sql ] [ SQL ] SHOW COLUMNS FROM `ims_ybsc_bus_module` [ RunTime:0.020508s ]
[ sql ] [ SQL ] SELECT COUNT(module_id) AS tp_count FROM `ims_ybsc_bus_module` WHERE  `controller` = 'Images'  AND `method` = 'albumpicturelist' LIMIT 1 [ RunTime:0.000977s ]
[ sql ] [ SQL ] SELECT * FROM `ims_ybsc_bus_module` WHERE  `controller` = 'Images'  AND `method` = 'albumpicturelist' LIMIT 1 [ RunTime:0.000976s ]
[ sql ] [ SQL ] SHOW COLUMNS FROM `ims_ybsc_business_about` [ RunTime:0.018555s ]
[ sql ] [ SQL ] SELECT * FROM `ims_ybsc_business_about` WHERE  `mch_id` = 2 LIMIT 1 [ RunTime:0.000976s ]
[ sql ] [ SQL ] SELECT COUNT(*) AS tp_count FROM `ims_ybsc_bus_module` WHERE  `module_id` IS NULL LIMIT 1 [ RunTime:0.000977s ]
[ sql ] [ SQL ] SELECT `module_id`,`module_name`,`controller`,`method`,`pid`,`url`,`is_menu`,`is_control_auth`,`logo` FROM `ims_ybsc_bus_module` WHERE  `pid` = 0  AND `is_menu` = 1 ORDER BY `sort` [ RunTime:0.000977s ]
[ sql ] [ SQL ] SHOW COLUMNS FROM `ims_ybsc_user_permission` [ RunTime:0.019531s ]
[ sql ] [ SQL ] SELECT * FROM `ims_ybsc_user_permission` WHERE  `user_id` = 1 LIMIT 1 [ RunTime:0.000000s ]
[ sql ] [ SQL ] SELECT * FROM `ims_ybsc_bus_module` WHERE  `is_menu` = 1 ORDER BY sort asc,module_id asc [ RunTime:0.000000s ]
[ sql ] [ SQL ] SHOW COLUMNS FROM `ims_ybsc_copyright` [ RunTime:0.018555s ]
[ sql ] [ SQL ] SELECT * FROM `ims_ybsc_copyright` WHERE  `id` = 1 LIMIT 1 [ RunTime:0.000976s ]
[ sql ] [ SQL ] SELECT * FROM `ims_ybsc_copyright` WHERE  `id` = 1 LIMIT 1 [ RunTime:0.000000s ]
[ sql ] [ SQL ] SHOW COLUMNS FROM `ims_account` [ RunTime:0.021484s ]
[ sql ] [ SQL ] SELECT `endtime` FROM `ims_account` WHERE  `uniacid` = 2 LIMIT 1 [ RunTime:0.000977s ]
[ sql ] [ SQL ] SHOW COLUMNS FROM `ims_ybsc_images` [ RunTime:0.016601s ]
[ sql ] [ SQL ] SELECT * FROM `ims_ybsc_images` WHERE  `group_id` = 1 ORDER BY upload_time desc [ RunTime:0.000976s ]
---------------------------------------------------------------
[ 2018-11-07T09:17:16+08:00 ] 0.0.0.0 115.53.175.72 POST /addons/yb_shop/core/index.php?s=/admin/goods/goods_add_cate.html
[ error ] [2]Class __PHP_Incomplete_Class has no unserializer[D:\Hostweb\wbwx.xcweibao.com\addons\yb_shop\core\thinkphp\library\think\Session.php:307]
[ error ] [8]Undefined variable: seried[D:\Hostweb\wbwx.xcweibao.com\framework\function\global.func.php:244]
[ error ] [8]Undefined offset: 1[D:\Hostweb\wbwx.xcweibao.com\framework\class\db.class.php:708]
[ error ] [8]Undefined variable: seried[D:\Hostweb\wbwx.xcweibao.com\framework\function\global.func.php:244]
[ error ] [8]Undefined index: remote[D:\Hostweb\wbwx.xcweibao.com\framework\model\setting.mod.php:48]
[ error ] [8]Undefined index: remote[D:\Hostweb\wbwx.xcweibao.com\framework\model\setting.mod.php:48]
[ error ] [2]scandir() has been disabled for security reasons[D:\Hostweb\wbwx.xcweibao.com\addons\yb_shop\core\thinkphp\library\think\App.php:444]
[ error ] [2]Invalid argument supplied for foreach()[D:\Hostweb\wbwx.xcweibao.com\addons\yb_shop\core\thinkphp\library\think\App.php:445]
[ sql ] [ DB ] CONNECT:[ UseTime:0.000976s ] mysql:host=127.0.0.1;port=3306;dbname=wbwx;charset=utf8
[ sql ] [ SQL ] SHOW COLUMNS FROM `ims_ybsc_business` [ RunTime:0.021484s ]
[ sql ] [ SQL ] SELECT * FROM `ims_ybsc_business` WHERE  `id` = 2 LIMIT 1 [ RunTime:0.000976s ]
[ sql ] [ SQL ] SHOW COLUMNS FROM `ims_ybsc_config` [ RunTime:0.021484s ]
[ sql ] [ SQL ] SELECT * FROM `ims_ybsc_config` WHERE  `mch_id` = 2 LIMIT 1 [ RunTime:0.000976s ]
[ sql ] [ SQL ] UPDATE `ims_ybsc_config`  SET `id`=2,`key`='WXPAY',`value`='{\"APP_ID\":\"wx5df84644cdbd8835\",\"APP_NAME\":\"\\u5fae\\u5b9d\\u7f51\\u7edc\",\"APP_SECRET\":\"91ba2cc99fba1ec2da4ba987b76a442e\",\"APP_MCHID\":\"\",\"APP_URL\":\"https:\\/\\/wbwx.xcweibao.com\\/addons\\/yb_shop\\/core\\/pay.php\",\"APP_URL_BG\":\"https:\\/\\/wbwx.xcweibao.com\\/addons\\/yb_shop\\/core\\/bargain_pay.php\",\"APP_KEY\":\"\",\"APP_URL_PT\":\"https:\\/\\/wbwx.xcweibao.com\\/addons\\/yb_shop\\/core\\/pt_pay.php\",\"PAY_TYPE\":\"0\"}',`value2`='',`info`='微信支付',`is_use`=1,`mch_id`=2,`modify_time`=1539594585  WHERE  `mch_id` = 2 [ RunTime:0.000000s ]
[ sql ] [ SQL ] SHOW COLUMNS FROM `ims_ybsc_bus_module` [ RunTime:0.024414s ]
[ sql ] [ SQL ] SELECT COUNT(module_id) AS tp_count FROM `ims_ybsc_bus_module` WHERE  `controller` = 'Goods'  AND `method` = 'goods_add_cate' LIMIT 1 [ RunTime:0.000977s ]
[ sql ] [ SQL ] SELECT * FROM `ims_ybsc_bus_module` WHERE  `controller` = 'Goods'  AND `method` = 'goods_add_cate' LIMIT 1 [ RunTime:0.000977s ]
[ sql ] [ SQL ] SHOW COLUMNS FROM `ims_ybsc_business_about` [ RunTime:0.022460s ]
[ sql ] [ SQL ] SELECT * FROM `ims_ybsc_business_about` WHERE  `mch_id` = 2 LIMIT 1 [ RunTime:0.000977s ]
[ sql ] [ SQL ] SELECT COUNT(*) AS tp_count FROM `ims_ybsc_bus_module` WHERE  `module_id` IS NULL LIMIT 1 [ RunTime:0.000000s ]
[ sql ] [ SQL ] SELECT `module_id`,`module_name`,`controller`,`method`,`pid`,`url`,`is_menu`,`is_control_auth`,`logo` FROM `ims_ybsc_bus_module` WHERE  `pid` = 0  AND `is_menu` = 1 ORDER BY `sort` [ RunTime:0.000977s ]
[ sql ] [ SQL ] SHOW COLUMNS FROM `ims_ybsc_user_permission` [ RunTime:0.021484s ]
[ sql ] [ SQL ] SELECT * FROM `ims_ybsc_user_permission` WHERE  `user_id` = 1 LIMIT 1 [ RunTime:0.000977s ]
[ sql ] [ SQL ] SELECT * FROM `ims_ybsc_bus_module` WHERE  `is_menu` = 1 ORDER BY sort asc,module_id asc [ RunTime:0.000977s ]
[ sql ] [ SQL ] SHOW COLUMNS FROM `ims_ybsc_copyright` [ RunTime:0.021484s ]
[ sql ] [ SQL ] SELECT * FROM `ims_ybsc_copyright` WHERE  `id` = 1 LIMIT 1 [ RunTime:0.000977s ]
[ sql ] [ SQL ] SELECT * FROM `ims_ybsc_copyright` WHERE  `id` = 1 LIMIT 1 [ RunTime:0.000976s ]
[ sql ] [ SQL ] SHOW COLUMNS FROM `ims_account` [ RunTime:0.022461s ]
[ sql ] [ SQL ] SELECT `endtime` FROM `ims_account` WHERE  `uniacid` = 2 LIMIT 1 [ RunTime:0.000977s ]
[ sql ] [ SQL ] SHOW COLUMNS FROM `ims_ybsc_goods_cate` [ RunTime:0.023437s ]
[ sql ] [ SQL ] SELECT * FROM `ims_ybsc_goods_cate` WHERE  `cate_name` = '测试'  AND `pid` = 0  AND `level` = 1  AND `mch_id` = 2 LIMIT 1 [ RunTime:0.000976s ]
[ sql ] [ SQL ] INSERT INTO `ims_ybsc_goods_cate` (`cate_name` , `short_name` , `pid` , `level` , `is_visible` , `keywords` , `description` , `sort` , `cate_pic` , `create_time` , `mch_id`) VALUES ('测试' , '测试' , 0 , 1 , 1 , '' , '' , 0 , 'https://wbwx.xcweibao.com/addons/yb_shop/core/public/upload/2/public/upload/bargain/d6de0ea954632d22dcff40c6328af73a.png' , 1541553435 , 2) [ RunTime:0.000000s ]
---------------------------------------------------------------
[ 2018-11-07T09:17:17+08:00 ] 0.0.0.0 115.53.175.72 GET /addons/yb_shop/core/index.php?s=/admin/goods/goodscategorylist.html
[ error ] [2]Class __PHP_Incomplete_Class has no unserializer[D:\Hostweb\wbwx.xcweibao.com\addons\yb_shop\core\thinkphp\library\think\Session.php:307]
[ error ] [8]Undefined variable: seried[D:\Hostweb\wbwx.xcweibao.com\framework\function\global.func.php:244]
[ error ] [8]Undefined offset: 1[D:\Hostweb\wbwx.xcweibao.com\framework\class\db.class.php:708]
[ error ] [8]Undefined variable: seried[D:\Hostweb\wbwx.xcweibao.com\framework\function\global.func.php:244]
[ error ] [8]Undefined index: remote[D:\Hostweb\wbwx.xcweibao.com\framework\model\setting.mod.php:48]
[ error ] [8]Undefined index: remote[D:\Hostweb\wbwx.xcweibao.com\framework\model\setting.mod.php:48]
[ error ] [2]scandir() has been disabled for security reasons[D:\Hostweb\wbwx.xcweibao.com\addons\yb_shop\core\thinkphp\library\think\App.php:444]
[ error ] [2]Invalid argument supplied for foreach()[D:\Hostweb\wbwx.xcweibao.com\addons\yb_shop\core\thinkphp\library\think\App.php:445]
[ sql ] [ DB ] CONNECT:[ UseTime:0.001953s ] mysql:host=127.0.0.1;port=3306;dbname=wbwx;charset=utf8
[ sql ] [ SQL ] SHOW COLUMNS FROM `ims_ybsc_business` [ RunTime:0.021484s ]
[ sql ] [ SQL ] SELECT * FROM `ims_ybsc_business` WHERE  `id` = 2 LIMIT 1 [ RunTime:0.000000s ]
[ sql ] [ SQL ] SHOW COLUMNS FROM `ims_ybsc_config` [ RunTime:0.022461s ]
[ sql ] [ SQL ] SELECT * FROM `ims_ybsc_config` WHERE  `mch_id` = 2 LIMIT 1 [ RunTime:0.000976s ]
[ sql ] [ SQL ] UPDATE `ims_ybsc_config`  SET `id`=2,`key`='WXPAY',`value`='{\"APP_ID\":\"wx5df84644cdbd8835\",\"APP_NAME\":\"\\u5fae\\u5b9d\\u7f51\\u7edc\",\"APP_SECRET\":\"91ba2cc99fba1ec2da4ba987b76a442e\",\"APP_MCHID\":\"\",\"APP_URL\":\"https:\\/\\/wbwx.xcweibao.com\\/addons\\/yb_shop\\/core\\/pay.php\",\"APP_URL_BG\":\"https:\\/\\/wbwx.xcweibao.com\\/addons\\/yb_shop\\/core\\/bargain_pay.php\",\"APP_KEY\":\"\",\"APP_URL_PT\":\"https:\\/\\/wbwx.xcweibao.com\\/addons\\/yb_shop\\/core\\/pt_pay.php\",\"PAY_TYPE\":\"0\"}',`value2`='',`info`='微信支付',`is_use`=1,`mch_id`=2,`modify_time`=1539594585  WHERE  `mch_id` = 2 [ RunTime:0.000000s ]
[ sql ] [ SQL ] SHOW COLUMNS FROM `ims_ybsc_bus_module` [ RunTime:0.020508s ]
[ sql ] [ SQL ] SELECT COUNT(module_id) AS tp_count FROM `ims_ybsc_bus_module` WHERE  `controller` = 'Goods'  AND `method` = 'goodscategorylist' LIMIT 1 [ RunTime:0.000976s ]
[ sql ] [ SQL ] SELECT * FROM `ims_ybsc_bus_module` WHERE  `controller` = 'Goods'  AND `method` = 'goodscategorylist' LIMIT 1 [ RunTime:0.000000s ]
[ sql ] [ SQL ] SHOW COLUMNS FROM `ims_ybsc_business_about` [ RunTime:0.021485s ]
[ sql ] [ SQL ] SELECT * FROM `ims_ybsc_business_about` WHERE  `mch_id` = 2 LIMIT 1 [ RunTime:0.000000s ]
[ sql ] [ SQL ] SELECT COUNT(*) AS tp_count FROM `ims_ybsc_bus_module` WHERE  `module_id` = 25 LIMIT 1 [ RunTime:0.000000s ]
[ sql ] [ SQL ] SELECT `pid`,`level` FROM `ims_ybsc_bus_module` WHERE  `module_id` = 25  AND `pid` <> 0 LIMIT 1 [ RunTime:0.000976s ]
[ sql ] [ SQL ] SELECT `pid`,`module_id`,`level` FROM `ims_ybsc_bus_module` WHERE  `module_id` = 12  AND `pid` <> 0 LIMIT 1 [ RunTime:0.000977s ]
[ sql ] [ SQL ] SELECT `module_id`,`module_name`,`controller`,`method`,`pid`,`url`,`is_menu`,`is_control_auth`,`logo` FROM `ims_ybsc_bus_module` WHERE  `pid` = 0  AND `is_menu` = 1 ORDER BY `sort` [ RunTime:0.000000s ]
[ sql ] [ SQL ] SHOW COLUMNS FROM `ims_ybsc_user_permission` [ RunTime:0.023437s ]
[ sql ] [ SQL ] SELECT * FROM `ims_ybsc_user_permission` WHERE  `user_id` = 1 LIMIT 1 [ RunTime:0.000000s ]
[ sql ] [ SQL ] SELECT * FROM `ims_ybsc_bus_module` WHERE  `is_menu` = 1 ORDER BY sort asc,module_id asc [ RunTime:0.000977s ]
[ sql ] [ SQL ] SHOW COLUMNS FROM `ims_ybsc_copyright` [ RunTime:0.021485s ]
[ sql ] [ SQL ] SELECT * FROM `ims_ybsc_copyright` WHERE  `id` = 1 LIMIT 1 [ RunTime:0.000977s ]
[ sql ] [ SQL ] SELECT * FROM `ims_ybsc_copyright` WHERE  `id` = 1 LIMIT 1 [ RunTime:0.000000s ]
[ sql ] [ SQL ] SHOW COLUMNS FROM `ims_account` [ RunTime:0.022461s ]
[ sql ] [ SQL ] SELECT `endtime` FROM `ims_account` WHERE  `uniacid` = 2 LIMIT 1 [ RunTime:0.000977s ]
[ sql ] [ SQL ] SHOW COLUMNS FROM `ims_ybsc_goods_cate` [ RunTime:0.021484s ]
[ sql ] [ SQL ] SELECT `cate_id`,`cate_name`,`is_visible`,`short_name`,`pid`,`cate_pic`,`sort` FROM `ims_ybsc_goods_cate` WHERE  `level` = 1  AND `mch_id` = 2 ORDER BY `sort` [ RunTime:0.000976s ]
[ sql ] [ SQL ] SELECT `cate_id`,`cate_name`,`short_name`,`pid`,`is_visible`,`cate_pic`,`sort` FROM `ims_ybsc_goods_cate` WHERE  `level` = 2  AND `pid` = 1 ORDER BY `sort` [ RunTime:0.000000s ]
---------------------------------------------------------------
[ 2018-11-07T09:17:19+08:00 ] 0.0.0.0 115.53.175.72 GET /addons/yb_shop/core/index.php?s=/admin/goods/goodslist
[ error ] [2]Class __PHP_Incomplete_Class has no unserializer[D:\Hostweb\wbwx.xcweibao.com\addons\yb_shop\core\thinkphp\library\think\Session.php:307]
[ error ] [8]Undefined variable: seried[D:\Hostweb\wbwx.xcweibao.com\framework\function\global.func.php:244]
[ error ] [8]Undefined offset: 1[D:\Hostweb\wbwx.xcweibao.com\framework\class\db.class.php:708]
[ error ] [8]Undefined variable: seried[D:\Hostweb\wbwx.xcweibao.com\framework\function\global.func.php:244]
[ error ] [8]Undefined index: remote[D:\Hostweb\wbwx.xcweibao.com\framework\model\setting.mod.php:48]
[ error ] [8]Undefined index: remote[D:\Hostweb\wbwx.xcweibao.com\framework\model\setting.mod.php:48]
[ error ] [2]scandir() has been disabled for security reasons[D:\Hostweb\wbwx.xcweibao.com\addons\yb_shop\core\thinkphp\library\think\App.php:444]
[ error ] [2]Invalid argument supplied for foreach()[D:\Hostweb\wbwx.xcweibao.com\addons\yb_shop\core\thinkphp\library\think\App.php:445]
[ sql ] [ DB ] CONNECT:[ UseTime:0.000976s ] mysql:host=127.0.0.1;port=3306;dbname=wbwx;charset=utf8
[ sql ] [ SQL ] SHOW COLUMNS FROM `ims_ybsc_business` [ RunTime:0.021484s ]
[ sql ] [ SQL ] SELECT * FROM `ims_ybsc_business` WHERE  `id` = 2 LIMIT 1 [ RunTime:0.000977s ]
[ sql ] [ SQL ] SHOW COLUMNS FROM `ims_ybsc_config` [ RunTime:0.021485s ]
[ sql ] [ SQL ] SELECT * FROM `ims_ybsc_config` WHERE  `mch_id` = 2 LIMIT 1 [ RunTime:0.000977s ]
[ sql ] [ SQL ] UPDATE `ims_ybsc_config`  SET `id`=2,`key`='WXPAY',`value`='{\"APP_ID\":\"wx5df84644cdbd8835\",\"APP_NAME\":\"\\u5fae\\u5b9d\\u7f51\\u7edc\",\"APP_SECRET\":\"91ba2cc99fba1ec2da4ba987b76a442e\",\"APP_MCHID\":\"\",\"APP_URL\":\"https:\\/\\/wbwx.xcweibao.com\\/addons\\/yb_shop\\/core\\/pay.php\",\"APP_URL_BG\":\"https:\\/\\/wbwx.xcweibao.com\\/addons\\/yb_shop\\/core\\/bargain_pay.php\",\"APP_KEY\":\"\",\"APP_URL_PT\":\"https:\\/\\/wbwx.xcweibao.com\\/addons\\/yb_shop\\/core\\/pt_pay.php\",\"PAY_TYPE\":\"0\"}',`value2`='',`info`='微信支付',`is_use`=1,`mch_id`=2,`modify_time`=1539594585  WHERE  `mch_id` = 2 [ RunTime:0.000000s ]
[ sql ] [ SQL ] SHOW COLUMNS FROM `ims_ybsc_bus_module` [ RunTime:0.021484s ]
[ sql ] [ SQL ] SELECT COUNT(module_id) AS tp_count FROM `ims_ybsc_bus_module` WHERE  `controller` = 'Goods'  AND `method` = 'goodslist' LIMIT 1 [ RunTime:0.000000s ]
[ sql ] [ SQL ] SELECT * FROM `ims_ybsc_bus_module` WHERE  `controller` = 'Goods'  AND `method` = 'goodslist' LIMIT 1 [ RunTime:0.000976s ]
[ sql ] [ SQL ] SHOW COLUMNS FROM `ims_ybsc_business_about` [ RunTime:0.017578s ]
[ sql ] [ SQL ] SELECT * FROM `ims_ybsc_business_about` WHERE  `mch_id` = 2 LIMIT 1 [ RunTime:0.000000s ]
[ sql ] [ SQL ] SELECT COUNT(*) AS tp_count FROM `ims_ybsc_bus_module` WHERE  `module_id` = 22 LIMIT 1 [ RunTime:0.000000s ]
[ sql ] [ SQL ] SELECT `pid`,`level` FROM `ims_ybsc_bus_module` WHERE  `module_id` = 22  AND `pid` <> 0 LIMIT 1 [ RunTime:0.000000s ]
[ sql ] [ SQL ] SELECT `pid`,`module_id`,`level` FROM `ims_ybsc_bus_module` WHERE  `module_id` = 12  AND `pid` <> 0 LIMIT 1 [ RunTime:0.000000s ]
[ sql ] [ SQL ] SELECT `module_id`,`module_name`,`controller`,`method`,`pid`,`url`,`is_menu`,`is_control_auth`,`logo` FROM `ims_ybsc_bus_module` WHERE  `pid` = 0  AND `is_menu` = 1 ORDER BY `sort` [ RunTime:0.000976s ]
[ sql ] [ SQL ] SHOW COLUMNS FROM `ims_ybsc_user_permission` [ RunTime:0.019532s ]
[ sql ] [ SQL ] SELECT * FROM `ims_ybsc_user_permission` WHERE  `user_id` = 1 LIMIT 1 [ RunTime:0.000976s ]
[ sql ] [ SQL ] SELECT * FROM `ims_ybsc_bus_module` WHERE  `is_menu` = 1 ORDER BY sort asc,module_id asc [ RunTime:0.000977s ]
[ sql ] [ SQL ] SHOW COLUMNS FROM `ims_ybsc_copyright` [ RunTime:0.020508s ]
[ sql ] [ SQL ] SELECT * FROM `ims_ybsc_copyright` WHERE  `id` = 1 LIMIT 1 [ RunTime:0.000000s ]
[ sql ] [ SQL ] SELECT * FROM `ims_ybsc_copyright` WHERE  `id` = 1 LIMIT 1 [ RunTime:0.000000s ]
[ sql ] [ SQL ] SHOW COLUMNS FROM `ims_account` [ RunTime:0.013672s ]
[ sql ] [ SQL ] SELECT `endtime` FROM `ims_account` WHERE  `uniacid` = 2 LIMIT 1 [ RunTime:0.000000s ]
[ sql ] [ SQL ] SHOW COLUMNS FROM `ims_ybsc_goods` [ RunTime:0.021484s ]
[ sql ] [ SQL ] SELECT COUNT(*) AS tp_count FROM `ims_ybsc_goods` `ng` LEFT JOIN `ims_ybsc_images` `images` ON `ng`.`images`=`images`.`img_id` WHERE  `ng`.`is_del` <> '1'  AND `ng`.`mch_id` = '2' LIMIT 1 [ RunTime:0.000000s ]
[ sql ] [ SQL ] SELECT * FROM `ims_ybsc_goods` `ng` LEFT JOIN `ims_ybsc_images` `images` ON `ng`.`images`=`images`.`img_id` WHERE  `ng`.`is_del` <> '1'  AND `ng`.`mch_id` = '2' ORDER BY ng.sort desc,ng.create_time desc LIMIT 0,20 [ RunTime:0.000977s ]
[ sql ] [ SQL ] SHOW COLUMNS FROM `ims_ybsc_goods_cate` [ RunTime:0.020508s ]
[ sql ] [ SQL ] SELECT * FROM `ims_ybsc_goods_cate` WHERE  (  is_visible=1 )  AND `mch_id` = 2 [ RunTime:0.000977s ]
---------------------------------------------------------------
[ 2018-11-07T09:17:22+08:00 ] 0.0.0.0 115.53.175.72 GET /addons/yb_shop/core/index.php?s=/admin/goods/add_goods.html
[ error ] [2]Class __PHP_Incomplete_Class has no unserializer[D:\Hostweb\wbwx.xcweibao.com\addons\yb_shop\core\thinkphp\library\think\Session.php:307]
[ error ] [8]Undefined variable: seried[D:\Hostweb\wbwx.xcweibao.com\framework\function\global.func.php:244]
[ error ] [8]Undefined offset: 1[D:\Hostweb\wbwx.xcweibao.com\framework\class\db.class.php:708]
[ error ] [8]Undefined variable: seried[D:\Hostweb\wbwx.xcweibao.com\framework\function\global.func.php:244]
[ error ] [8]Undefined index: remote[D:\Hostweb\wbwx.xcweibao.com\framework\model\setting.mod.php:48]
[ error ] [8]Undefined index: remote[D:\Hostweb\wbwx.xcweibao.com\framework\model\setting.mod.php:48]
[ error ] [2]scandir() has been disabled for security reasons[D:\Hostweb\wbwx.xcweibao.com\addons\yb_shop\core\thinkphp\library\think\App.php:444]
[ error ] [2]Invalid argument supplied for foreach()[D:\Hostweb\wbwx.xcweibao.com\addons\yb_shop\core\thinkphp\library\think\App.php:445]
[ sql ] [ DB ] CONNECT:[ UseTime:0.000976s ] mysql:host=127.0.0.1;port=3306;dbname=wbwx;charset=utf8
[ sql ] [ SQL ] SHOW COLUMNS FROM `ims_ybsc_business` [ RunTime:0.022461s ]
[ sql ] [ SQL ] SELECT * FROM `ims_ybsc_business` WHERE  `id` = 2 LIMIT 1 [ RunTime:0.000977s ]
[ sql ] [ SQL ] SHOW COLUMNS FROM `ims_ybsc_config` [ RunTime:0.023438s ]
[ sql ] [ SQL ] SELECT * FROM `ims_ybsc_config` WHERE  `mch_id` = 2 LIMIT 1 [ RunTime:0.000976s ]
[ sql ] [ SQL ] UPDATE `ims_ybsc_config`  SET `id`=2,`key`='WXPAY',`value`='{\"APP_ID\":\"wx5df84644cdbd8835\",\"APP_NAME\":\"\\u5fae\\u5b9d\\u7f51\\u7edc\",\"APP_SECRET\":\"91ba2cc99fba1ec2da4ba987b76a442e\",\"APP_MCHID\":\"\",\"APP_URL\":\"https:\\/\\/wbwx.xcweibao.com\\/addons\\/yb_shop\\/core\\/pay.php\",\"APP_URL_BG\":\"https:\\/\\/wbwx.xcweibao.com\\/addons\\/yb_shop\\/core\\/bargain_pay.php\",\"APP_KEY\":\"\",\"APP_URL_PT\":\"https:\\/\\/wbwx.xcweibao.com\\/addons\\/yb_shop\\/core\\/pt_pay.php\",\"PAY_TYPE\":\"0\"}',`value2`='',`info`='微信支付',`is_use`=1,`mch_id`=2,`modify_time`=1539594585  WHERE  `mch_id` = 2 [ RunTime:0.000000s ]
[ sql ] [ SQL ] SHOW COLUMNS FROM `ims_ybsc_bus_module` [ RunTime:0.023438s ]
[ sql ] [ SQL ] SELECT COUNT(module_id) AS tp_count FROM `ims_ybsc_bus_module` WHERE  `controller` = 'Goods'  AND `method` = 'add_goods' LIMIT 1 [ RunTime:0.000977s ]
[ sql ] [ SQL ] SELECT * FROM `ims_ybsc_bus_module` WHERE  `controller` = 'Goods'  AND `method` = 'add_goods' LIMIT 1 [ RunTime:0.000976s ]
[ sql ] [ SQL ] SHOW COLUMNS FROM `ims_ybsc_business_about` [ RunTime:0.021484s ]
[ sql ] [ SQL ] SELECT * FROM `ims_ybsc_business_about` WHERE  `mch_id` = 2 LIMIT 1 [ RunTime:0.000977s ]
[ sql ] [ SQL ] SELECT COUNT(*) AS tp_count FROM `ims_ybsc_bus_module` WHERE  `module_id` IS NULL LIMIT 1 [ RunTime:0.000000s ]
[ sql ] [ SQL ] SELECT `module_id`,`module_name`,`controller`,`method`,`pid`,`url`,`is_menu`,`is_control_auth`,`logo` FROM `ims_ybsc_bus_module` WHERE  `pid` = 0  AND `is_menu` = 1 ORDER BY `sort` [ RunTime:0.000000s ]
[ sql ] [ SQL ] SHOW COLUMNS FROM `ims_ybsc_user_permission` [ RunTime:0.021484s ]
[ sql ] [ SQL ] SELECT * FROM `ims_ybsc_user_permission` WHERE  `user_id` = 1 LIMIT 1 [ RunTime:0.000977s ]
[ sql ] [ SQL ] SELECT * FROM `ims_ybsc_bus_module` WHERE  `is_menu` = 1 ORDER BY sort asc,module_id asc [ RunTime:0.000976s ]
[ sql ] [ SQL ] SHOW COLUMNS FROM `ims_ybsc_copyright` [ RunTime:0.021485s ]
[ sql ] [ SQL ] SELECT * FROM `ims_ybsc_copyright` WHERE  `id` = 1 LIMIT 1 [ RunTime:0.000976s ]
[ sql ] [ SQL ] SELECT * FROM `ims_ybsc_copyright` WHERE  `id` = 1 LIMIT 1 [ RunTime:0.000977s ]
[ sql ] [ SQL ] SHOW COLUMNS FROM `ims_account` [ RunTime:0.023437s ]
[ sql ] [ SQL ] SELECT `endtime` FROM `ims_account` WHERE  `uniacid` = 2 LIMIT 1 [ RunTime:0.000977s ]
[ sql ] [ SQL ] SHOW COLUMNS FROM `ims_ybsc_goods_brand` [ RunTime:0.022461s ]
[ sql ] [ SQL ] SELECT * FROM `ims_ybsc_goods_brand` WHERE  `mch_id` = 2 [ RunTime:0.000000s ]
[ sql ] [ SQL ] SHOW COLUMNS FROM `ims_ybsc_goods_cate` [ RunTime:0.022461s ]
[ sql ] [ SQL ] SELECT * FROM `ims_ybsc_goods_cate` WHERE  `mch_id` = 2 [ RunTime:0.000976s ]
[ sql ] [ SQL ] SHOW COLUMNS FROM `ims_ybsc_goods_supplier` [ RunTime:0.021485s ]
[ sql ] [ SQL ] SELECT * FROM `ims_ybsc_goods_supplier` WHERE  `mch_id` = 2 [ RunTime:0.000977s ]
[ sql ] [ SQL ] SHOW COLUMNS FROM `ims_ybsc_area` [ RunTime:0.024414s ]
[ sql ] [ SQL ] SELECT `id`,`name` FROM `ims_ybsc_area` WHERE  (  pid=1 ) [ RunTime:0.000976s ]
[ sql ] [ SQL ] SHOW COLUMNS FROM `ims_ybsc_express_shipping` [ RunTime:0.022461s ]
[ sql ] [ SQL ] SELECT `ship`.* FROM `ims_ybsc_express_shipping` `ship` LEFT JOIN `ims_ybsc_express_company` `comp` ON `comp`.`co_id`=`ship`.`co_id` WHERE  `comp`.`mch_id` = '2' [ RunTime:0.000976s ]
[ sql ] [ SQL ] SHOW COLUMNS FROM `ims_ybsc_goods_attr_module` [ RunTime:0.022461s ]
[ sql ] [ SQL ] SELECT * FROM `ims_ybsc_goods_attr_module` WHERE  `mch_id` = 2 [ RunTime:0.000977s ]
[ sql ] [ SQL ] SHOW COLUMNS FROM `ims_ybsc_images_group` [ RunTime:0.020507s ]
[ sql ] [ SQL ] SELECT * FROM `ims_ybsc_images_group` WHERE  `is_default` = 1 LIMIT 1 [ RunTime:0.000976s ]
[ sql ] [ SQL ] SELECT * FROM `ims_ybsc_goods_cate` WHERE  `mch_id` = 2 ORDER BY create_time asc LIMIT 1 [ RunTime:0.000977s ]
---------------------------------------------------------------
[ 2018-11-07T09:17:32+08:00 ] 0.0.0.0 115.53.175.72 GET /addons/yb_shop/core/index.php?s=/admin/images/dialogalbumlist&number=0&spec_id=undefined&spec_value_id=undefined&upload_type=1&type=goods_add
[ error ] [2]Class __PHP_Incomplete_Class has no unserializer[D:\Hostweb\wbwx.xcweibao.com\addons\yb_shop\core\thinkphp\library\think\Session.php:307]
[ error ] [8]Undefined variable: seried[D:\Hostweb\wbwx.xcweibao.com\framework\function\global.func.php:244]
[ error ] [8]Undefined offset: 1[D:\Hostweb\wbwx.xcweibao.com\framework\class\db.class.php:708]
[ error ] [8]Undefined variable: seried[D:\Hostweb\wbwx.xcweibao.com\framework\function\global.func.php:244]
[ error ] [8]Undefined index: remote[D:\Hostweb\wbwx.xcweibao.com\framework\model\setting.mod.php:48]
[ error ] [8]Undefined index: remote[D:\Hostweb\wbwx.xcweibao.com\framework\model\setting.mod.php:48]
[ error ] [2]scandir() has been disabled for security reasons[D:\Hostweb\wbwx.xcweibao.com\addons\yb_shop\core\thinkphp\library\think\App.php:444]
[ error ] [2]Invalid argument supplied for foreach()[D:\Hostweb\wbwx.xcweibao.com\addons\yb_shop\core\thinkphp\library\think\App.php:445]
[ sql ] [ DB ] CONNECT:[ UseTime:0.000976s ] mysql:host=127.0.0.1;port=3306;dbname=wbwx;charset=utf8
[ sql ] [ SQL ] SHOW COLUMNS FROM `ims_ybsc_business` [ RunTime:0.022461s ]
[ sql ] [ SQL ] SELECT * FROM `ims_ybsc_business` WHERE  `id` = 2 LIMIT 1 [ RunTime:0.000976s ]
[ sql ] [ SQL ] SHOW COLUMNS FROM `ims_ybsc_config` [ RunTime:0.022461s ]
[ sql ] [ SQL ] SELECT * FROM `ims_ybsc_config` WHERE  `mch_id` = 2 LIMIT 1 [ RunTime:0.000976s ]
[ sql ] [ SQL ] UPDATE `ims_ybsc_config`  SET `id`=2,`key`='WXPAY',`value`='{\"APP_ID\":\"wx5df84644cdbd8835\",\"APP_NAME\":\"\\u5fae\\u5b9d\\u7f51\\u7edc\",\"APP_SECRET\":\"91ba2cc99fba1ec2da4ba987b76a442e\",\"APP_MCHID\":\"\",\"APP_URL\":\"https:\\/\\/wbwx.xcweibao.com\\/addons\\/yb_shop\\/core\\/pay.php\",\"APP_URL_BG\":\"https:\\/\\/wbwx.xcweibao.com\\/addons\\/yb_shop\\/core\\/bargain_pay.php\",\"APP_KEY\":\"\",\"APP_URL_PT\":\"https:\\/\\/wbwx.xcweibao.com\\/addons\\/yb_shop\\/core\\/pt_pay.php\",\"PAY_TYPE\":\"0\"}',`value2`='',`info`='微信支付',`is_use`=1,`mch_id`=2,`modify_time`=1539594585  WHERE  `mch_id` = 2 [ RunTime:0.000000s ]
[ sql ] [ SQL ] SHOW COLUMNS FROM `ims_ybsc_bus_module` [ RunTime:0.021484s ]
[ sql ] [ SQL ] SELECT COUNT(module_id) AS tp_count FROM `ims_ybsc_bus_module` WHERE  `controller` = 'Images'  AND `method` = 'dialogalbumlist' LIMIT 1 [ RunTime:0.000977s ]
[ sql ] [ SQL ] SELECT * FROM `ims_ybsc_bus_module` WHERE  `controller` = 'Images'  AND `method` = 'dialogalbumlist' LIMIT 1 [ RunTime:0.000000s ]
[ sql ] [ SQL ] SHOW COLUMNS FROM `ims_ybsc_business_about` [ RunTime:0.021484s ]
[ sql ] [ SQL ] SELECT * FROM `ims_ybsc_business_about` WHERE  `mch_id` = 2 LIMIT 1 [ RunTime:0.000977s ]
[ sql ] [ SQL ] SELECT COUNT(*) AS tp_count FROM `ims_ybsc_bus_module` WHERE  `module_id` IS NULL LIMIT 1 [ RunTime:0.000000s ]
[ sql ] [ SQL ] SELECT `module_id`,`module_name`,`controller`,`method`,`pid`,`url`,`is_menu`,`is_control_auth`,`logo` FROM `ims_ybsc_bus_module` WHERE  `pid` = 0  AND `is_menu` = 1 ORDER BY `sort` [ RunTime:0.000000s ]
[ sql ] [ SQL ] SHOW COLUMNS FROM `ims_ybsc_user_permission` [ RunTime:0.021484s ]
[ sql ] [ SQL ] SELECT * FROM `ims_ybsc_user_permission` WHERE  `user_id` = 1 LIMIT 1 [ RunTime:0.000977s ]
[ sql ] [ SQL ] SELECT * FROM `ims_ybsc_bus_module` WHERE  `is_menu` = 1 ORDER BY sort asc,module_id asc [ RunTime:0.000977s ]
[ sql ] [ SQL ] SHOW COLUMNS FROM `ims_ybsc_copyright` [ RunTime:0.021484s ]
[ sql ] [ SQL ] SELECT * FROM `ims_ybsc_copyright` WHERE  `id` = 1 LIMIT 1 [ RunTime:0.000976s ]
[ sql ] [ SQL ] SELECT * FROM `ims_ybsc_copyright` WHERE  `id` = 1 LIMIT 1 [ RunTime:0.000977s ]
[ sql ] [ SQL ] SHOW COLUMNS FROM `ims_account` [ RunTime:0.021484s ]
[ sql ] [ SQL ] SELECT `endtime` FROM `ims_account` WHERE  `uniacid` = 2 LIMIT 1 [ RunTime:0.000977s ]
[ sql ] [ SQL ] SHOW COLUMNS FROM `ims_ybsc_images_group` [ RunTime:0.022461s ]
[ sql ] [ SQL ] SELECT * FROM `ims_ybsc_images_group` WHERE  `is_default` = 1 LIMIT 1 [ RunTime:0.000976s ]
---------------------------------------------------------------
[ 2018-11-07T09:17:33+08:00 ] 0.0.0.0 115.53.175.72 POST /addons/yb_shop/core/index.php?s=/admin/images/getalbumclassall.html
[ error ] [2]Class __PHP_Incomplete_Class has no unserializer[D:\Hostweb\wbwx.xcweibao.com\addons\yb_shop\core\thinkphp\library\think\Session.php:307]
[ error ] [8]Undefined variable: seried[D:\Hostweb\wbwx.xcweibao.com\framework\function\global.func.php:244]
[ error ] [8]Undefined offset: 1[D:\Hostweb\wbwx.xcweibao.com\framework\class\db.class.php:708]
[ error ] [8]Undefined variable: seried[D:\Hostweb\wbwx.xcweibao.com\framework\function\global.func.php:244]
[ error ] [8]Undefined index: remote[D:\Hostweb\wbwx.xcweibao.com\framework\model\setting.mod.php:48]
[ error ] [8]Undefined index: remote[D:\Hostweb\wbwx.xcweibao.com\framework\model\setting.mod.php:48]
[ error ] [2]scandir() has been disabled for security reasons[D:\Hostweb\wbwx.xcweibao.com\addons\yb_shop\core\thinkphp\library\think\App.php:444]
[ error ] [2]Invalid argument supplied for foreach()[D:\Hostweb\wbwx.xcweibao.com\addons\yb_shop\core\thinkphp\library\think\App.php:445]
[ sql ] [ DB ] CONNECT:[ UseTime:0.001953s ] mysql:host=127.0.0.1;port=3306;dbname=wbwx;charset=utf8
[ sql ] [ SQL ] SHOW COLUMNS FROM `ims_ybsc_business` [ RunTime:0.020508s ]
[ sql ] [ SQL ] SELECT * FROM `ims_ybsc_business` WHERE  `id` = 2 LIMIT 1 [ RunTime:0.000000s ]
[ sql ] [ SQL ] SHOW COLUMNS FROM `ims_ybsc_config` [ RunTime:0.021484s ]
[ sql ] [ SQL ] SELECT * FROM `ims_ybsc_config` WHERE  `mch_id` = 2 LIMIT 1 [ RunTime:0.000977s ]
[ sql ] [ SQL ] UPDATE `ims_ybsc_config`  SET `id`=2,`key`='WXPAY',`value`='{\"APP_ID\":\"wx5df84644cdbd8835\",\"APP_NAME\":\"\\u5fae\\u5b9d\\u7f51\\u7edc\",\"APP_SECRET\":\"91ba2cc99fba1ec2da4ba987b76a442e\",\"APP_MCHID\":\"\",\"APP_URL\":\"https:\\/\\/wbwx.xcweibao.com\\/addons\\/yb_shop\\/core\\/pay.php\",\"APP_URL_BG\":\"https:\\/\\/wbwx.xcweibao.com\\/addons\\/yb_shop\\/core\\/bargain_pay.php\",\"APP_KEY\":\"\",\"APP_URL_PT\":\"https:\\/\\/wbwx.xcweibao.com\\/addons\\/yb_shop\\/core\\/pt_pay.php\",\"PAY_TYPE\":\"0\"}',`value2`='',`info`='微信支付',`is_use`=1,`mch_id`=2,`modify_time`=1539594585  WHERE  `mch_id` = 2 [ RunTime:0.000976s ]
[ sql ] [ SQL ] SHOW COLUMNS FROM `ims_ybsc_bus_module` [ RunTime:0.020508s ]
[ sql ] [ SQL ] SELECT COUNT(module_id) AS tp_count FROM `ims_ybsc_bus_module` WHERE  `controller` = 'Images'  AND `method` = 'getalbumclassall' LIMIT 1 [ RunTime:0.000000s ]
[ sql ] [ SQL ] SELECT * FROM `ims_ybsc_bus_module` WHERE  `controller` = 'Images'  AND `method` = 'getalbumclassall' LIMIT 1 [ RunTime:0.000000s ]
[ sql ] [ SQL ] SHOW COLUMNS FROM `ims_ybsc_business_about` [ RunTime:0.012696s ]
[ sql ] [ SQL ] SELECT * FROM `ims_ybsc_business_about` WHERE  `mch_id` = 2 LIMIT 1 [ RunTime:0.000000s ]
[ sql ] [ SQL ] SELECT COUNT(*) AS tp_count FROM `ims_ybsc_bus_module` WHERE  `module_id` IS NULL LIMIT 1 [ RunTime:0.000000s ]
[ sql ] [ SQL ] SELECT `module_id`,`module_name`,`controller`,`method`,`pid`,`url`,`is_menu`,`is_control_auth`,`logo` FROM `ims_ybsc_bus_module` WHERE  `pid` = 0  AND `is_menu` = 1 ORDER BY `sort` [ RunTime:0.000976s ]
[ sql ] [ SQL ] SHOW COLUMNS FROM `ims_ybsc_user_permission` [ RunTime:0.018555s ]
[ sql ] [ SQL ] SELECT * FROM `ims_ybsc_user_permission` WHERE  `user_id` = 1 LIMIT 1 [ RunTime:0.000000s ]
[ sql ] [ SQL ] SELECT * FROM `ims_ybsc_bus_module` WHERE  `is_menu` = 1 ORDER BY sort asc,module_id asc [ RunTime:0.000000s ]
[ sql ] [ SQL ] SHOW COLUMNS FROM `ims_ybsc_copyright` [ RunTime:0.020508s ]
[ sql ] [ SQL ] SELECT * FROM `ims_ybsc_copyright` WHERE  `id` = 1 LIMIT 1 [ RunTime:0.000000s ]
[ sql ] [ SQL ] SELECT * FROM `ims_ybsc_copyright` WHERE  `id` = 1 LIMIT 1 [ RunTime:0.000976s ]
[ sql ] [ SQL ] SHOW COLUMNS FROM `ims_account` [ RunTime:0.011719s ]
[ sql ] [ SQL ] SELECT `endtime` FROM `ims_account` WHERE  `uniacid` = 2 LIMIT 1 [ RunTime:0.000976s ]
[ sql ] [ SQL ] SHOW COLUMNS FROM `ims_ybsc_images_group` [ RunTime:0.023438s ]
[ sql ] [ SQL ] SELECT * FROM `ims_ybsc_images_group` WHERE  `mch_id` = 2 ORDER BY `sort` [ RunTime:0.000000s ]
[ sql ] [ SQL ] SHOW COLUMNS FROM `ims_ybsc_images` [ RunTime:0.022461s ]
[ sql ] [ SQL ] SELECT COUNT(*) AS tp_count FROM `ims_ybsc_images` WHERE  (  group_id=1 ) LIMIT 1 [ RunTime:0.000977s ]
---------------------------------------------------------------
[ 2018-11-07T09:17:34+08:00 ] 0.0.0.0 115.53.175.72 POST /addons/yb_shop/core/index.php?s=/admin/images/albumpicturelist.html
[ error ] [2]Class __PHP_Incomplete_Class has no unserializer[D:\Hostweb\wbwx.xcweibao.com\addons\yb_shop\core\thinkphp\library\think\Session.php:307]
[ error ] [8]Undefined variable: seried[D:\Hostweb\wbwx.xcweibao.com\framework\function\global.func.php:244]
[ error ] [8]Undefined offset: 1[D:\Hostweb\wbwx.xcweibao.com\framework\class\db.class.php:708]
[ error ] [8]Undefined variable: seried[D:\Hostweb\wbwx.xcweibao.com\framework\function\global.func.php:244]
[ error ] [8]Undefined index: remote[D:\Hostweb\wbwx.xcweibao.com\framework\model\setting.mod.php:48]
[ error ] [8]Undefined index: remote[D:\Hostweb\wbwx.xcweibao.com\framework\model\setting.mod.php:48]
[ error ] [2]scandir() has been disabled for security reasons[D:\Hostweb\wbwx.xcweibao.com\addons\yb_shop\core\thinkphp\library\think\App.php:444]
[ error ] [2]Invalid argument supplied for foreach()[D:\Hostweb\wbwx.xcweibao.com\addons\yb_shop\core\thinkphp\library\think\App.php:445]
[ sql ] [ DB ] CONNECT:[ UseTime:0.000976s ] mysql:host=127.0.0.1;port=3306;dbname=wbwx;charset=utf8
[ sql ] [ SQL ] SHOW COLUMNS FROM `ims_ybsc_business` [ RunTime:0.020508s ]
[ sql ] [ SQL ] SELECT * FROM `ims_ybsc_business` WHERE  `id` = 2 LIMIT 1 [ RunTime:0.000000s ]
[ sql ] [ SQL ] SHOW COLUMNS FROM `ims_ybsc_config` [ RunTime:0.023437s ]
[ sql ] [ SQL ] SELECT * FROM `ims_ybsc_config` WHERE  `mch_id` = 2 LIMIT 1 [ RunTime:0.000977s ]
[ sql ] [ SQL ] UPDATE `ims_ybsc_config`  SET `id`=2,`key`='WXPAY',`value`='{\"APP_ID\":\"wx5df84644cdbd8835\",\"APP_NAME\":\"\\u5fae\\u5b9d\\u7f51\\u7edc\",\"APP_SECRET\":\"91ba2cc99fba1ec2da4ba987b76a442e\",\"APP_MCHID\":\"\",\"APP_URL\":\"https:\\/\\/wbwx.xcweibao.com\\/addons\\/yb_shop\\/core\\/pay.php\",\"APP_URL_BG\":\"https:\\/\\/wbwx.xcweibao.com\\/addons\\/yb_shop\\/core\\/bargain_pay.php\",\"APP_KEY\":\"\",\"APP_URL_PT\":\"https:\\/\\/wbwx.xcweibao.com\\/addons\\/yb_shop\\/core\\/pt_pay.php\",\"PAY_TYPE\":\"0\"}',`value2`='',`info`='微信支付',`is_use`=1,`mch_id`=2,`modify_time`=1539594585  WHERE  `mch_id` = 2 [ RunTime:0.000976s ]
[ sql ] [ SQL ] SHOW COLUMNS FROM `ims_ybsc_bus_module` [ RunTime:0.017578s ]
[ sql ] [ SQL ] SELECT COUNT(module_id) AS tp_count FROM `ims_ybsc_bus_module` WHERE  `controller` = 'Images'  AND `method` = 'albumpicturelist' LIMIT 1 [ RunTime:0.000000s ]
[ sql ] [ SQL ] SELECT * FROM `ims_ybsc_bus_module` WHERE  `controller` = 'Images'  AND `method` = 'albumpicturelist' LIMIT 1 [ RunTime:0.000000s ]
[ sql ] [ SQL ] SHOW COLUMNS FROM `ims_ybsc_business_about` [ RunTime:0.020508s ]
[ sql ] [ SQL ] SELECT * FROM `ims_ybsc_business_about` WHERE  `mch_id` = 2 LIMIT 1 [ RunTime:0.000000s ]
[ sql ] [ SQL ] SELECT COUNT(*) AS tp_count FROM `ims_ybsc_bus_module` WHERE  `module_id` IS NULL LIMIT 1 [ RunTime:0.000000s ]
[ sql ] [ SQL ] SELECT `module_id`,`module_name`,`controller`,`method`,`pid`,`url`,`is_menu`,`is_control_auth`,`logo` FROM `ims_ybsc_bus_module` WHERE  `pid` = 0  AND `is_menu` = 1 ORDER BY `sort` [ RunTime:0.000000s ]
[ sql ] [ SQL ] SHOW COLUMNS FROM `ims_ybsc_user_permission` [ RunTime:0.020508s ]
[ sql ] [ SQL ] SELECT * FROM `ims_ybsc_user_permission` WHERE  `user_id` = 1 LIMIT 1 [ RunTime:0.000976s ]
[ sql ] [ SQL ] SELECT * FROM `ims_ybsc_bus_module` WHERE  `is_menu` = 1 ORDER BY sort asc,module_id asc [ RunTime:0.000977s ]
[ sql ] [ SQL ] SHOW COLUMNS FROM `ims_ybsc_copyright` [ RunTime:0.022461s ]
[ sql ] [ SQL ] SELECT * FROM `ims_ybsc_copyright` WHERE  `id` = 1 LIMIT 1 [ RunTime:0.000977s ]
[ sql ] [ SQL ] SELECT * FROM `ims_ybsc_copyright` WHERE  `id` = 1 LIMIT 1 [ RunTime:0.000000s ]
[ sql ] [ SQL ] SHOW COLUMNS FROM `ims_account` [ RunTime:0.020508s ]
[ sql ] [ SQL ] SELECT `endtime` FROM `ims_account` WHERE  `uniacid` = 2 LIMIT 1 [ RunTime:0.000000s ]
[ sql ] [ SQL ] SHOW COLUMNS FROM `ims_ybsc_images` [ RunTime:0.021484s ]
[ sql ] [ SQL ] SELECT * FROM `ims_ybsc_images` WHERE  `group_id` = 1 ORDER BY upload_time desc [ RunTime:0.000976s ]
---------------------------------------------------------------
[ 2018-11-07T09:17:40+08:00 ] 0.0.0.0 115.53.175.72 POST /addons/yb_shop/core/index.php?s=/admin/goods/GoodsCreateOrUpdate
[ error ] [2]Class __PHP_Incomplete_Class has no unserializer[D:\Hostweb\wbwx.xcweibao.com\addons\yb_shop\core\thinkphp\library\think\Session.php:307]
[ error ] [8]Undefined variable: seried[D:\Hostweb\wbwx.xcweibao.com\framework\function\global.func.php:244]
[ error ] [8]Undefined offset: 1[D:\Hostweb\wbwx.xcweibao.com\framework\class\db.class.php:708]
[ error ] [8]Undefined variable: seried[D:\Hostweb\wbwx.xcweibao.com\framework\function\global.func.php:244]
[ error ] [8]Undefined index: remote[D:\Hostweb\wbwx.xcweibao.com\framework\model\setting.mod.php:48]
[ error ] [8]Undefined index: remote[D:\Hostweb\wbwx.xcweibao.com\framework\model\setting.mod.php:48]
[ error ] [2]scandir() has been disabled for security reasons[D:\Hostweb\wbwx.xcweibao.com\addons\yb_shop\core\thinkphp\library\think\App.php:444]
[ error ] [2]Invalid argument supplied for foreach()[D:\Hostweb\wbwx.xcweibao.com\addons\yb_shop\core\thinkphp\library\think\App.php:445]
[ sql ] [ DB ] CONNECT:[ UseTime:0.000976s ] mysql:host=127.0.0.1;port=3306;dbname=wbwx;charset=utf8
[ sql ] [ SQL ] SHOW COLUMNS FROM `ims_ybsc_business` [ RunTime:0.020508s ]
[ sql ] [ SQL ] SELECT * FROM `ims_ybsc_business` WHERE  `id` = 2 LIMIT 1 [ RunTime:0.000977s ]
[ sql ] [ SQL ] SHOW COLUMNS FROM `ims_ybsc_config` [ RunTime:0.021484s ]
[ sql ] [ SQL ] SELECT * FROM `ims_ybsc_config` WHERE  `mch_id` = 2 LIMIT 1 [ RunTime:0.000977s ]
[ sql ] [ SQL ] UPDATE `ims_ybsc_config`  SET `id`=2,`key`='WXPAY',`value`='{\"APP_ID\":\"wx5df84644cdbd8835\",\"APP_NAME\":\"\\u5fae\\u5b9d\\u7f51\\u7edc\",\"APP_SECRET\":\"91ba2cc99fba1ec2da4ba987b76a442e\",\"APP_MCHID\":\"\",\"APP_URL\":\"https:\\/\\/wbwx.xcweibao.com\\/addons\\/yb_shop\\/core\\/pay.php\",\"APP_URL_BG\":\"https:\\/\\/wbwx.xcweibao.com\\/addons\\/yb_shop\\/core\\/bargain_pay.php\",\"APP_KEY\":\"\",\"APP_URL_PT\":\"https:\\/\\/wbwx.xcweibao.com\\/addons\\/yb_shop\\/core\\/pt_pay.php\",\"PAY_TYPE\":\"0\"}',`value2`='',`info`='微信支付',`is_use`=1,`mch_id`=2,`modify_time`=1539594585  WHERE  `mch_id` = 2 [ RunTime:0.000000s ]
[ sql ] [ SQL ] SHOW COLUMNS FROM `ims_ybsc_bus_module` [ RunTime:0.024414s ]
[ sql ] [ SQL ] SELECT COUNT(module_id) AS tp_count FROM `ims_ybsc_bus_module` WHERE  `controller` = 'Goods'  AND `method` = 'goodscreateorupdate' LIMIT 1 [ RunTime:0.000976s ]
[ sql ] [ SQL ] SELECT * FROM `ims_ybsc_bus_module` WHERE  `controller` = 'Goods'  AND `method` = 'goodscreateorupdate' LIMIT 1 [ RunTime:0.000977s ]
[ sql ] [ SQL ] SHOW COLUMNS FROM `ims_ybsc_business_about` [ RunTime:0.019531s ]
[ sql ] [ SQL ] SELECT * FROM `ims_ybsc_business_about` WHERE  `mch_id` = 2 LIMIT 1 [ RunTime:0.000977s ]
[ sql ] [ SQL ] SELECT COUNT(*) AS tp_count FROM `ims_ybsc_bus_module` WHERE  `module_id` IS NULL LIMIT 1 [ RunTime:0.000000s ]
[ sql ] [ SQL ] SELECT `module_id`,`module_name`,`controller`,`method`,`pid`,`url`,`is_menu`,`is_control_auth`,`logo` FROM `ims_ybsc_bus_module` WHERE  `pid` = 0  AND `is_menu` = 1 ORDER BY `sort` [ RunTime:0.000000s ]
[ sql ] [ SQL ] SHOW COLUMNS FROM `ims_ybsc_user_permission` [ RunTime:0.018555s ]
[ sql ] [ SQL ] SELECT * FROM `ims_ybsc_user_permission` WHERE  `user_id` = 1 LIMIT 1 [ RunTime:0.000976s ]
[ sql ] [ SQL ] SELECT * FROM `ims_ybsc_bus_module` WHERE  `is_menu` = 1 ORDER BY sort asc,module_id asc [ RunTime:0.000000s ]
[ sql ] [ SQL ] SHOW COLUMNS FROM `ims_ybsc_copyright` [ RunTime:0.014648s ]
[ sql ] [ SQL ] SELECT * FROM `ims_ybsc_copyright` WHERE  `id` = 1 LIMIT 1 [ RunTime:0.000977s ]
[ sql ] [ SQL ] SELECT * FROM `ims_ybsc_copyright` WHERE  `id` = 1 LIMIT 1 [ RunTime:0.000976s ]
[ sql ] [ SQL ] SHOW COLUMNS FROM `ims_account` [ RunTime:0.018555s ]
[ sql ] [ SQL ] SELECT `endtime` FROM `ims_account` WHERE  `uniacid` = 2 LIMIT 1 [ RunTime:0.000000s ]
[ sql ] [ SQL ] SHOW COLUMNS FROM `ims_ybsc_goods` [ RunTime:0.020507s ]
[ sql ] [ SQL ] INSERT INTO `ims_ybsc_goods` (`goods_name` , `cate_id` , `supplier_id` , `brand_id` , `market_price` , `price` , `promotion_price` , `cost_price` , `shipping_fee` , `shipping_fee_id` , `stock` , `min_buy` , `clicks` , `sales` , `keywords` , `introduction` , `description` , `sort` , `images` , `img_id_array` , `state` , `goods_attribute_id` , `goods_attribute` , `goods_spec_format` , `mch_id` , `barcode` , `create_time` , `sale_date`) VALUES ('测试' , 1 , 0 , 0 , 0 , 1 , 1 , 0 , 0 , 0 , 111 , 1 , 0 , 0 , '' , '测试' , '<p>测试</p>' , 0 , 2 , '2' , 1 , 0 , '' , '[]' , 2 , '' , 1541553460 , 1541553460) [ RunTime:0.000977s ]
[ sql ] [ SQL ] SHOW COLUMNS FROM `ims_ybsc_goods_sku` [ RunTime:0.026367s ]
[ sql ] [ SQL ] INSERT INTO `ims_ybsc_goods_sku` (`goods_id` , `sku_name` , `market_price` , `price` , `promote_price` , `cost_price` , `stock` , `images` , `create_date`) VALUES (1 , '' , 0 , 1 , 1 , 0 , 111 , 0 , 1541553460) [ RunTime:0.000977s ]
[ sql ] [ SQL ] SELECT MAX(goods_id) AS tp_max FROM `ims_ybsc_goods` LIMIT 1 [ RunTime:0.000976s ]
---------------------------------------------------------------
[ 2018-11-07T09:17:43+08:00 ] 0.0.0.0 115.53.175.72 GET /addons/yb_shop/core/index.php?s=/admin/goods/goodslist
[ error ] [2]Class __PHP_Incomplete_Class has no unserializer[D:\Hostweb\wbwx.xcweibao.com\addons\yb_shop\core\thinkphp\library\think\Session.php:307]
[ error ] [8]Undefined variable: seried[D:\Hostweb\wbwx.xcweibao.com\framework\function\global.func.php:244]
[ error ] [8]Undefined offset: 1[D:\Hostweb\wbwx.xcweibao.com\framework\class\db.class.php:708]
[ error ] [8]Undefined variable: seried[D:\Hostweb\wbwx.xcweibao.com\framework\function\global.func.php:244]
[ error ] [8]Undefined index: remote[D:\Hostweb\wbwx.xcweibao.com\framework\model\setting.mod.php:48]
[ error ] [8]Undefined index: remote[D:\Hostweb\wbwx.xcweibao.com\framework\model\setting.mod.php:48]
[ error ] [2]scandir() has been disabled for security reasons[D:\Hostweb\wbwx.xcweibao.com\addons\yb_shop\core\thinkphp\library\think\App.php:444]
[ error ] [2]Invalid argument supplied for foreach()[D:\Hostweb\wbwx.xcweibao.com\addons\yb_shop\core\thinkphp\library\think\App.php:445]
[ sql ] [ DB ] CONNECT:[ UseTime:0.000977s ] mysql:host=127.0.0.1;port=3306;dbname=wbwx;charset=utf8
[ sql ] [ SQL ] SHOW COLUMNS FROM `ims_ybsc_business` [ RunTime:0.022461s ]
[ sql ] [ SQL ] SELECT * FROM `ims_ybsc_business` WHERE  `id` = 2 LIMIT 1 [ RunTime:0.000977s ]
[ sql ] [ SQL ] SHOW COLUMNS FROM `ims_ybsc_config` [ RunTime:0.024414s ]
[ sql ] [ SQL ] SELECT * FROM `ims_ybsc_config` WHERE  `mch_id` = 2 LIMIT 1 [ RunTime:0.000976s ]
[ sql ] [ SQL ] UPDATE `ims_ybsc_config`  SET `id`=2,`key`='WXPAY',`value`='{\"APP_ID\":\"wx5df84644cdbd8835\",\"APP_NAME\":\"\\u5fae\\u5b9d\\u7f51\\u7edc\",\"APP_SECRET\":\"91ba2cc99fba1ec2da4ba987b76a442e\",\"APP_MCHID\":\"\",\"APP_URL\":\"https:\\/\\/wbwx.xcweibao.com\\/addons\\/yb_shop\\/core\\/pay.php\",\"APP_URL_BG\":\"https:\\/\\/wbwx.xcweibao.com\\/addons\\/yb_shop\\/core\\/bargain_pay.php\",\"APP_KEY\":\"\",\"APP_URL_PT\":\"https:\\/\\/wbwx.xcweibao.com\\/addons\\/yb_shop\\/core\\/pt_pay.php\",\"PAY_TYPE\":\"0\"}',`value2`='',`info`='微信支付',`is_use`=1,`mch_id`=2,`modify_time`=1539594585  WHERE  `mch_id` = 2 [ RunTime:0.000977s ]
[ sql ] [ SQL ] SHOW COLUMNS FROM `ims_ybsc_bus_module` [ RunTime:0.022461s ]
[ sql ] [ SQL ] SELECT COUNT(module_id) AS tp_count FROM `ims_ybsc_bus_module` WHERE  `controller` = 'Goods'  AND `method` = 'goodslist' LIMIT 1 [ RunTime:0.000976s ]
[ sql ] [ SQL ] SELECT * FROM `ims_ybsc_bus_module` WHERE  `controller` = 'Goods'  AND `method` = 'goodslist' LIMIT 1 [ RunTime:0.000000s ]
[ sql ] [ SQL ] SHOW COLUMNS FROM `ims_ybsc_business_about` [ RunTime:0.021484s ]
[ sql ] [ SQL ] SELECT * FROM `ims_ybsc_business_about` WHERE  `mch_id` = 2 LIMIT 1 [ RunTime:0.000977s ]
[ sql ] [ SQL ] SELECT COUNT(*) AS tp_count FROM `ims_ybsc_bus_module` WHERE  `module_id` = 22 LIMIT 1 [ RunTime:0.000000s ]
[ sql ] [ SQL ] SELECT `pid`,`level` FROM `ims_ybsc_bus_module` WHERE  `module_id` = 22  AND `pid` <> 0 LIMIT 1 [ RunTime:0.000977s ]
[ sql ] [ SQL ] SELECT `pid`,`module_id`,`level` FROM `ims_ybsc_bus_module` WHERE  `module_id` = 12  AND `pid` <> 0 LIMIT 1 [ RunTime:0.000000s ]
[ sql ] [ SQL ] SELECT `module_id`,`module_name`,`controller`,`method`,`pid`,`url`,`is_menu`,`is_control_auth`,`logo` FROM `ims_ybsc_bus_module` WHERE  `pid` = 0  AND `is_menu` = 1 ORDER BY `sort` [ RunTime:0.000000s ]
[ sql ] [ SQL ] SHOW COLUMNS FROM `ims_ybsc_user_permission` [ RunTime:0.021484s ]
[ sql ] [ SQL ] SELECT * FROM `ims_ybsc_user_permission` WHERE  `user_id` = 1 LIMIT 1 [ RunTime:0.000977s ]
[ sql ] [ SQL ] SELECT * FROM `ims_ybsc_bus_module` WHERE  `is_menu` = 1 ORDER BY sort asc,module_id asc [ RunTime:0.000976s ]
[ sql ] [ SQL ] SHOW COLUMNS FROM `ims_ybsc_copyright` [ RunTime:0.022461s ]
[ sql ] [ SQL ] SELECT * FROM `ims_ybsc_copyright` WHERE  `id` = 1 LIMIT 1 [ RunTime:0.000976s ]
[ sql ] [ SQL ] SELECT * FROM `ims_ybsc_copyright` WHERE  `id` = 1 LIMIT 1 [ RunTime:0.000977s ]
[ sql ] [ SQL ] SHOW COLUMNS FROM `ims_account` [ RunTime:0.021484s ]
[ sql ] [ SQL ] SELECT `endtime` FROM `ims_account` WHERE  `uniacid` = 2 LIMIT 1 [ RunTime:0.000977s ]
[ sql ] [ SQL ] SHOW COLUMNS FROM `ims_ybsc_goods` [ RunTime:0.021485s ]
[ sql ] [ SQL ] SELECT COUNT(*) AS tp_count FROM `ims_ybsc_goods` `ng` LEFT JOIN `ims_ybsc_images` `images` ON `ng`.`images`=`images`.`img_id` WHERE  `ng`.`is_del` <> '1'  AND `ng`.`mch_id` = '2' LIMIT 1 [ RunTime:0.000977s ]
[ sql ] [ SQL ] SELECT * FROM `ims_ybsc_goods` `ng` LEFT JOIN `ims_ybsc_images` `images` ON `ng`.`images`=`images`.`img_id` WHERE  `ng`.`is_del` <> '1'  AND `ng`.`mch_id` = '2' ORDER BY ng.sort desc,ng.create_time desc LIMIT 0,20 [ RunTime:0.000977s ]
[ sql ] [ SQL ] SHOW COLUMNS FROM `ims_ybsc_goods_cate` [ RunTime:0.020508s ]
[ sql ] [ SQL ] SELECT * FROM `ims_ybsc_goods_cate` WHERE  (  is_visible=1 )  AND `mch_id` = 2 [ RunTime:0.000976s ]
---------------------------------------------------------------
[ 2018-11-07T09:21:36+08:00 ] 0.0.0.0 115.53.175.72 GET /addons/yb_shop/core/index.php?s=/admin/goods/goodslist
[ error ] [2]Class __PHP_Incomplete_Class has no unserializer[D:\Hostweb\wbwx.xcweibao.com\addons\yb_shop\core\thinkphp\library\think\Session.php:307]
[ error ] [8]Undefined variable: seried[D:\Hostweb\wbwx.xcweibao.com\framework\function\global.func.php:244]
[ error ] [8]Undefined offset: 1[D:\Hostweb\wbwx.xcweibao.com\framework\class\db.class.php:708]
[ error ] [8]Undefined variable: seried[D:\Hostweb\wbwx.xcweibao.com\framework\function\global.func.php:244]
[ error ] [8]Undefined index: remote[D:\Hostweb\wbwx.xcweibao.com\framework\model\setting.mod.php:48]
[ error ] [8]Undefined index: remote[D:\Hostweb\wbwx.xcweibao.com\framework\model\setting.mod.php:48]
[ error ] [2]scandir() has been disabled for security reasons[D:\Hostweb\wbwx.xcweibao.com\addons\yb_shop\core\thinkphp\library\think\App.php:444]
[ error ] [2]Invalid argument supplied for foreach()[D:\Hostweb\wbwx.xcweibao.com\addons\yb_shop\core\thinkphp\library\think\App.php:445]
[ sql ] [ DB ] CONNECT:[ UseTime:0.000977s ] mysql:host=127.0.0.1;port=3306;dbname=wbwx;charset=utf8
[ sql ] [ SQL ] SHOW COLUMNS FROM `ims_ybsc_business` [ RunTime:0.022461s ]
[ sql ] [ SQL ] SELECT * FROM `ims_ybsc_business` WHERE  `id` = 2 LIMIT 1 [ RunTime:0.000976s ]
[ sql ] [ SQL ] SHOW COLUMNS FROM `ims_ybsc_config` [ RunTime:0.025391s ]
[ sql ] [ SQL ] SELECT * FROM `ims_ybsc_config` WHERE  `mch_id` = 2 LIMIT 1 [ RunTime:0.000000s ]
[ sql ] [ SQL ] UPDATE `ims_ybsc_config`  SET `id`=2,`key`='WXPAY',`value`='{\"APP_ID\":\"wx5df84644cdbd8835\",\"APP_NAME\":\"\\u5fae\\u5b9d\\u7f51\\u7edc\",\"APP_SECRET\":\"91ba2cc99fba1ec2da4ba987b76a442e\",\"APP_MCHID\":\"\",\"APP_URL\":\"https:\\/\\/wbwx.xcweibao.com\\/addons\\/yb_shop\\/core\\/pay.php\",\"APP_URL_BG\":\"https:\\/\\/wbwx.xcweibao.com\\/addons\\/yb_shop\\/core\\/bargain_pay.php\",\"APP_KEY\":\"\",\"APP_URL_PT\":\"https:\\/\\/wbwx.xcweibao.com\\/addons\\/yb_shop\\/core\\/pt_pay.php\",\"PAY_TYPE\":\"0\"}',`value2`='',`info`='微信支付',`is_use`=1,`mch_id`=2,`modify_time`=1539594585  WHERE  `mch_id` = 2 [ RunTime:0.000000s ]
[ sql ] [ SQL ] SHOW COLUMNS FROM `ims_ybsc_bus_module` [ RunTime:0.022461s ]
[ sql ] [ SQL ] SELECT COUNT(module_id) AS tp_count FROM `ims_ybsc_bus_module` WHERE  `controller` = 'Goods'  AND `method` = 'goodslist' LIMIT 1 [ RunTime:0.000977s ]
[ sql ] [ SQL ] SELECT * FROM `ims_ybsc_bus_module` WHERE  `controller` = 'Goods'  AND `method` = 'goodslist' LIMIT 1 [ RunTime:0.000000s ]
[ sql ] [ SQL ] SHOW COLUMNS FROM `ims_ybsc_business_about` [ RunTime:0.021484s ]
[ sql ] [ SQL ] SELECT * FROM `ims_ybsc_business_about` WHERE  `mch_id` = 2 LIMIT 1 [ RunTime:0.000977s ]
[ sql ] [ SQL ] SELECT COUNT(*) AS tp_count FROM `ims_ybsc_bus_module` WHERE  `module_id` = 22 LIMIT 1 [ RunTime:0.000000s ]
[ sql ] [ SQL ] SELECT `pid`,`level` FROM `ims_ybsc_bus_module` WHERE  `module_id` = 22  AND `pid` <> 0 LIMIT 1 [ RunTime:0.000000s ]
[ sql ] [ SQL ] SELECT `pid`,`module_id`,`level` FROM `ims_ybsc_bus_module` WHERE  `module_id` = 12  AND `pid` <> 0 LIMIT 1 [ RunTime:0.000976s ]
[ sql ] [ SQL ] SELECT `module_id`,`module_name`,`controller`,`method`,`pid`,`url`,`is_menu`,`is_control_auth`,`logo` FROM `ims_ybsc_bus_module` WHERE  `pid` = 0  AND `is_menu` = 1 ORDER BY `sort` [ RunTime:0.000000s ]
[ sql ] [ SQL ] SHOW COLUMNS FROM `ims_ybsc_user_permission` [ RunTime:0.021484s ]
[ sql ] [ SQL ] SELECT * FROM `ims_ybsc_user_permission` WHERE  `user_id` = 1 LIMIT 1 [ RunTime:0.000977s ]
[ sql ] [ SQL ] SELECT * FROM `ims_ybsc_bus_module` WHERE  `is_menu` = 1 ORDER BY sort asc,module_id asc [ RunTime:0.000977s ]
[ sql ] [ SQL ] SHOW COLUMNS FROM `ims_ybsc_copyright` [ RunTime:0.024414s ]
[ sql ] [ SQL ] SELECT * FROM `ims_ybsc_copyright` WHERE  `id` = 1 LIMIT 1 [ RunTime:0.000976s ]
[ sql ] [ SQL ] SELECT * FROM `ims_ybsc_copyright` WHERE  `id` = 1 LIMIT 1 [ RunTime:0.000000s ]
[ sql ] [ SQL ] SHOW COLUMNS FROM `ims_account` [ RunTime:0.022461s ]
[ sql ] [ SQL ] SELECT `endtime` FROM `ims_account` WHERE  `uniacid` = 2 LIMIT 1 [ RunTime:0.000976s ]
[ sql ] [ SQL ] SHOW COLUMNS FROM `ims_ybsc_goods` [ RunTime:0.022461s ]
[ sql ] [ SQL ] SELECT COUNT(*) AS tp_count FROM `ims_ybsc_goods` `ng` LEFT JOIN `ims_ybsc_images` `images` ON `ng`.`images`=`images`.`img_id` WHERE  `ng`.`is_del` <> '1'  AND `ng`.`mch_id` = '2' LIMIT 1 [ RunTime:0.001953s ]
[ sql ] [ SQL ] SELECT * FROM `ims_ybsc_goods` `ng` LEFT JOIN `ims_ybsc_images` `images` ON `ng`.`images`=`images`.`img_id` WHERE  `ng`.`is_del` <> '1'  AND `ng`.`mch_id` = '2' ORDER BY ng.sort desc,ng.create_time desc LIMIT 0,20 [ RunTime:0.000976s ]
[ sql ] [ SQL ] SHOW COLUMNS FROM `ims_ybsc_goods_cate` [ RunTime:0.022461s ]
[ sql ] [ SQL ] SELECT * FROM `ims_ybsc_goods_cate` WHERE  (  is_visible=1 )  AND `mch_id` = 2 [ RunTime:0.000000s ]
