---------------------------------------------------------------
[ 2018-10-25T13:57:45+08:00 ] 0.0.0.0 115.53.175.69 GET /addons/yb_shop/core/index.php
[ error ] [8]Undefined variable: seried[D:\Hostweb\wbwx.xcweibao.com\framework\function\global.func.php:243]
[ error ] [2]scandir() has been disabled for security reasons[D:\Hostweb\wbwx.xcweibao.com\addons\yb_shop\core\thinkphp\library\think\App.php:496]
[ error ] [2]Invalid argument supplied for foreach()[D:\Hostweb\wbwx.xcweibao.com\addons\yb_shop\core\thinkphp\library\think\App.php:497]
[ sql ] [ DB ] CONNECT:[ UseTime:0.010743s ] mysql:host=127.0.0.1;port=3306;dbname=wbwx;charset=utf8
[ sql ] [ SQL ] SHOW COLUMNS FROM `ims_ybsc_business` [ RunTime:0.023438s ]
[ sql ] [ SQL ] SELECT * FROM `ims_ybsc_business` WHERE  `id` = 2 LIMIT 1 [ RunTime:0.000000s ]
[ sql ] [ SQL ] SHOW COLUMNS FROM `ims_ybsc_config` [ RunTime:0.026367s ]
[ sql ] [ SQL ] SELECT * FROM `ims_ybsc_config` WHERE  `mch_id` = 2 LIMIT 1 [ RunTime:0.000977s ]
[ sql ] [ SQL ] UPDATE `ims_ybsc_config`  SET `id`=2,`key`='WXPAY',`value`='{\"APP_ID\":\"wx5df84644cdbd8835\",\"APP_NAME\":\"\\u5fae\\u5b9d\\u7f51\\u7edc\",\"APP_SECRET\":\"91ba2cc99fba1ec2da4ba987b76a442e\",\"APP_MCHID\":\"\",\"APP_URL\":\"https:\\/\\/wbwx.xcweibao.com\\/addons\\/yb_shop\\/core\\/pay.php\",\"APP_URL_BG\":\"https:\\/\\/wbwx.xcweibao.com\\/addons\\/yb_shop\\/core\\/bargain_pay.php\",\"APP_KEY\":\"\",\"APP_URL_PT\":\"https:\\/\\/wbwx.xcweibao.com\\/addons\\/yb_shop\\/core\\/pt_pay.php\",\"PAY_TYPE\":\"0\"}',`value2`='',`info`='微信支付',`is_use`=1,`mch_id`=2,`modify_time`=1539594585  WHERE  `mch_id` = 2 [ RunTime:0.000000s ]
[ sql ] [ SQL ] SHOW COLUMNS FROM `ims_ybsc_bus_module` [ RunTime:0.025391s ]
[ sql ] [ SQL ] SELECT COUNT(module_id) AS tp_count FROM `ims_ybsc_bus_module` WHERE  `controller` = 'Index'  AND `method` = 'index' LIMIT 1 [ RunTime:0.000977s ]
[ sql ] [ SQL ] SELECT * FROM `ims_ybsc_bus_module` WHERE  `controller` = 'Index'  AND `method` = 'index' LIMIT 1 [ RunTime:0.000000s ]
[ sql ] [ SQL ] SHOW COLUMNS FROM `ims_ybsc_business_about` [ RunTime:0.022461s ]
[ sql ] [ SQL ] SELECT * FROM `ims_ybsc_business_about` WHERE  `mch_id` = 2 LIMIT 1 [ RunTime:0.000000s ]
[ sql ] [ SQL ] SELECT COUNT(*) AS tp_count FROM `ims_ybsc_bus_module` WHERE  `module_id` = 233 LIMIT 1 [ RunTime:0.000977s ]
[ sql ] [ SQL ] SELECT `pid`,`level` FROM `ims_ybsc_bus_module` WHERE  `module_id` = 233  AND `pid` <> 0 LIMIT 1 [ RunTime:0.000000s ]
[ sql ] [ SQL ] SELECT `module_id`,`module_name`,`controller`,`method`,`pid`,`url`,`is_menu`,`is_control_auth`,`logo` FROM `ims_ybsc_bus_module` WHERE  `pid` = 0  AND `is_menu` = 1 ORDER BY `sort` [ RunTime:0.000000s ]
[ sql ] [ SQL ] SHOW COLUMNS FROM `ims_ybsc_user_permission` [ RunTime:0.022461s ]
[ sql ] [ SQL ] SELECT * FROM `ims_ybsc_user_permission` WHERE  `user_id` = 1 LIMIT 1 [ RunTime:0.000000s ]
[ sql ] [ SQL ] SELECT * FROM `ims_ybsc_bus_module` WHERE  `is_menu` = 1 ORDER BY sort asc,module_id asc [ RunTime:0.001953s ]
[ sql ] [ SQL ] SHOW COLUMNS FROM `ims_ybsc_copyright` [ RunTime:0.025390s ]
[ sql ] [ SQL ] SELECT * FROM `ims_ybsc_copyright` WHERE  `id` = 1 LIMIT 1 [ RunTime:0.000000s ]
[ sql ] [ SQL ] SELECT * FROM `ims_ybsc_copyright` WHERE  `id` = 1 LIMIT 1 [ RunTime:0.000976s ]
[ sql ] [ SQL ] SHOW COLUMNS FROM `ims_account` [ RunTime:0.018555s ]
[ sql ] [ SQL ] SELECT `endtime` FROM `ims_account` WHERE  `uniacid` = 2 LIMIT 1 [ RunTime:0.000000s ]
[ sql ] [ SQL ] SHOW COLUMNS FROM `ims_ybsc_order` [ RunTime:0.021485s ]
[ sql ] [ SQL ] SELECT COUNT(*) AS tp_count FROM `ims_ybsc_order` WHERE  `mch_id` = 2 LIMIT 1 [ RunTime:0.000000s ]
[ sql ] [ SQL ] SELECT SUM(pay_money) AS tp_sum FROM `ims_ybsc_order` WHERE  `mch_id` = 2  AND `order_status` NOT IN (5) LIMIT 1 [ RunTime:0.000000s ]
[ sql ] [ SQL ] SELECT COUNT(*) AS tp_count FROM `ims_ybsc_order` WHERE  `mch_id` = 2  AND `create_time` >  1538323200 LIMIT 1 [ RunTime:0.000000s ]
[ sql ] [ SQL ] SELECT COUNT(*) AS tp_count FROM `ims_ybsc_order` WHERE  `mch_id` = 2  AND `order_status` = 3 LIMIT 1 [ RunTime:0.000977s ]
[ sql ] [ SQL ] SELECT COUNT(*) AS tp_count FROM `ims_ybsc_order` WHERE  `order_status` = 0  AND `activity_order_type` = 0  AND `mch_id` = 2 LIMIT 1 [ RunTime:0.000000s ]
[ sql ] [ SQL ] SELECT COUNT(*) AS tp_count FROM `ims_ybsc_order` WHERE  `order_status` = 1  AND `activity_order_type` = 0  AND `mch_id` = 2 LIMIT 1 [ RunTime:0.000000s ]
[ sql ] [ SQL ] SELECT COUNT(*) AS tp_count FROM `ims_ybsc_order` WHERE  `order_status` = 2  AND `activity_order_type` = 0  AND `mch_id` = 2 LIMIT 1 [ RunTime:0.000977s ]
[ sql ] [ SQL ] SELECT COUNT(*) AS tp_count FROM `ims_ybsc_order` WHERE  `order_status` = 3  AND `activity_order_type` = 0  AND `mch_id` = 2 LIMIT 1 [ RunTime:0.000000s ]
[ sql ] [ SQL ] SELECT COUNT(*) AS tp_count FROM `ims_ybsc_order` WHERE  `order_status` = -1  AND `activity_order_type` = 0  AND `mch_id` = 2 LIMIT 1 [ RunTime:0.000000s ]
[ sql ] [ SQL ] SHOW COLUMNS FROM `ims_ybsc_goods` [ RunTime:0.025391s ]
[ sql ] [ SQL ] SELECT COUNT(*) AS tp_count FROM `ims_ybsc_goods` WHERE  `mch_id` = 2 LIMIT 1 [ RunTime:0.000000s ]
[ sql ] [ SQL ] SHOW COLUMNS FROM `ims_ybsc_user` [ RunTime:0.023437s ]
[ sql ] [ SQL ] SELECT COUNT(*) AS tp_count FROM `ims_ybsc_user` WHERE  `mch_id` = 2 LIMIT 1 [ RunTime:0.000976s ]
[ sql ] [ SQL ] SELECT * FROM `ims_ybsc_business` WHERE  `id` = 2 LIMIT 1 [ RunTime:0.000977s ]
---------------------------------------------------------------
[ 2018-10-25T13:57:47+08:00 ] 0.0.0.0 115.53.175.69 POST /addons/yb_shop/core/index.php?s=/admin/count/OrderCount
[ error ] [8]Undefined variable: seried[D:\Hostweb\wbwx.xcweibao.com\framework\function\global.func.php:243]
[ error ] [2]scandir() has been disabled for security reasons[D:\Hostweb\wbwx.xcweibao.com\addons\yb_shop\core\thinkphp\library\think\App.php:496]
[ error ] [2]Invalid argument supplied for foreach()[D:\Hostweb\wbwx.xcweibao.com\addons\yb_shop\core\thinkphp\library\think\App.php:497]
[ sql ] [ DB ] CONNECT:[ UseTime:0.010742s ] mysql:host=127.0.0.1;port=3306;dbname=wbwx;charset=utf8
[ sql ] [ SQL ] SHOW COLUMNS FROM `ims_ybsc_business` [ RunTime:0.024414s ]
[ sql ] [ SQL ] SELECT * FROM `ims_ybsc_business` WHERE  `id` = 2 LIMIT 1 [ RunTime:0.000977s ]
[ sql ] [ SQL ] SHOW COLUMNS FROM `ims_ybsc_config` [ RunTime:0.022461s ]
[ sql ] [ SQL ] SELECT * FROM `ims_ybsc_config` WHERE  `mch_id` = 2 LIMIT 1 [ RunTime:0.000977s ]
[ sql ] [ SQL ] UPDATE `ims_ybsc_config`  SET `id`=2,`key`='WXPAY',`value`='{\"APP_ID\":\"wx5df84644cdbd8835\",\"APP_NAME\":\"\\u5fae\\u5b9d\\u7f51\\u7edc\",\"APP_SECRET\":\"91ba2cc99fba1ec2da4ba987b76a442e\",\"APP_MCHID\":\"\",\"APP_URL\":\"https:\\/\\/wbwx.xcweibao.com\\/addons\\/yb_shop\\/core\\/pay.php\",\"APP_URL_BG\":\"https:\\/\\/wbwx.xcweibao.com\\/addons\\/yb_shop\\/core\\/bargain_pay.php\",\"APP_KEY\":\"\",\"APP_URL_PT\":\"https:\\/\\/wbwx.xcweibao.com\\/addons\\/yb_shop\\/core\\/pt_pay.php\",\"PAY_TYPE\":\"0\"}',`value2`='',`info`='微信支付',`is_use`=1,`mch_id`=2,`modify_time`=1539594585  WHERE  `mch_id` = 2 [ RunTime:0.000976s ]
[ sql ] [ SQL ] SHOW COLUMNS FROM `ims_ybsc_bus_module` [ RunTime:0.024414s ]
[ sql ] [ SQL ] SELECT COUNT(module_id) AS tp_count FROM `ims_ybsc_bus_module` WHERE  `controller` = 'Count'  AND `method` = 'ordercount' LIMIT 1 [ RunTime:0.000000s ]
[ sql ] [ SQL ] SELECT * FROM `ims_ybsc_bus_module` WHERE  `controller` = 'Count'  AND `method` = 'ordercount' LIMIT 1 [ RunTime:0.000976s ]
[ sql ] [ SQL ] SHOW COLUMNS FROM `ims_ybsc_business_about` [ RunTime:0.023438s ]
[ sql ] [ SQL ] SELECT * FROM `ims_ybsc_business_about` WHERE  `mch_id` = 2 LIMIT 1 [ RunTime:0.000000s ]
[ sql ] [ SQL ] SELECT COUNT(*) AS tp_count FROM `ims_ybsc_bus_module` WHERE  `module_id` = 151 LIMIT 1 [ RunTime:0.000977s ]
[ sql ] [ SQL ] SELECT `pid`,`level` FROM `ims_ybsc_bus_module` WHERE  `module_id` = 151  AND `pid` <> 0 LIMIT 1 [ RunTime:0.000000s ]
[ sql ] [ SQL ] SELECT `pid`,`module_id`,`level` FROM `ims_ybsc_bus_module` WHERE  `module_id` = 12  AND `pid` <> 0 LIMIT 1 [ RunTime:0.000000s ]
[ sql ] [ SQL ] SELECT `module_id`,`module_name`,`controller`,`method`,`pid`,`url`,`is_menu`,`is_control_auth`,`logo` FROM `ims_ybsc_bus_module` WHERE  `pid` = 0  AND `is_menu` = 1 ORDER BY `sort` [ RunTime:0.000977s ]
[ sql ] [ SQL ] SHOW COLUMNS FROM `ims_ybsc_user_permission` [ RunTime:0.026367s ]
[ sql ] [ SQL ] SELECT * FROM `ims_ybsc_user_permission` WHERE  `user_id` = 1 LIMIT 1 [ RunTime:0.000977s ]
[ sql ] [ SQL ] SELECT * FROM `ims_ybsc_bus_module` WHERE  `is_menu` = 1 ORDER BY sort asc,module_id asc [ RunTime:0.000976s ]
[ sql ] [ SQL ] SHOW COLUMNS FROM `ims_ybsc_copyright` [ RunTime:0.024414s ]
[ sql ] [ SQL ] SELECT * FROM `ims_ybsc_copyright` WHERE  `id` = 1 LIMIT 1 [ RunTime:0.000000s ]
[ sql ] [ SQL ] SELECT * FROM `ims_ybsc_copyright` WHERE  `id` = 1 LIMIT 1 [ RunTime:0.000000s ]
[ sql ] [ SQL ] SHOW COLUMNS FROM `ims_account` [ RunTime:0.021485s ]
[ sql ] [ SQL ] SELECT `endtime` FROM `ims_account` WHERE  `uniacid` = 2 LIMIT 1 [ RunTime:0.000976s ]
[ sql ] [ SQL ] SHOW COLUMNS FROM `ims_ybsc_order` [ RunTime:0.024414s ]
[ sql ] [ SQL ] SELECT COUNT(*) AS tp_count FROM `ims_ybsc_order` WHERE  `mch_id` = 2  AND `create_time` >  1538323200 LIMIT 1 [ RunTime:0.000000s ]
[ sql ] [ SQL ] SELECT SUM(order_money) AS tp_sum FROM `ims_ybsc_order` WHERE  `mch_id` = 2  AND `order_status` NOT IN (5)  AND `create_time` >  1538323200 LIMIT 1 [ RunTime:0.000000s ]
[ sql ] [ SQL ] SELECT COUNT(*) AS tp_count FROM `ims_ybsc_order` WHERE  `mch_id` = 2  AND `create_time` BETWEEN 1538323200 AND 1538409599 LIMIT 1 [ RunTime:0.000976s ]
[ sql ] [ SQL ] SELECT COUNT(*) AS tp_count FROM `ims_ybsc_order` WHERE  `mch_id` = 2  AND `create_time` BETWEEN 1538409600 AND 1538495999 LIMIT 1 [ RunTime:0.000000s ]
[ sql ] [ SQL ] SELECT COUNT(*) AS tp_count FROM `ims_ybsc_order` WHERE  `mch_id` = 2  AND `create_time` BETWEEN 1538496000 AND 1538582399 LIMIT 1 [ RunTime:0.000000s ]
[ sql ] [ SQL ] SELECT COUNT(*) AS tp_count FROM `ims_ybsc_order` WHERE  `mch_id` = 2  AND `create_time` BETWEEN 1538582400 AND 1538668799 LIMIT 1 [ RunTime:0.000000s ]
[ sql ] [ SQL ] SELECT COUNT(*) AS tp_count FROM `ims_ybsc_order` WHERE  `mch_id` = 2  AND `create_time` BETWEEN 1538668800 AND 1538755199 LIMIT 1 [ RunTime:0.000000s ]
[ sql ] [ SQL ] SELECT COUNT(*) AS tp_count FROM `ims_ybsc_order` WHERE  `mch_id` = 2  AND `create_time` BETWEEN 1538755200 AND 1538841599 LIMIT 1 [ RunTime:0.000000s ]
[ sql ] [ SQL ] SELECT COUNT(*) AS tp_count FROM `ims_ybsc_order` WHERE  `mch_id` = 2  AND `create_time` BETWEEN 1538841600 AND 1538927999 LIMIT 1 [ RunTime:0.000000s ]
[ sql ] [ SQL ] SELECT COUNT(*) AS tp_count FROM `ims_ybsc_order` WHERE  `mch_id` = 2  AND `create_time` BETWEEN 1538928000 AND 1539014399 LIMIT 1 [ RunTime:0.000000s ]
[ sql ] [ SQL ] SELECT COUNT(*) AS tp_count FROM `ims_ybsc_order` WHERE  `mch_id` = 2  AND `create_time` BETWEEN 1539014400 AND 1539100799 LIMIT 1 [ RunTime:0.000000s ]
[ sql ] [ SQL ] SELECT COUNT(*) AS tp_count FROM `ims_ybsc_order` WHERE  `mch_id` = 2  AND `create_time` BETWEEN 1539100800 AND 1539187199 LIMIT 1 [ RunTime:0.000000s ]
[ sql ] [ SQL ] SELECT COUNT(*) AS tp_count FROM `ims_ybsc_order` WHERE  `mch_id` = 2  AND `create_time` BETWEEN 1539187200 AND 1539273599 LIMIT 1 [ RunTime:0.000976s ]
[ sql ] [ SQL ] SELECT COUNT(*) AS tp_count FROM `ims_ybsc_order` WHERE  `mch_id` = 2  AND `create_time` BETWEEN 1539273600 AND 1539359999 LIMIT 1 [ RunTime:0.000000s ]
[ sql ] [ SQL ] SELECT COUNT(*) AS tp_count FROM `ims_ybsc_order` WHERE  `mch_id` = 2  AND `create_time` BETWEEN 1539360000 AND 1539446399 LIMIT 1 [ RunTime:0.000000s ]
[ sql ] [ SQL ] SELECT COUNT(*) AS tp_count FROM `ims_ybsc_order` WHERE  `mch_id` = 2  AND `create_time` BETWEEN 1539446400 AND 1539532799 LIMIT 1 [ RunTime:0.000976s ]
[ sql ] [ SQL ] SELECT COUNT(*) AS tp_count FROM `ims_ybsc_order` WHERE  `mch_id` = 2  AND `create_time` BETWEEN 1539532800 AND 1539619199 LIMIT 1 [ RunTime:0.000000s ]
[ sql ] [ SQL ] SELECT COUNT(*) AS tp_count FROM `ims_ybsc_order` WHERE  `mch_id` = 2  AND `create_time` BETWEEN 1539619200 AND 1539705599 LIMIT 1 [ RunTime:0.000000s ]
[ sql ] [ SQL ] SELECT COUNT(*) AS tp_count FROM `ims_ybsc_order` WHERE  `mch_id` = 2  AND `create_time` BETWEEN 1539705600 AND 1539791999 LIMIT 1 [ RunTime:0.000976s ]
[ sql ] [ SQL ] SELECT COUNT(*) AS tp_count FROM `ims_ybsc_order` WHERE  `mch_id` = 2  AND `create_time` BETWEEN 1539792000 AND 1539878399 LIMIT 1 [ RunTime:0.000000s ]
[ sql ] [ SQL ] SELECT COUNT(*) AS tp_count FROM `ims_ybsc_order` WHERE  `mch_id` = 2  AND `create_time` BETWEEN 1539878400 AND 1539964799 LIMIT 1 [ RunTime:0.000000s ]
[ sql ] [ SQL ] SELECT COUNT(*) AS tp_count FROM `ims_ybsc_order` WHERE  `mch_id` = 2  AND `create_time` BETWEEN 1539964800 AND 1540051199 LIMIT 1 [ RunTime:0.000976s ]
[ sql ] [ SQL ] SELECT COUNT(*) AS tp_count FROM `ims_ybsc_order` WHERE  `mch_id` = 2  AND `create_time` BETWEEN 1540051200 AND 1540137599 LIMIT 1 [ RunTime:0.000000s ]
[ sql ] [ SQL ] SELECT COUNT(*) AS tp_count FROM `ims_ybsc_order` WHERE  `mch_id` = 2  AND `create_time` BETWEEN 1540137600 AND 1540223999 LIMIT 1 [ RunTime:0.000000s ]
[ sql ] [ SQL ] SELECT COUNT(*) AS tp_count FROM `ims_ybsc_order` WHERE  `mch_id` = 2  AND `create_time` BETWEEN 1540224000 AND 1540310399 LIMIT 1 [ RunTime:0.000977s ]
[ sql ] [ SQL ] SELECT COUNT(*) AS tp_count FROM `ims_ybsc_order` WHERE  `mch_id` = 2  AND `create_time` BETWEEN 1540310400 AND 1540396799 LIMIT 1 [ RunTime:0.000000s ]
[ sql ] [ SQL ] SELECT COUNT(*) AS tp_count FROM `ims_ybsc_order` WHERE  `mch_id` = 2  AND `create_time` BETWEEN 1540396800 AND 1540483199 LIMIT 1 [ RunTime:0.000000s ]
[ sql ] [ SQL ] SELECT COUNT(*) AS tp_count FROM `ims_ybsc_order` WHERE  `mch_id` = 2  AND `create_time` BETWEEN 1540483200 AND 1540569599 LIMIT 1 [ RunTime:0.000977s ]
[ sql ] [ SQL ] SELECT COUNT(*) AS tp_count FROM `ims_ybsc_order` WHERE  `mch_id` = 2  AND `create_time` BETWEEN 1540569600 AND 1540655999 LIMIT 1 [ RunTime:0.000000s ]
[ sql ] [ SQL ] SELECT COUNT(*) AS tp_count FROM `ims_ybsc_order` WHERE  `mch_id` = 2  AND `create_time` BETWEEN 1540656000 AND 1540742399 LIMIT 1 [ RunTime:0.000000s ]
[ sql ] [ SQL ] SELECT COUNT(*) AS tp_count FROM `ims_ybsc_order` WHERE  `mch_id` = 2  AND `create_time` BETWEEN 1540742400 AND 1540828799 LIMIT 1 [ RunTime:0.000977s ]
[ sql ] [ SQL ] SELECT COUNT(*) AS tp_count FROM `ims_ybsc_order` WHERE  `mch_id` = 2  AND `create_time` BETWEEN 1540828800 AND 1540915199 LIMIT 1 [ RunTime:0.000000s ]
[ sql ] [ SQL ] SELECT COUNT(*) AS tp_count FROM `ims_ybsc_order` WHERE  `mch_id` = 2  AND `create_time` BETWEEN 1540915200 AND 1541001599 LIMIT 1 [ RunTime:0.000000s ]
---------------------------------------------------------------
[ 2018-10-25T13:57:49+08:00 ] 0.0.0.0 115.53.175.69 GET /addons/yb_shop/core/index.php?s=/admin/config/WAppPay
[ error ] [8]Undefined variable: seried[D:\Hostweb\wbwx.xcweibao.com\framework\function\global.func.php:243]
[ error ] [2]scandir() has been disabled for security reasons[D:\Hostweb\wbwx.xcweibao.com\addons\yb_shop\core\thinkphp\library\think\App.php:496]
[ error ] [2]Invalid argument supplied for foreach()[D:\Hostweb\wbwx.xcweibao.com\addons\yb_shop\core\thinkphp\library\think\App.php:497]
[ error ] [8]未定义数组索引: SERVICE_APPID
[ error ] [8]未定义数组索引: SERVICE_MCHID
[ error ] [8]未定义数组索引: SERVICE_KEY
[ error ] [8]未定义数组索引: SUB_MCHID
[ sql ] [ DB ] CONNECT:[ UseTime:0.010742s ] mysql:host=127.0.0.1;port=3306;dbname=wbwx;charset=utf8
[ sql ] [ SQL ] SHOW COLUMNS FROM `ims_ybsc_business` [ RunTime:0.019531s ]
[ sql ] [ SQL ] SELECT * FROM `ims_ybsc_business` WHERE  `id` = 2 LIMIT 1 [ RunTime:0.000000s ]
[ sql ] [ SQL ] SHOW COLUMNS FROM `ims_ybsc_config` [ RunTime:0.018554s ]
[ sql ] [ SQL ] SELECT * FROM `ims_ybsc_config` WHERE  `mch_id` = 2 LIMIT 1 [ RunTime:0.000977s ]
[ sql ] [ SQL ] UPDATE `ims_ybsc_config`  SET `id`=2,`key`='WXPAY',`value`='{\"APP_ID\":\"wx5df84644cdbd8835\",\"APP_NAME\":\"\\u5fae\\u5b9d\\u7f51\\u7edc\",\"APP_SECRET\":\"91ba2cc99fba1ec2da4ba987b76a442e\",\"APP_MCHID\":\"\",\"APP_URL\":\"https:\\/\\/wbwx.xcweibao.com\\/addons\\/yb_shop\\/core\\/pay.php\",\"APP_URL_BG\":\"https:\\/\\/wbwx.xcweibao.com\\/addons\\/yb_shop\\/core\\/bargain_pay.php\",\"APP_KEY\":\"\",\"APP_URL_PT\":\"https:\\/\\/wbwx.xcweibao.com\\/addons\\/yb_shop\\/core\\/pt_pay.php\",\"PAY_TYPE\":\"0\"}',`value2`='',`info`='微信支付',`is_use`=1,`mch_id`=2,`modify_time`=1539594585  WHERE  `mch_id` = 2 [ RunTime:0.000000s ]
[ sql ] [ SQL ] SHOW COLUMNS FROM `ims_ybsc_bus_module` [ RunTime:0.022461s ]
[ sql ] [ SQL ] SELECT COUNT(module_id) AS tp_count FROM `ims_ybsc_bus_module` WHERE  `controller` = 'Config'  AND `method` = 'wapppay' LIMIT 1 [ RunTime:0.000000s ]
[ sql ] [ SQL ] SELECT * FROM `ims_ybsc_bus_module` WHERE  `controller` = 'Config'  AND `method` = 'wapppay' LIMIT 1 [ RunTime:0.000000s ]
[ sql ] [ SQL ] SHOW COLUMNS FROM `ims_ybsc_business_about` [ RunTime:0.020508s ]
[ sql ] [ SQL ] SELECT * FROM `ims_ybsc_business_about` WHERE  `mch_id` = 2 LIMIT 1 [ RunTime:0.000000s ]
[ sql ] [ SQL ] SELECT COUNT(*) AS tp_count FROM `ims_ybsc_bus_module` WHERE  `module_id` = 23 LIMIT 1 [ RunTime:0.000977s ]
[ sql ] [ SQL ] SELECT `pid`,`level` FROM `ims_ybsc_bus_module` WHERE  `module_id` = 23  AND `pid` <> 0 LIMIT 1 [ RunTime:0.000000s ]
[ sql ] [ SQL ] SELECT `pid`,`module_id`,`level` FROM `ims_ybsc_bus_module` WHERE  `module_id` = 240  AND `pid` <> 0 LIMIT 1 [ RunTime:0.000976s ]
[ sql ] [ SQL ] SELECT `module_id`,`module_name`,`controller`,`method`,`pid`,`url`,`is_menu`,`is_control_auth`,`logo` FROM `ims_ybsc_bus_module` WHERE  `pid` = 0  AND `is_menu` = 1 ORDER BY `sort` [ RunTime:0.000000s ]
[ sql ] [ SQL ] SHOW COLUMNS FROM `ims_ybsc_user_permission` [ RunTime:0.020508s ]
[ sql ] [ SQL ] SELECT * FROM `ims_ybsc_user_permission` WHERE  `user_id` = 1 LIMIT 1 [ RunTime:0.000976s ]
[ sql ] [ SQL ] SELECT * FROM `ims_ybsc_bus_module` WHERE  `is_menu` = 1 ORDER BY sort asc,module_id asc [ RunTime:0.000977s ]
[ sql ] [ SQL ] SHOW COLUMNS FROM `ims_ybsc_copyright` [ RunTime:0.023437s ]
[ sql ] [ SQL ] SELECT * FROM `ims_ybsc_copyright` WHERE  `id` = 1 LIMIT 1 [ RunTime:0.000000s ]
[ sql ] [ SQL ] SELECT * FROM `ims_ybsc_copyright` WHERE  `id` = 1 LIMIT 1 [ RunTime:0.000000s ]
[ sql ] [ SQL ] SHOW COLUMNS FROM `ims_account` [ RunTime:0.023437s ]
[ sql ] [ SQL ] SELECT `endtime` FROM `ims_account` WHERE  `uniacid` = 2 LIMIT 1 [ RunTime:0.000000s ]
[ sql ] [ SQL ] SELECT * FROM `ims_ybsc_config` WHERE  `mch_id` = 2  AND `key` = 'WXPAY' LIMIT 1 [ RunTime:0.000977s ]
---------------------------------------------------------------
[ 2018-10-25T14:05:46+08:00 ] 0.0.0.0 115.53.175.69 GET /addons/yb_shop/core/index.php
[ error ] [8]Undefined variable: seried[D:\Hostweb\wbwx.xcweibao.com\framework\function\global.func.php:243]
[ error ] [2]scandir() has been disabled for security reasons[D:\Hostweb\wbwx.xcweibao.com\addons\yb_shop\core\thinkphp\library\think\App.php:496]
[ error ] [2]Invalid argument supplied for foreach()[D:\Hostweb\wbwx.xcweibao.com\addons\yb_shop\core\thinkphp\library\think\App.php:497]
[ sql ] [ DB ] CONNECT:[ UseTime:0.007813s ] mysql:host=127.0.0.1;port=3306;dbname=wbwx;charset=utf8
[ sql ] [ SQL ] SHOW COLUMNS FROM `ims_ybsc_business` [ RunTime:0.021484s ]
[ sql ] [ SQL ] SELECT * FROM `ims_ybsc_business` WHERE  `id` = 2 LIMIT 1 [ RunTime:0.007812s ]
[ sql ] [ SQL ] SHOW COLUMNS FROM `ims_ybsc_config` [ RunTime:0.024414s ]
[ sql ] [ SQL ] SELECT * FROM `ims_ybsc_config` WHERE  `mch_id` = 2 LIMIT 1 [ RunTime:0.001954s ]
[ sql ] [ SQL ] UPDATE `ims_ybsc_config`  SET `id`=2,`key`='WXPAY',`value`='{\"APP_ID\":\"wx5df84644cdbd8835\",\"APP_NAME\":\"\\u5fae\\u5b9d\\u7f51\\u7edc\",\"APP_SECRET\":\"91ba2cc99fba1ec2da4ba987b76a442e\",\"APP_MCHID\":\"\",\"APP_URL\":\"https:\\/\\/wbwx.xcweibao.com\\/addons\\/yb_shop\\/core\\/pay.php\",\"APP_URL_BG\":\"https:\\/\\/wbwx.xcweibao.com\\/addons\\/yb_shop\\/core\\/bargain_pay.php\",\"APP_KEY\":\"\",\"APP_URL_PT\":\"https:\\/\\/wbwx.xcweibao.com\\/addons\\/yb_shop\\/core\\/pt_pay.php\",\"PAY_TYPE\":\"0\"}',`value2`='',`info`='微信支付',`is_use`=1,`mch_id`=2,`modify_time`=1539594585  WHERE  `mch_id` = 2 [ RunTime:0.000000s ]
[ sql ] [ SQL ] SHOW COLUMNS FROM `ims_ybsc_bus_module` [ RunTime:0.028320s ]
[ sql ] [ SQL ] SELECT COUNT(module_id) AS tp_count FROM `ims_ybsc_bus_module` WHERE  `controller` = 'Index'  AND `method` = 'index' LIMIT 1 [ RunTime:0.001953s ]
[ sql ] [ SQL ] SELECT * FROM `ims_ybsc_bus_module` WHERE  `controller` = 'Index'  AND `method` = 'index' LIMIT 1 [ RunTime:0.000000s ]
[ sql ] [ SQL ] SHOW COLUMNS FROM `ims_ybsc_business_about` [ RunTime:0.029297s ]
[ sql ] [ SQL ] SELECT * FROM `ims_ybsc_business_about` WHERE  `mch_id` = 2 LIMIT 1 [ RunTime:0.001953s ]
[ sql ] [ SQL ] SELECT COUNT(*) AS tp_count FROM `ims_ybsc_bus_module` WHERE  `module_id` = 233 LIMIT 1 [ RunTime:0.000000s ]
[ sql ] [ SQL ] SELECT `pid`,`level` FROM `ims_ybsc_bus_module` WHERE  `module_id` = 233  AND `pid` <> 0 LIMIT 1 [ RunTime:0.000000s ]
[ sql ] [ SQL ] SELECT `module_id`,`module_name`,`controller`,`method`,`pid`,`url`,`is_menu`,`is_control_auth`,`logo` FROM `ims_ybsc_bus_module` WHERE  `pid` = 0  AND `is_menu` = 1 ORDER BY `sort` [ RunTime:0.000000s ]
[ sql ] [ SQL ] SHOW COLUMNS FROM `ims_ybsc_user_permission` [ RunTime:0.019531s ]
[ sql ] [ SQL ] SELECT * FROM `ims_ybsc_user_permission` WHERE  `user_id` = 1 LIMIT 1 [ RunTime:0.000000s ]
[ sql ] [ SQL ] SELECT * FROM `ims_ybsc_bus_module` WHERE  `is_menu` = 1 ORDER BY sort asc,module_id asc [ RunTime:0.000000s ]
[ sql ] [ SQL ] SHOW COLUMNS FROM `ims_ybsc_copyright` [ RunTime:0.035156s ]
[ sql ] [ SQL ] SELECT * FROM `ims_ybsc_copyright` WHERE  `id` = 1 LIMIT 1 [ RunTime:0.000976s ]
[ sql ] [ SQL ] SELECT * FROM `ims_ybsc_copyright` WHERE  `id` = 1 LIMIT 1 [ RunTime:0.000977s ]
[ sql ] [ SQL ] SHOW COLUMNS FROM `ims_account` [ RunTime:0.028320s ]
[ sql ] [ SQL ] SELECT `endtime` FROM `ims_account` WHERE  `uniacid` = 2 LIMIT 1 [ RunTime:0.001953s ]
[ sql ] [ SQL ] SHOW COLUMNS FROM `ims_ybsc_order` [ RunTime:0.029297s ]
[ sql ] [ SQL ] SELECT COUNT(*) AS tp_count FROM `ims_ybsc_order` WHERE  `mch_id` = 2 LIMIT 1 [ RunTime:0.001953s ]
[ sql ] [ SQL ] SELECT SUM(pay_money) AS tp_sum FROM `ims_ybsc_order` WHERE  `mch_id` = 2  AND `order_status` NOT IN (5) LIMIT 1 [ RunTime:0.000000s ]
[ sql ] [ SQL ] SELECT COUNT(*) AS tp_count FROM `ims_ybsc_order` WHERE  `mch_id` = 2  AND `create_time` >  1538323200 LIMIT 1 [ RunTime:0.000000s ]
[ sql ] [ SQL ] SELECT COUNT(*) AS tp_count FROM `ims_ybsc_order` WHERE  `mch_id` = 2  AND `order_status` = 3 LIMIT 1 [ RunTime:0.000000s ]
[ sql ] [ SQL ] SELECT COUNT(*) AS tp_count FROM `ims_ybsc_order` WHERE  `order_status` = 0  AND `activity_order_type` = 0  AND `mch_id` = 2 LIMIT 1 [ RunTime:0.000000s ]
[ sql ] [ SQL ] SELECT COUNT(*) AS tp_count FROM `ims_ybsc_order` WHERE  `order_status` = 1  AND `activity_order_type` = 0  AND `mch_id` = 2 LIMIT 1 [ RunTime:0.000000s ]
[ sql ] [ SQL ] SELECT COUNT(*) AS tp_count FROM `ims_ybsc_order` WHERE  `order_status` = 2  AND `activity_order_type` = 0  AND `mch_id` = 2 LIMIT 1 [ RunTime:0.000976s ]
[ sql ] [ SQL ] SELECT COUNT(*) AS tp_count FROM `ims_ybsc_order` WHERE  `order_status` = 3  AND `activity_order_type` = 0  AND `mch_id` = 2 LIMIT 1 [ RunTime:0.000000s ]
[ sql ] [ SQL ] SELECT COUNT(*) AS tp_count FROM `ims_ybsc_order` WHERE  `order_status` = -1  AND `activity_order_type` = 0  AND `mch_id` = 2 LIMIT 1 [ RunTime:0.000000s ]
[ sql ] [ SQL ] SHOW COLUMNS FROM `ims_ybsc_goods` [ RunTime:0.026367s ]
[ sql ] [ SQL ] SELECT COUNT(*) AS tp_count FROM `ims_ybsc_goods` WHERE  `mch_id` = 2 LIMIT 1 [ RunTime:0.000976s ]
[ sql ] [ SQL ] SHOW COLUMNS FROM `ims_ybsc_user` [ RunTime:0.029297s ]
[ sql ] [ SQL ] SELECT COUNT(*) AS tp_count FROM `ims_ybsc_user` WHERE  `mch_id` = 2 LIMIT 1 [ RunTime:0.000977s ]
[ sql ] [ SQL ] SELECT * FROM `ims_ybsc_business` WHERE  `id` = 2 LIMIT 1 [ RunTime:0.000000s ]
---------------------------------------------------------------
[ 2018-10-25T14:05:46+08:00 ] 0.0.0.0 115.53.175.69 POST /addons/yb_shop/core/index.php?s=/admin/count/OrderCount
[ error ] [8]Undefined variable: seried[D:\Hostweb\wbwx.xcweibao.com\framework\function\global.func.php:243]
[ error ] [2]scandir() has been disabled for security reasons[D:\Hostweb\wbwx.xcweibao.com\addons\yb_shop\core\thinkphp\library\think\App.php:496]
[ error ] [2]Invalid argument supplied for foreach()[D:\Hostweb\wbwx.xcweibao.com\addons\yb_shop\core\thinkphp\library\think\App.php:497]
[ sql ] [ DB ] CONNECT:[ UseTime:0.001953s ] mysql:host=127.0.0.1;port=3306;dbname=wbwx;charset=utf8
[ sql ] [ SQL ] SHOW COLUMNS FROM `ims_ybsc_business` [ RunTime:0.032227s ]
[ sql ] [ SQL ] SELECT * FROM `ims_ybsc_business` WHERE  `id` = 2 LIMIT 1 [ RunTime:0.001953s ]
[ sql ] [ SQL ] SHOW COLUMNS FROM `ims_ybsc_config` [ RunTime:0.022461s ]
[ sql ] [ SQL ] SELECT * FROM `ims_ybsc_config` WHERE  `mch_id` = 2 LIMIT 1 [ RunTime:0.002930s ]
[ sql ] [ SQL ] UPDATE `ims_ybsc_config`  SET `id`=2,`key`='WXPAY',`value`='{\"APP_ID\":\"wx5df84644cdbd8835\",\"APP_NAME\":\"\\u5fae\\u5b9d\\u7f51\\u7edc\",\"APP_SECRET\":\"91ba2cc99fba1ec2da4ba987b76a442e\",\"APP_MCHID\":\"\",\"APP_URL\":\"https:\\/\\/wbwx.xcweibao.com\\/addons\\/yb_shop\\/core\\/pay.php\",\"APP_URL_BG\":\"https:\\/\\/wbwx.xcweibao.com\\/addons\\/yb_shop\\/core\\/bargain_pay.php\",\"APP_KEY\":\"\",\"APP_URL_PT\":\"https:\\/\\/wbwx.xcweibao.com\\/addons\\/yb_shop\\/core\\/pt_pay.php\",\"PAY_TYPE\":\"0\"}',`value2`='',`info`='微信支付',`is_use`=1,`mch_id`=2,`modify_time`=1539594585  WHERE  `mch_id` = 2 [ RunTime:0.000000s ]
[ sql ] [ SQL ] SHOW COLUMNS FROM `ims_ybsc_bus_module` [ RunTime:0.033203s ]
[ sql ] [ SQL ] SELECT COUNT(module_id) AS tp_count FROM `ims_ybsc_bus_module` WHERE  `controller` = 'Count'  AND `method` = 'ordercount' LIMIT 1 [ RunTime:0.000000s ]
[ sql ] [ SQL ] SELECT * FROM `ims_ybsc_bus_module` WHERE  `controller` = 'Count'  AND `method` = 'ordercount' LIMIT 1 [ RunTime:0.000000s ]
[ sql ] [ SQL ] SHOW COLUMNS FROM `ims_ybsc_business_about` [ RunTime:0.017578s ]
[ sql ] [ SQL ] SELECT * FROM `ims_ybsc_business_about` WHERE  `mch_id` = 2 LIMIT 1 [ RunTime:0.004883s ]
[ sql ] [ SQL ] SELECT COUNT(*) AS tp_count FROM `ims_ybsc_bus_module` WHERE  `module_id` = 151 LIMIT 1 [ RunTime:0.000976s ]
[ sql ] [ SQL ] SELECT `pid`,`level` FROM `ims_ybsc_bus_module` WHERE  `module_id` = 151  AND `pid` <> 0 LIMIT 1 [ RunTime:0.000000s ]
[ sql ] [ SQL ] SELECT `pid`,`module_id`,`level` FROM `ims_ybsc_bus_module` WHERE  `module_id` = 12  AND `pid` <> 0 LIMIT 1 [ RunTime:0.003906s ]
[ sql ] [ SQL ] SELECT `module_id`,`module_name`,`controller`,`method`,`pid`,`url`,`is_menu`,`is_control_auth`,`logo` FROM `ims_ybsc_bus_module` WHERE  `pid` = 0  AND `is_menu` = 1 ORDER BY `sort` [ RunTime:0.000000s ]
[ sql ] [ SQL ] SHOW COLUMNS FROM `ims_ybsc_user_permission` [ RunTime:0.030273s ]
[ sql ] [ SQL ] SELECT * FROM `ims_ybsc_user_permission` WHERE  `user_id` = 1 LIMIT 1 [ RunTime:0.001954s ]
[ sql ] [ SQL ] SELECT * FROM `ims_ybsc_bus_module` WHERE  `is_menu` = 1 ORDER BY sort asc,module_id asc [ RunTime:0.000976s ]
[ sql ] [ SQL ] SHOW COLUMNS FROM `ims_ybsc_copyright` [ RunTime:0.029297s ]
[ sql ] [ SQL ] SELECT * FROM `ims_ybsc_copyright` WHERE  `id` = 1 LIMIT 1 [ RunTime:0.000000s ]
[ sql ] [ SQL ] SELECT * FROM `ims_ybsc_copyright` WHERE  `id` = 1 LIMIT 1 [ RunTime:0.005860s ]
[ sql ] [ SQL ] SHOW COLUMNS FROM `ims_account` [ RunTime:0.033203s ]
[ sql ] [ SQL ] SELECT `endtime` FROM `ims_account` WHERE  `uniacid` = 2 LIMIT 1 [ RunTime:0.000000s ]
[ sql ] [ SQL ] SHOW COLUMNS FROM `ims_ybsc_order` [ RunTime:0.030273s ]
[ sql ] [ SQL ] SELECT COUNT(*) AS tp_count FROM `ims_ybsc_order` WHERE  `mch_id` = 2  AND `create_time` >  1538323200 LIMIT 1 [ RunTime:0.000000s ]
[ sql ] [ SQL ] SELECT SUM(order_money) AS tp_sum FROM `ims_ybsc_order` WHERE  `mch_id` = 2  AND `order_status` NOT IN (5)  AND `create_time` >  1538323200 LIMIT 1 [ RunTime:0.004883s ]
[ sql ] [ SQL ] SELECT COUNT(*) AS tp_count FROM `ims_ybsc_order` WHERE  `mch_id` = 2  AND `create_time` BETWEEN 1538323200 AND 1538409599 LIMIT 1 [ RunTime:0.000000s ]
[ sql ] [ SQL ] SELECT COUNT(*) AS tp_count FROM `ims_ybsc_order` WHERE  `mch_id` = 2  AND `create_time` BETWEEN 1538409600 AND 1538495999 LIMIT 1 [ RunTime:0.000976s ]
[ sql ] [ SQL ] SELECT COUNT(*) AS tp_count FROM `ims_ybsc_order` WHERE  `mch_id` = 2  AND `create_time` BETWEEN 1538496000 AND 1538582399 LIMIT 1 [ RunTime:0.000000s ]
[ sql ] [ SQL ] SELECT COUNT(*) AS tp_count FROM `ims_ybsc_order` WHERE  `mch_id` = 2  AND `create_time` BETWEEN 1538582400 AND 1538668799 LIMIT 1 [ RunTime:0.000000s ]
[ sql ] [ SQL ] SELECT COUNT(*) AS tp_count FROM `ims_ybsc_order` WHERE  `mch_id` = 2  AND `create_time` BETWEEN 1538668800 AND 1538755199 LIMIT 1 [ RunTime:0.000976s ]
[ sql ] [ SQL ] SELECT COUNT(*) AS tp_count FROM `ims_ybsc_order` WHERE  `mch_id` = 2  AND `create_time` BETWEEN 1538755200 AND 1538841599 LIMIT 1 [ RunTime:0.000977s ]
[ sql ] [ SQL ] SELECT COUNT(*) AS tp_count FROM `ims_ybsc_order` WHERE  `mch_id` = 2  AND `create_time` BETWEEN 1538841600 AND 1538927999 LIMIT 1 [ RunTime:0.000000s ]
[ sql ] [ SQL ] SELECT COUNT(*) AS tp_count FROM `ims_ybsc_order` WHERE  `mch_id` = 2  AND `create_time` BETWEEN 1538928000 AND 1539014399 LIMIT 1 [ RunTime:0.000000s ]
[ sql ] [ SQL ] SELECT COUNT(*) AS tp_count FROM `ims_ybsc_order` WHERE  `mch_id` = 2  AND `create_time` BETWEEN 1539014400 AND 1539100799 LIMIT 1 [ RunTime:0.000000s ]
[ sql ] [ SQL ] SELECT COUNT(*) AS tp_count FROM `ims_ybsc_order` WHERE  `mch_id` = 2  AND `create_time` BETWEEN 1539100800 AND 1539187199 LIMIT 1 [ RunTime:0.001953s ]
[ sql ] [ SQL ] SELECT COUNT(*) AS tp_count FROM `ims_ybsc_order` WHERE  `mch_id` = 2  AND `create_time` BETWEEN 1539187200 AND 1539273599 LIMIT 1 [ RunTime:0.000977s ]
[ sql ] [ SQL ] SELECT COUNT(*) AS tp_count FROM `ims_ybsc_order` WHERE  `mch_id` = 2  AND `create_time` BETWEEN 1539273600 AND 1539359999 LIMIT 1 [ RunTime:0.000000s ]
[ sql ] [ SQL ] SELECT COUNT(*) AS tp_count FROM `ims_ybsc_order` WHERE  `mch_id` = 2  AND `create_time` BETWEEN 1539360000 AND 1539446399 LIMIT 1 [ RunTime:0.000000s ]
[ sql ] [ SQL ] SELECT COUNT(*) AS tp_count FROM `ims_ybsc_order` WHERE  `mch_id` = 2  AND `create_time` BETWEEN 1539446400 AND 1539532799 LIMIT 1 [ RunTime:0.000977s ]
[ sql ] [ SQL ] SELECT COUNT(*) AS tp_count FROM `ims_ybsc_order` WHERE  `mch_id` = 2  AND `create_time` BETWEEN 1539532800 AND 1539619199 LIMIT 1 [ RunTime:0.000000s ]
[ sql ] [ SQL ] SELECT COUNT(*) AS tp_count FROM `ims_ybsc_order` WHERE  `mch_id` = 2  AND `create_time` BETWEEN 1539619200 AND 1539705599 LIMIT 1 [ RunTime:0.000000s ]
[ sql ] [ SQL ] SELECT COUNT(*) AS tp_count FROM `ims_ybsc_order` WHERE  `mch_id` = 2  AND `create_time` BETWEEN 1539705600 AND 1539791999 LIMIT 1 [ RunTime:0.000000s ]
[ sql ] [ SQL ] SELECT COUNT(*) AS tp_count FROM `ims_ybsc_order` WHERE  `mch_id` = 2  AND `create_time` BETWEEN 1539792000 AND 1539878399 LIMIT 1 [ RunTime:0.000977s ]
[ sql ] [ SQL ] SELECT COUNT(*) AS tp_count FROM `ims_ybsc_order` WHERE  `mch_id` = 2  AND `create_time` BETWEEN 1539878400 AND 1539964799 LIMIT 1 [ RunTime:0.000000s ]
[ sql ] [ SQL ] SELECT COUNT(*) AS tp_count FROM `ims_ybsc_order` WHERE  `mch_id` = 2  AND `create_time` BETWEEN 1539964800 AND 1540051199 LIMIT 1 [ RunTime:0.000000s ]
[ sql ] [ SQL ] SELECT COUNT(*) AS tp_count FROM `ims_ybsc_order` WHERE  `mch_id` = 2  AND `create_time` BETWEEN 1540051200 AND 1540137599 LIMIT 1 [ RunTime:0.000976s ]
[ sql ] [ SQL ] SELECT COUNT(*) AS tp_count FROM `ims_ybsc_order` WHERE  `mch_id` = 2  AND `create_time` BETWEEN 1540137600 AND 1540223999 LIMIT 1 [ RunTime:0.000000s ]
[ sql ] [ SQL ] SELECT COUNT(*) AS tp_count FROM `ims_ybsc_order` WHERE  `mch_id` = 2  AND `create_time` BETWEEN 1540224000 AND 1540310399 LIMIT 1 [ RunTime:0.000000s ]
[ sql ] [ SQL ] SELECT COUNT(*) AS tp_count FROM `ims_ybsc_order` WHERE  `mch_id` = 2  AND `create_time` BETWEEN 1540310400 AND 1540396799 LIMIT 1 [ RunTime:0.000000s ]
[ sql ] [ SQL ] SELECT COUNT(*) AS tp_count FROM `ims_ybsc_order` WHERE  `mch_id` = 2  AND `create_time` BETWEEN 1540396800 AND 1540483199 LIMIT 1 [ RunTime:0.000000s ]
[ sql ] [ SQL ] SELECT COUNT(*) AS tp_count FROM `ims_ybsc_order` WHERE  `mch_id` = 2  AND `create_time` BETWEEN 1540483200 AND 1540569599 LIMIT 1 [ RunTime:0.000977s ]
[ sql ] [ SQL ] SELECT COUNT(*) AS tp_count FROM `ims_ybsc_order` WHERE  `mch_id` = 2  AND `create_time` BETWEEN 1540569600 AND 1540655999 LIMIT 1 [ RunTime:0.000000s ]
[ sql ] [ SQL ] SELECT COUNT(*) AS tp_count FROM `ims_ybsc_order` WHERE  `mch_id` = 2  AND `create_time` BETWEEN 1540656000 AND 1540742399 LIMIT 1 [ RunTime:0.000000s ]
[ sql ] [ SQL ] SELECT COUNT(*) AS tp_count FROM `ims_ybsc_order` WHERE  `mch_id` = 2  AND `create_time` BETWEEN 1540742400 AND 1540828799 LIMIT 1 [ RunTime:0.000977s ]
[ sql ] [ SQL ] SELECT COUNT(*) AS tp_count FROM `ims_ybsc_order` WHERE  `mch_id` = 2  AND `create_time` BETWEEN 1540828800 AND 1540915199 LIMIT 1 [ RunTime:0.000000s ]
[ sql ] [ SQL ] SELECT COUNT(*) AS tp_count FROM `ims_ybsc_order` WHERE  `mch_id` = 2  AND `create_time` BETWEEN 1540915200 AND 1541001599 LIMIT 1 [ RunTime:0.000000s ]
